graphAggregateSorted.grf
graphAggregateUnsorted.grf
graphApproximativeJoin.grf
graphCheckForeignKey.grf
graphCloverData.grf
graphDataGeneratorExt.grf
graphDataPolicy.grf
graphDBFJoin.grf
graphDBFJoinTL.grf
graphDBFJoinTLNew.grf
graphDBFLoad.grf
graphDBFWrite.grf
graphDedup.grf
graphDenormalizeInline.grf
graphDenormalizeTL.grf
graphDictionaryJava.grf
graphDictionaryTL.grf
graphExtFilter.grf
graphExtFilter2.grf
graphGenerateData.grf
graphHTTPConnector.grf
graphIntersectData.grf
graphJavaExecute.grf
graphJoinData.grf
graphJoinHash.grf
graphJoinHashInline.grf
graphJoinHashUsingTransformLanguage.grf
graphJoinMergeInline.grf
graphLookupReader.grf
graphMergeData.grf
graphNormalizeInline.grf
graphNormalizeTL.grf
graphNormalizeTLNew.grf
graphOrdersReformat.grf
graphOrdersReformatExternTransform.grf
graphOrdersReformatInline.grf
graphOrdersTLNewReformat.grf
graphOrdersTLReformat.grf
graphOrdersTLReformatExtern.grf
graphParametrizedLookup.grf
graphPartition_KeyHashCode.grf
graphPartition_RoundRobin.grf
graphPartition_Transform.grf
graphPartition.grf
graphPhasesDemo.grf
graphRangeLookup.grf
graphRollupTL_AsAggregatorAndDedup.grf
graphRollupTL_AsDenormalizer.grf
graphRollupTL_AsNormalizer.grf
graphRunGraph.grf
graphSequence.grf
graphSequenceChecker.grf
graphSimpleCopy.grf
graphSimpleCopyEmbeddedMetadata.grf
graphSimpleCopyLocale.grf
graphSimpleLookup.grf
graphSortData.grf
graphSortUniversal.grf
graphSortWithinGroups.grf
graphSystemExecute.grf
graphSystemExecuteWin.grf
graphViewData.grf
graphXLSReadWrite.grf
graphXMLExtract.grf
graphXMLExtractXsd.grf
graphXmlWriter.grf
graphXPathReader.grf
10  87568711680Stanz     Darren    M.  1019 Kenwal Rd.               Lake OsOR    82017USA  64  847-555-5443212-555-8635Fri Aug 26 1949S$30K - $50K  M40Bachelors DegreTue May 04 1993Golden  Management          N4
11  87572824064Murraiin  Jonathan  V.  5423 Camby Rd.                La MesaCA    35890USA  11  612-555-4878747-555-6928Tue Jun 20 1967S$50K - $70K  M40High School DegThu Apr 23 1992Bronze  Manual              N2
12  87579238400Creek     Jewel     C.  1792 Belmont Rd.              Chula VCA    40520USA  13  555-555-2714228-555-5450Mon Oct 18 1971S$30K - $50K  F10High School DegSat Jul 06 1991Bronze  Skilled Manual      N3
1   87462027264Nowmer    Sheri     A.  2433 Bailey Road              TlaxiacOaxaca15057Mexic30  271-555-9715119-555-1969Sat Aug 26 1961M$30K - $50K  F42Partial High ScTue Sep 10 1991Bronze  Skilled Manual      Y4
2   87470587904Whelply   Derrick   I.  2219 Dewing Avenue            Sooke  BC    17172Canad101 211-555-7669807-555-9033Sat Jul 03 1915S$70K - $90K  M10Partial High ScThu Mar 11 1993Bronze  Professional        N3
3   8747577056Derry     Jeanne        7640 First Ave.               IssaquaWA    73980USA  21  656-555-2272221-555-2493Tue Jun 21 1910M$50K - $70K  F11Bachelors DegreTue Jun 11 1991Bronze  Professional        Y2 
4   87500480512Spence    Michael   J.  337 Tosca Way                 BurnabyBC    74674Canad92  929-555-7279272-555-2844Fri Jun 20 1969M$10K - $30K  M44Partial High ScSat May 21 1994Normal  Skilled Manual      N2
5   87514054656Gutierrez Maya          8668 Via Neruda               Novato CA    57355USA  42  387-555-7172260-555-6936Thu May 10 1951S$30K - $50K  F30Partial CollegeFri Aug 21 1992Silver  Manual              N3
6   87517782016Damstra   Robert    F.  1619 Stillman Court           LynnwooWA    90792USA  75  922-555-5465333-555-5915Thu Oct 08 1942S$70K - $90K  F30Bachelors DegreSun Apr 05 1992Bronze  Professional        Y3
7   87521173504Kanagaki  Rebecca       2860 D Mt. Hood Circle        TlaxiacOaxaca13343Mexic30  515-555-6247934-555-9211Sun Mar 27 1949M$30K - $50K  F21Partial High ScWed May 01 1991Bronze  Manual              Y3
8   87539744768Brunner   Kim       H.  6064 Brodia Court             San AndDF    12942Mexic106 411-555-6825130-555-6818Thu Aug 10 1922M$50K - $70K  M22Bachelors DegreThu Jun 11 1992Bronze  Professional        Y3
9   87544799232Blumberg  Brenda    C.  7560 Trees Drive              RichmonBC    17256Canad90  815-555-3975642-555-6483Sat Jun 23 1979M$10K - $30K  M53Partial High ScSun Nov 14 1993Normal  Skilled Manual      Y1
graphAggregateSorted.grf
graphAggregateUnsorted.grf
graphApproximativeJoin.grf
graphCheckForeignKey.grf
graphCloverData.grf
graphDataGeneratorExt.grf
graphDataPolicy.grf
graphDBFJoin.grf
graphDBFJoinTL.grf
graphDBFJoinTLNew.grf
graphDBFLoad.grf
graphDBFWrite.grf
graphDedup.grf
graphDenormalizeInline.grf
graphDenormalizeTL.grf
graphDictionaryJava.grf
graphDictionaryTL.grf
graphExtFilter.grf
graphExtFilter2.grf
graphGenerateData.grf
graphHTTPConnector.grf
graphIntersectData.grf
graphJavaExecute.grf
graphJoinData.grf
graphJoinHash.grf
graphJoinHashInline.grf
graphJoinHashUsingTransformLanguage.grf
graphJoinMergeInline.grf
graphLookupReader.grf
graphMergeData.grf
graphNormalizeInline.grf
graphNormalizeTL.grf
graphNormalizeTLNew.grf
graphOrdersReformat.grf
graphOrdersReformatExternTransform.grf
graphOrdersReformatInline.grf
graphOrdersTLNewReformat.grf
graphOrdersTLReformat.grf
graphOrdersTLReformatExtern.grf
graphParametrizedLookup.grf
graphPartition_KeyHashCode.grf
graphPartition_RoundRobin.grf
graphPartition_Transform.grf
graphPartition.grf
graphPhasesDemo.grf
graphRangeLookup.grf
graphRollupTL_AsAggregatorAndDedup.grf
graphRollupTL_AsDenormalizer.grf
graphRollupTL_AsNormalizer.grf
graphRunGraph.grf
graphSequence.grf
graphSequenceChecker.grf
graphSimpleCopy.grf
graphSimpleCopyEmbeddedMetadata.grf
graphSimpleCopyLocale.grf
graphSimpleLookup.grf
graphSortData.grf
graphSortUniversal.grf
graphSortWithinGroups.grf
graphSystemExecute.grf
graphSystemExecuteWin.grf
graphViewData.grf
graphXLSReadWrite.grf
graphXMLExtract.grf
graphXMLExtractXsd.grf
graphXmlWriter.grf
graphXPathReader.grf
