
c:\hudson\workspace\cloveretl.engine-tests-after-commit-windows-java-1.6-Sun-trunk\cloveretl.examples\SimpleExamples>echo Listing .\graph 
Listing .\graph

c:\hudson\workspace\cloveretl.engine-tests-after-commit-windows-java-1.6-Sun-trunk\cloveretl.examples\SimpleExamples>dir /b .\graph 
graphAggregateSorted.grf
graphAggregateUnsorted.grf
graphApproximativeJoin.grf
graphCheckForeignKey.grf
graphCloverData.grf
graphDataGeneratorExt.grf
graphDataPolicy.grf
graphDBFJoin.grf
graphDBFJoinTL.grf
graphDBFJoinTLNew.grf
graphDBFLoad.grf
graphDedup.grf
graphDenormalizeInline.grf
graphDenormalizeTL.grf
graphDictionaryJava.grf
graphDictionaryTL.grf
graphExtFilter.grf
graphExtFilter2.grf
graphGenerateData.grf
graphHTTPConnector.grf
graphIntersectData.grf
graphJavaExecute.grf
graphJoinData.grf
graphJoinHash.grf
graphJoinHashInline.grf
graphJoinHashUsingTransformLanguage.grf
graphJoinMergeInline.grf
graphLookupReader.grf
graphMergeData.grf
graphNormalizeInline.grf
graphNormalizeTL.grf
graphNormalizeTLNew.grf
graphOrdersReformat.grf
graphOrdersReformatExternTransform.grf
graphOrdersReformatInline.grf
graphOrdersTLNewReformat.grf
graphOrdersTLReformat.grf
graphOrdersTLReformatExtern.grf
graphParametrizedLookup.grf
graphPartition.grf
graphPartition_KeyHashCode.grf
graphPartition_RoundRobin.grf
graphPartition_Transform.grf
graphPhasesDemo.grf
graphRangeLookup.grf
graphRollupTL_AsAggregatorAndDedup.grf
graphRollupTL_AsDenormalizer.grf
graphRollupTL_AsNormalizer.grf
graphRunGraph.grf
graphSequence.grf
graphSequenceChecker.grf
graphSimpleCopy.grf
graphSimpleCopyEmbeddedMetadata.grf
graphSimpleCopyLocale.grf
graphSimpleLookup.grf
graphSortData.grf
graphSortUniversal.grf
graphSortWithinGroups.grf
graphSystemExecute.grf
graphSystemExecuteWin.grf
graphViewData.grf
graphXLSReadWrite.grf
graphXMLExtract.grf
graphXMLExtractXsd.grf
graphXmlWriter.grf
graphXPathReader.grf
