10249|TOMSP|6|6|"Suyama"
10250|HANAR|4|4|"Peacock"
10251|VICTE|3|3|"Leverling"
10252|SUPRD|4|4|"Peacock"
10253|HANAR|3|3|"Leverling"
10255|RICSU|9|9|"Dodsworth"
10256|WELLI|3|3|"Leverling"
10257|HILAA|4|4|"Peacock"
10258|ERNSH|1|1|"Davolio"
10259|CENTC|4|4|"Peacock"
10260|OTTIK|4|4|"Peacock"
10261|QUEDE|4|4|"Peacock"
10262|RATTC|8|8|"Callahan"
10263|ERNSH|9|9|"Dodsworth"
10264|FOLKO|6|6|"Suyama"
10265|BLONP|2|2|"Davolio"
10266|WARTH|3|3|"Leverling"
10267|FRANK|4|4|"Peacock"
10268|GROSR|8|8|"Callahan"
10270|WARTH|1|1|"Davolio"
10271|SPLIR|6|6|"Suyama"
10272|RATTC|6|6|"Suyama"
10273|QUICK|3|3|"Leverling"
10274|VINET|6|6|"Suyama"
10275|MAGAA|1|1|"Davolio"
10276|TORTU|8|8|"Callahan"
10277|MORGK|2|2|"Davolio"
10278|BERGS|8|8|"Callahan"
10279|LEHMS|8|8|"Callahan"
10280|BERGS|2|2|"Davolio"
10281|ROMEY|4|4|"Peacock"
10282|ROMEY|4|4|"Peacock"
10283|LILAS|3|3|"Leverling"
10284|LEHMS|4|4|"Peacock"
10285|QUICK|1|1|"Davolio"
10286|QUICK|8|8|"Callahan"
10287|RICAR|8|8|"Callahan"
10288|REGGC|4|4|"Peacock"
10289|BSBEV|7|7|"King"
10290|COMMI|8|8|"Callahan"
10291|QUEDE|6|6|"Suyama"
10292|TRADH|1|1|"Davolio"
10293|TORTU|1|1|"Davolio"
10294|RATTC|4|4|"Peacock"
10295|VINET|2|2|"Davolio"
10295|VINET|2|2|"Davolio"
