10248|VINET|5|*MISSING*|*MISSING*|*MISSING*
10249|TOMSP|6|*MISSING*|"Suyama", "Michael"|*MISSING*
10250|HANAR|4|*MISSING*|"Peacock", "Margaret"|*MISSING*
10251|VICTE|3|*MISSING*|"Leverling", "Janet"|*MISSING*
10252|SUPRD|4|*MISSING*|"Peacock", "Margaret"|*MISSING*
10253|HANAR|3|*MISSING*|"Leverling", "Janet"|*MISSING*
10254|CHOPS|5|*MISSING*|*MISSING*|*MISSING*
10255|RICSU|9|*MISSING*|"Dodsworth", "Anne"|*MISSING*
10256|WELLI|3|*MISSING*|"Leverling", "Janet"|*MISSING*
10257|HILAA|4|*MISSING*|"Peacock", "Margaret"|*MISSING*
10258|ERNSH|1|*MISSING*|"Davolio", "Nancy"|*MISSING*
10259|CENTC|4|*MISSING*|"Peacock", "Margaret"|*MISSING*
10260|OTTIK|4|*MISSING*|"Peacock", "Margaret"|*MISSING*
10261|QUEDE|4|*MISSING*|"Peacock", "Margaret"|*MISSING*
10262|RATTC|8|*MISSING*|"Callahan", "Laura"|*MISSING*
10263|ERNSH|9|*MISSING*|"Dodsworth", "Anne"|*MISSING*
10264|FOLKO|6|*MISSING*|"Suyama", "Michael"|*MISSING*
10265|BLONP|2|*MISSING*|"Davolio", "Nancy"|*MISSING*
10266|WARTH|3|*MISSING*|"Leverling", "Janet"|*MISSING*
10267|FRANK|4|*MISSING*|"Peacock", "Margaret"|*MISSING*
10268|GROSR|8|*MISSING*|"Callahan", "Laura"|*MISSING*
10269|WHITC|5|*MISSING*|*MISSING*|*MISSING*
10270|WARTH|1|*MISSING*|"Davolio", "Nancy"|*MISSING*
10271|SPLIR|6|*MISSING*|"Suyama", "Michael"|*MISSING*
10272|RATTC|6|*MISSING*|"Suyama", "Michael"|*MISSING*
10273|QUICK|3|*MISSING*|"Leverling", "Janet"|*MISSING*
10274|VINET|6|*MISSING*|"Suyama", "Michael"|*MISSING*
10275|MAGAA|1|*MISSING*|"Davolio", "Nancy"|*MISSING*
10276|TORTU|8|*MISSING*|"Callahan", "Laura"|*MISSING*
10277|MORGK|2|*MISSING*|"Davolio", "Nancy"|*MISSING*
10278|BERGS|8|*MISSING*|"Callahan", "Laura"|*MISSING*
10279|LEHMS|8|*MISSING*|"Callahan", "Laura"|*MISSING*
10280|BERGS|2|*MISSING*|"Davolio", "Nancy"|*MISSING*
10281|ROMEY|4|*MISSING*|"Peacock", "Margaret"|*MISSING*
10282|ROMEY|4|*MISSING*|"Peacock", "Margaret"|*MISSING*
10283|LILAS|3|*MISSING*|"Leverling", "Janet"|*MISSING*
10284|LEHMS|4|*MISSING*|"Peacock", "Margaret"|*MISSING*
10285|QUICK|1|*MISSING*|"Davolio", "Nancy"|*MISSING*
10286|QUICK|8|*MISSING*|"Callahan", "Laura"|*MISSING*
10287|RICAR|8|*MISSING*|"Callahan", "Laura"|*MISSING*
10288|REGGC|4|*MISSING*|"Peacock", "Margaret"|*MISSING*
10289|BSBEV|7|*MISSING*|"King", "Robert"|*MISSING*
10290|COMMI|8|*MISSING*|"Callahan", "Laura"|*MISSING*
10291|QUEDE|6|*MISSING*|"Suyama", "Michael"|*MISSING*
10292|TRADH|1|*MISSING*|"Davolio", "Nancy"|*MISSING*
10293|TORTU|1|*MISSING*|"Davolio", "Nancy"|*MISSING*
10294|RATTC|4|*MISSING*|"Peacock", "Margaret"|*MISSING*
10295|VINET|2|*MISSING*|"Davolio", "Nancy"|*MISSING*
10295|VINET|2|*MISSING*|"Davolio", "Nancy"|*MISSING*
