10248.0;VINET;Vins et alcools Chevalier;59 rue de l'Abbaye;Reims;France;0.0;;;;;16
10249.0;TOMSP;Toms Spezialitäten;Luisenstr. 48;Münster;Germany;1.0;;;;;37
10250.0;HANAR;Hanari Carnes;Rua do Paço, 67;Rio de Janeiro;Brazil;2.0;;;;;24
10251.0;VICTE;Victuailles en stock;2, rue du Commerce;Lyon;France;3.0;;;;;21
10252.0;SUPRD;Suprêmes délices;Boulevard Tirou, 255;Charleroi;Belgium;4.0;;;;;26
10253.0;HANAR;Hanari Carnes;Rua do Paço, 67;Rio de Janeiro;Brazil;5.0;;;;;8
10254.0;CHOPS;Chop-suey Chinese;Hauptstr. 31;Bern;Switzerland;6.0;;;;;16
10255.0;RICSU;Richter Supermarkt;Starenweg 5;Genève;Switzerland;7.0;;;;;25
10256.0;WELLI;Wellington Importadora;Rua do Mercado, 12;Resende;Brazil;8.0;;;;;26
10257.0;HILAA;HILARIÓN-Abastos;Carrera 22 con Ave. Carlos Soublette #8-35;San Cristóbal;Venezuela;9.0;;;;;22
10258.0;ERNSH;Ernst Handel;Kirchgasse 6;Graz;Austria;10.0;;;;;22
10259.0;CENTC;Centro comercial Moctezuma;Sierras de Granada 9993;México D.F.;Mexico;11.0;;;;;21
10260.0;OTTIK;Ottilies Käseladen;Mehrheimerstr. 369;Köln;Germany;12.0;;;;;18
10261.0;QUEDE;Que Delícia;Rua da Panificadora, 12;Rio de Janeiro;Brazil;13.0;;;;;17
10262.0;RATTC;Rattlesnake Canyon Grocery;2817 Milton Dr.;Albuquerque;USA;14.0;;;;;25
10263.0;ERNSH;Ernst Handel;Kirchgasse 6;Graz;Austria;15.0;;;;;20
10264.0;FOLKO;Folk och fä HB;Åkergatan 24;Bräcke;Sweden;16.0;;;;;-2
10265.0;BLONP;Blondel père et fils;24, place Kléber;Strasbourg;France;17.0;;;;;10
10266.0;WARTH;Wartian Herkku;Torikatu 38;Oulu;Finland;18.0;;;;;37
10267.0;FRANK;Frankenversand;Berliner Platz 43;München;Germany;19.0;;;;;20
10268.0;GROSR;GROSELLA-Restaurante;5ª Ave. Los Palos Grandes;Caracas;Venezuela;20.0;;;;;25
10269.0;WHITC;White Clover Markets;1029 - 12th Ave. S.;Seattle;USA;21.0;;;;;5
10270.0;WARTH;Wartian Herkku;Torikatu 38;Oulu;Finland;22.0;;;;;27
10271.0;SPLIR;Split Rail Beer & Ale;P.O. Box 555;Lander;USA;23.0;;;;;-1
10272.0;RATTC;Rattlesnake Canyon Grocery;2817 Milton Dr.;Albuquerque;USA;24.0;;;;;24
10273.0;QUICK;QUICK-Stop;Taucherstraße 10;Cunewalde;Germany;25.0;;;;;21
10274.0;VINET;Vins et alcools Chevalier;59 rue de l'Abbaye;Reims;France;26.0;;;;;18
10275.0;MAGAA;Magazzini Alimentari Riuniti;Via Ludovico il Moro 22;Bergamo;Italy;27.0;;;;;26
10276.0;TORTU;Tortuga Restaurante;Avda. Azteca 123;México D.F.;Mexico;28.0;;;;;8
10277.0;MORGK;Morgenstern Gesundkost;Heerstr. 22;Leipzig;Germany;29.0;;;;;24
10278.0;BERGS;Berglunds snabbköp;Berguvsvägen  8;Luleå;Sweden;30.0;;;;;24
10279.0;LEHMS;Lehmanns Marktstand;Magazinweg 7;Frankfurt a.M. ;Germany;31.0;;;;;25
10280.0;BERGS;Berglunds snabbköp;Berguvsvägen  8;Luleå;Sweden;32.0;;;;;-1
10281.0;ROMEY;Romero y tomillo;Gran Vía, 1;Madrid;Spain;33.0;;;;;7
10282.0;ROMEY;Romero y tomillo;Gran Vía, 1;Madrid;Spain;34.0;;;;;22
10283.0;LILAS;LILA-Supermercado;Carrera 52 con Ave. Bolívar #65-98 Llano Largo;Barquisimeto;Venezuela;35.0;;;;;21
10284.0;LEHMS;Lehmanns Marktstand;Magazinweg 7;Frankfurt a.M. ;Germany;36.0;;;;;20
10285.0;QUICK;QUICK-Stop;Taucherstraße 10;Cunewalde;Germany;37.0;;;;;22
10286.0;QUICK;QUICK-Stop;Taucherstraße 10;Cunewalde;Germany;38.0;;;;;19
10287.0;RICAR;Ricardo Adocicados;Av. Copacabana, 267;Rio de Janeiro;Brazil;39.0;;;;;22
10288.0;REGGC;Reggiani Caseifici;Strada Provinciale 124;Reggio Emilia;Italy;40.0;;;;;17
10289.0;BSBEV;B's Beverages;Fauntleroy Circus;London;UK;41.0;;;;;26
10290.0;COMMI;Comércio Mineiro;Av. dos Lusíadas, 23;São Paulo;Brazil;42.0;;;;;21
10291.0;QUEDE;Que Delícia;Rua da Panificadora, 12;Rio de Janeiro;Brazil;43.0;;;;;20
10292.0;TRADH;Tradição Hipermercados;Av. Inês de Castro, 414;São Paulo;Brazil;44.0;;;;;23
10293.0;TORTU;Tortuga Restaurante;Avda. Azteca 123;México D.F.;Mexico;45.0;;;;;15
10294.0;RATTC;Rattlesnake Canyon Grocery;2817 Milton Dr.;Albuquerque;USA;46.0;;;;;22
10295.0;VINET;Vins et alcools Chevalier;59 rue de l'Abbaye;Reims;France;47.0;;;;;20
10295.0;VINET;Vins et alcools Chevalier;59 rue de l'Abbaye;Reims;France;48.0;;;;;20
