10265|BLONP|2|*MISSING*|"Davolio", "Nancy"|"Davolio", "Nancy"
10265|BLONP|2|*MISSING*|"Davolio", "Nancy"|"Leverling", "Janet"
10265|BLONP|2|*MISSING*|"Davolio", "Nancy"|"Leverling2", "Janet"
10265|BLONP|2|*MISSING*|"Davolio", "Nancy"|"Peacock", "Margaret"
10265|BLONP|2|*MISSING*|"Davolio", "Nancy"|"Buchanan", "Steven"
10265|BLONP|2|*MISSING*|"Davolio", "Nancy"|"Callahan", "Laura"
10265|BLONP|2|*MISSING*|"Davolio", "Nancy"|"Davolio", "Nancy"
10265|BLONP|2|*MISSING*|"Davolio", "Nancy"|"Leverling", "Janet"
10265|BLONP|2|*MISSING*|"Davolio", "Nancy"|"Leverling2", "Janet"
10265|BLONP|2|*MISSING*|"Davolio", "Nancy"|"Leverling2", "Janet"
10265|BLONP|2|*MISSING*|"Davolio", "Nancy"|"Davolio", "Nancy"
10277|MORGK|2|*MISSING*|"Davolio", "Nancy"|"Davolio", "Nancy"
10277|MORGK|2|*MISSING*|"Davolio", "Nancy"|"Leverling", "Janet"
10277|MORGK|2|*MISSING*|"Davolio", "Nancy"|"Leverling2", "Janet"
10277|MORGK|2|*MISSING*|"Davolio", "Nancy"|"Peacock", "Margaret"
10277|MORGK|2|*MISSING*|"Davolio", "Nancy"|"Buchanan", "Steven"
10277|MORGK|2|*MISSING*|"Davolio", "Nancy"|"Callahan", "Laura"
10277|MORGK|2|*MISSING*|"Davolio", "Nancy"|"Davolio", "Nancy"
10277|MORGK|2|*MISSING*|"Davolio", "Nancy"|"Leverling", "Janet"
10277|MORGK|2|*MISSING*|"Davolio", "Nancy"|"Leverling2", "Janet"
10277|MORGK|2|*MISSING*|"Davolio", "Nancy"|"Leverling2", "Janet"
10277|MORGK|2|*MISSING*|"Davolio", "Nancy"|"Davolio", "Nancy"
10280|BERGS|2|*MISSING*|"Davolio", "Nancy"|"Davolio", "Nancy"
10280|BERGS|2|*MISSING*|"Davolio", "Nancy"|"Leverling", "Janet"
10280|BERGS|2|*MISSING*|"Davolio", "Nancy"|"Leverling2", "Janet"
10280|BERGS|2|*MISSING*|"Davolio", "Nancy"|"Peacock", "Margaret"
10280|BERGS|2|*MISSING*|"Davolio", "Nancy"|"Buchanan", "Steven"
10280|BERGS|2|*MISSING*|"Davolio", "Nancy"|"Callahan", "Laura"
10280|BERGS|2|*MISSING*|"Davolio", "Nancy"|"Davolio", "Nancy"
10280|BERGS|2|*MISSING*|"Davolio", "Nancy"|"Leverling", "Janet"
10280|BERGS|2|*MISSING*|"Davolio", "Nancy"|"Leverling2", "Janet"
10280|BERGS|2|*MISSING*|"Davolio", "Nancy"|"Leverling2", "Janet"
10280|BERGS|2|*MISSING*|"Davolio", "Nancy"|"Davolio", "Nancy"
10295|VINET|2|*MISSING*|"Davolio", "Nancy"|"Davolio", "Nancy"
10295|VINET|2|*MISSING*|"Davolio", "Nancy"|"Leverling", "Janet"
10295|VINET|2|*MISSING*|"Davolio", "Nancy"|"Leverling2", "Janet"
10295|VINET|2|*MISSING*|"Davolio", "Nancy"|"Peacock", "Margaret"
10295|VINET|2|*MISSING*|"Davolio", "Nancy"|"Buchanan", "Steven"
10295|VINET|2|*MISSING*|"Davolio", "Nancy"|"Callahan", "Laura"
10295|VINET|2|*MISSING*|"Davolio", "Nancy"|"Davolio", "Nancy"
10295|VINET|2|*MISSING*|"Davolio", "Nancy"|"Leverling", "Janet"
10295|VINET|2|*MISSING*|"Davolio", "Nancy"|"Leverling2", "Janet"
10295|VINET|2|*MISSING*|"Davolio", "Nancy"|"Leverling2", "Janet"
10295|VINET|2|*MISSING*|"Davolio", "Nancy"|"Davolio", "Nancy"
10300|MAGAA|2|*MISSING*|"Davolio", "Nancy"|"Davolio", "Nancy"
10300|MAGAA|2|*MISSING*|"Davolio", "Nancy"|"Leverling", "Janet"
10300|MAGAA|2|*MISSING*|"Davolio", "Nancy"|"Leverling2", "Janet"
10300|MAGAA|2|*MISSING*|"Davolio", "Nancy"|"Peacock", "Margaret"
10300|MAGAA|2|*MISSING*|"Davolio", "Nancy"|"Buchanan", "Steven"
10300|MAGAA|2|*MISSING*|"Davolio", "Nancy"|"Callahan", "Laura"
10300|MAGAA|2|*MISSING*|"Davolio", "Nancy"|"Davolio", "Nancy"
10300|MAGAA|2|*MISSING*|"Davolio", "Nancy"|"Leverling", "Janet"
10300|MAGAA|2|*MISSING*|"Davolio", "Nancy"|"Leverling2", "Janet"
10300|MAGAA|2|*MISSING*|"Davolio", "Nancy"|"Leverling2", "Janet"
10300|MAGAA|2|*MISSING*|"Davolio", "Nancy"|"Davolio", "Nancy"
10307|LONEP|2|*MISSING*|"Davolio", "Nancy"|"Davolio", "Nancy"
10307|LONEP|2|*MISSING*|"Davolio", "Nancy"|"Leverling", "Janet"
10307|LONEP|2|*MISSING*|"Davolio", "Nancy"|"Leverling2", "Janet"
10307|LONEP|2|*MISSING*|"Davolio", "Nancy"|"Peacock", "Margaret"
10307|LONEP|2|*MISSING*|"Davolio", "Nancy"|"Buchanan", "Steven"
10307|LONEP|2|*MISSING*|"Davolio", "Nancy"|"Callahan", "Laura"
10307|LONEP|2|*MISSING*|"Davolio", "Nancy"|"Davolio", "Nancy"
10307|LONEP|2|*MISSING*|"Davolio", "Nancy"|"Leverling", "Janet"
10307|LONEP|2|*MISSING*|"Davolio", "Nancy"|"Leverling2", "Janet"
10307|LONEP|2|*MISSING*|"Davolio", "Nancy"|"Leverling2", "Janet"
10307|LONEP|2|*MISSING*|"Davolio", "Nancy"|"Davolio", "Nancy"
10312|WANDK|2|*MISSING*|"Davolio", "Nancy"|"Davolio", "Nancy"
10312|WANDK|2|*MISSING*|"Davolio", "Nancy"|"Leverling", "Janet"
10312|WANDK|2|*MISSING*|"Davolio", "Nancy"|"Leverling2", "Janet"
10312|WANDK|2|*MISSING*|"Davolio", "Nancy"|"Peacock", "Margaret"
10312|WANDK|2|*MISSING*|"Davolio", "Nancy"|"Buchanan", "Steven"
10312|WANDK|2|*MISSING*|"Davolio", "Nancy"|"Callahan", "Laura"
10312|WANDK|2|*MISSING*|"Davolio", "Nancy"|"Davolio", "Nancy"
10312|WANDK|2|*MISSING*|"Davolio", "Nancy"|"Leverling", "Janet"
10312|WANDK|2|*MISSING*|"Davolio", "Nancy"|"Leverling2", "Janet"
10312|WANDK|2|*MISSING*|"Davolio", "Nancy"|"Leverling2", "Janet"
10312|WANDK|2|*MISSING*|"Davolio", "Nancy"|"Davolio", "Nancy"
10313|QUICK|2|*MISSING*|"Davolio", "Nancy"|"Davolio", "Nancy"
10313|QUICK|2|*MISSING*|"Davolio", "Nancy"|"Leverling", "Janet"
10313|QUICK|2|*MISSING*|"Davolio", "Nancy"|"Leverling2", "Janet"
10313|QUICK|2|*MISSING*|"Davolio", "Nancy"|"Peacock", "Margaret"
10313|QUICK|2|*MISSING*|"Davolio", "Nancy"|"Buchanan", "Steven"
10313|QUICK|2|*MISSING*|"Davolio", "Nancy"|"Callahan", "Laura"
10313|QUICK|2|*MISSING*|"Davolio", "Nancy"|"Davolio", "Nancy"
10313|QUICK|2|*MISSING*|"Davolio", "Nancy"|"Leverling", "Janet"
10313|QUICK|2|*MISSING*|"Davolio", "Nancy"|"Leverling2", "Janet"
10313|QUICK|2|*MISSING*|"Davolio", "Nancy"|"Leverling2", "Janet"
10313|QUICK|2|*MISSING*|"Davolio", "Nancy"|"Davolio", "Nancy"
10327|FOLKO|2|*MISSING*|"Davolio", "Nancy"|"Davolio", "Nancy"
10327|FOLKO|2|*MISSING*|"Davolio", "Nancy"|"Leverling", "Janet"
10327|FOLKO|2|*MISSING*|"Davolio", "Nancy"|"Leverling2", "Janet"
10327|FOLKO|2|*MISSING*|"Davolio", "Nancy"|"Peacock", "Margaret"
10327|FOLKO|2|*MISSING*|"Davolio", "Nancy"|"Buchanan", "Steven"
10327|FOLKO|2|*MISSING*|"Davolio", "Nancy"|"Callahan", "Laura"
10327|FOLKO|2|*MISSING*|"Davolio", "Nancy"|"Davolio", "Nancy"
10327|FOLKO|2|*MISSING*|"Davolio", "Nancy"|"Leverling", "Janet"
10327|FOLKO|2|*MISSING*|"Davolio", "Nancy"|"Leverling2", "Janet"
10327|FOLKO|2|*MISSING*|"Davolio", "Nancy"|"Leverling2", "Janet"
10327|FOLKO|2|*MISSING*|"Davolio", "Nancy"|"Davolio", "Nancy"
10339|MEREP|2|*MISSING*|"Davolio", "Nancy"|"Davolio", "Nancy"
10339|MEREP|2|*MISSING*|"Davolio", "Nancy"|"Leverling", "Janet"
10339|MEREP|2|*MISSING*|"Davolio", "Nancy"|"Leverling2", "Janet"
10339|MEREP|2|*MISSING*|"Davolio", "Nancy"|"Peacock", "Margaret"
10339|MEREP|2|*MISSING*|"Davolio", "Nancy"|"Buchanan", "Steven"
10339|MEREP|2|*MISSING*|"Davolio", "Nancy"|"Callahan", "Laura"
10339|MEREP|2|*MISSING*|"Davolio", "Nancy"|"Davolio", "Nancy"
10339|MEREP|2|*MISSING*|"Davolio", "Nancy"|"Leverling", "Janet"
10339|MEREP|2|*MISSING*|"Davolio", "Nancy"|"Leverling2", "Janet"
10339|MEREP|2|*MISSING*|"Davolio", "Nancy"|"Leverling2", "Janet"
10339|MEREP|2|*MISSING*|"Davolio", "Nancy"|"Davolio", "Nancy"
10345|QUICK|2|*MISSING*|"Davolio", "Nancy"|"Davolio", "Nancy"
10345|QUICK|2|*MISSING*|"Davolio", "Nancy"|"Leverling", "Janet"
10345|QUICK|2|*MISSING*|"Davolio", "Nancy"|"Leverling2", "Janet"
10345|QUICK|2|*MISSING*|"Davolio", "Nancy"|"Peacock", "Margaret"
10345|QUICK|2|*MISSING*|"Davolio", "Nancy"|"Buchanan", "Steven"
10345|QUICK|2|*MISSING*|"Davolio", "Nancy"|"Callahan", "Laura"
10345|QUICK|2|*MISSING*|"Davolio", "Nancy"|"Davolio", "Nancy"
10345|QUICK|2|*MISSING*|"Davolio", "Nancy"|"Leverling", "Janet"
10345|QUICK|2|*MISSING*|"Davolio", "Nancy"|"Leverling2", "Janet"
10345|QUICK|2|*MISSING*|"Davolio", "Nancy"|"Leverling2", "Janet"
10345|QUICK|2|*MISSING*|"Davolio", "Nancy"|"Davolio", "Nancy"
10368|ERNSH|2|*MISSING*|"Davolio", "Nancy"|"Davolio", "Nancy"
10368|ERNSH|2|*MISSING*|"Davolio", "Nancy"|"Leverling", "Janet"
10368|ERNSH|2|*MISSING*|"Davolio", "Nancy"|"Leverling2", "Janet"
10368|ERNSH|2|*MISSING*|"Davolio", "Nancy"|"Peacock", "Margaret"
10368|ERNSH|2|*MISSING*|"Davolio", "Nancy"|"Buchanan", "Steven"
10368|ERNSH|2|*MISSING*|"Davolio", "Nancy"|"Callahan", "Laura"
10368|ERNSH|2|*MISSING*|"Davolio", "Nancy"|"Davolio", "Nancy"
10368|ERNSH|2|*MISSING*|"Davolio", "Nancy"|"Leverling", "Janet"
10368|ERNSH|2|*MISSING*|"Davolio", "Nancy"|"Leverling2", "Janet"
10368|ERNSH|2|*MISSING*|"Davolio", "Nancy"|"Leverling2", "Janet"
10368|ERNSH|2|*MISSING*|"Davolio", "Nancy"|"Davolio", "Nancy"
10379|QUEDE|2|*MISSING*|"Davolio", "Nancy"|"Davolio", "Nancy"
10379|QUEDE|2|*MISSING*|"Davolio", "Nancy"|"Leverling", "Janet"
10379|QUEDE|2|*MISSING*|"Davolio", "Nancy"|"Leverling2", "Janet"
10379|QUEDE|2|*MISSING*|"Davolio", "Nancy"|"Peacock", "Margaret"
10379|QUEDE|2|*MISSING*|"Davolio", "Nancy"|"Buchanan", "Steven"
10379|QUEDE|2|*MISSING*|"Davolio", "Nancy"|"Callahan", "Laura"
10379|QUEDE|2|*MISSING*|"Davolio", "Nancy"|"Davolio", "Nancy"
10379|QUEDE|2|*MISSING*|"Davolio", "Nancy"|"Leverling", "Janet"
10379|QUEDE|2|*MISSING*|"Davolio", "Nancy"|"Leverling2", "Janet"
10379|QUEDE|2|*MISSING*|"Davolio", "Nancy"|"Leverling2", "Janet"
10379|QUEDE|2|*MISSING*|"Davolio", "Nancy"|"Davolio", "Nancy"
10388|SEVES|2|*MISSING*|"Davolio", "Nancy"|"Davolio", "Nancy"
10388|SEVES|2|*MISSING*|"Davolio", "Nancy"|"Leverling", "Janet"
10388|SEVES|2|*MISSING*|"Davolio", "Nancy"|"Leverling2", "Janet"
10388|SEVES|2|*MISSING*|"Davolio", "Nancy"|"Peacock", "Margaret"
10388|SEVES|2|*MISSING*|"Davolio", "Nancy"|"Buchanan", "Steven"
10388|SEVES|2|*MISSING*|"Davolio", "Nancy"|"Callahan", "Laura"
10388|SEVES|2|*MISSING*|"Davolio", "Nancy"|"Davolio", "Nancy"
10388|SEVES|2|*MISSING*|"Davolio", "Nancy"|"Leverling", "Janet"
10388|SEVES|2|*MISSING*|"Davolio", "Nancy"|"Leverling2", "Janet"
10388|SEVES|2|*MISSING*|"Davolio", "Nancy"|"Leverling2", "Janet"
10388|SEVES|2|*MISSING*|"Davolio", "Nancy"|"Davolio", "Nancy"
10392|PICCO|2|*MISSING*|"Davolio", "Nancy"|"Davolio", "Nancy"
10392|PICCO|2|*MISSING*|"Davolio", "Nancy"|"Leverling", "Janet"
10392|PICCO|2|*MISSING*|"Davolio", "Nancy"|"Leverling2", "Janet"
10392|PICCO|2|*MISSING*|"Davolio", "Nancy"|"Peacock", "Margaret"
10392|PICCO|2|*MISSING*|"Davolio", "Nancy"|"Buchanan", "Steven"
10392|PICCO|2|*MISSING*|"Davolio", "Nancy"|"Callahan", "Laura"
10392|PICCO|2|*MISSING*|"Davolio", "Nancy"|"Davolio", "Nancy"
10392|PICCO|2|*MISSING*|"Davolio", "Nancy"|"Leverling", "Janet"
10392|PICCO|2|*MISSING*|"Davolio", "Nancy"|"Leverling2", "Janet"
10392|PICCO|2|*MISSING*|"Davolio", "Nancy"|"Leverling2", "Janet"
10392|PICCO|2|*MISSING*|"Davolio", "Nancy"|"Davolio", "Nancy"
10398|SAVEA|2|*MISSING*|"Davolio", "Nancy"|"Davolio", "Nancy"
10398|SAVEA|2|*MISSING*|"Davolio", "Nancy"|"Leverling", "Janet"
10398|SAVEA|2|*MISSING*|"Davolio", "Nancy"|"Leverling2", "Janet"
10398|SAVEA|2|*MISSING*|"Davolio", "Nancy"|"Peacock", "Margaret"
10398|SAVEA|2|*MISSING*|"Davolio", "Nancy"|"Buchanan", "Steven"
10398|SAVEA|2|*MISSING*|"Davolio", "Nancy"|"Callahan", "Laura"
10398|SAVEA|2|*MISSING*|"Davolio", "Nancy"|"Davolio", "Nancy"
10398|SAVEA|2|*MISSING*|"Davolio", "Nancy"|"Leverling", "Janet"
10398|SAVEA|2|*MISSING*|"Davolio", "Nancy"|"Leverling2", "Janet"
10398|SAVEA|2|*MISSING*|"Davolio", "Nancy"|"Leverling2", "Janet"
10398|SAVEA|2|*MISSING*|"Davolio", "Nancy"|"Davolio", "Nancy"
10404|MAGAA|2|*MISSING*|"Davolio", "Nancy"|"Davolio", "Nancy"
10404|MAGAA|2|*MISSING*|"Davolio", "Nancy"|"Leverling", "Janet"
10404|MAGAA|2|*MISSING*|"Davolio", "Nancy"|"Leverling2", "Janet"
10404|MAGAA|2|*MISSING*|"Davolio", "Nancy"|"Peacock", "Margaret"
10404|MAGAA|2|*MISSING*|"Davolio", "Nancy"|"Buchanan", "Steven"
10404|MAGAA|2|*MISSING*|"Davolio", "Nancy"|"Callahan", "Laura"
10404|MAGAA|2|*MISSING*|"Davolio", "Nancy"|"Davolio", "Nancy"
10404|MAGAA|2|*MISSING*|"Davolio", "Nancy"|"Leverling", "Janet"
10404|MAGAA|2|*MISSING*|"Davolio", "Nancy"|"Leverling2", "Janet"
10404|MAGAA|2|*MISSING*|"Davolio", "Nancy"|"Leverling2", "Janet"
10404|MAGAA|2|*MISSING*|"Davolio", "Nancy"|"Davolio", "Nancy"
10407|OTTIK|2|*MISSING*|"Davolio", "Nancy"|"Davolio", "Nancy"
10407|OTTIK|2|*MISSING*|"Davolio", "Nancy"|"Leverling", "Janet"
10407|OTTIK|2|*MISSING*|"Davolio", "Nancy"|"Leverling2", "Janet"
10407|OTTIK|2|*MISSING*|"Davolio", "Nancy"|"Peacock", "Margaret"
10407|OTTIK|2|*MISSING*|"Davolio", "Nancy"|"Buchanan", "Steven"
10407|OTTIK|2|*MISSING*|"Davolio", "Nancy"|"Callahan", "Laura"
10407|OTTIK|2|*MISSING*|"Davolio", "Nancy"|"Davolio", "Nancy"
10407|OTTIK|2|*MISSING*|"Davolio", "Nancy"|"Leverling", "Janet"
10407|OTTIK|2|*MISSING*|"Davolio", "Nancy"|"Leverling2", "Janet"
10407|OTTIK|2|*MISSING*|"Davolio", "Nancy"|"Leverling2", "Janet"
10407|OTTIK|2|*MISSING*|"Davolio", "Nancy"|"Davolio", "Nancy"
10414|FAMIA|2|*MISSING*|"Davolio", "Nancy"|"Davolio", "Nancy"
10414|FAMIA|2|*MISSING*|"Davolio", "Nancy"|"Leverling", "Janet"
10414|FAMIA|2|*MISSING*|"Davolio", "Nancy"|"Leverling2", "Janet"
10414|FAMIA|2|*MISSING*|"Davolio", "Nancy"|"Peacock", "Margaret"
10414|FAMIA|2|*MISSING*|"Davolio", "Nancy"|"Buchanan", "Steven"
10414|FAMIA|2|*MISSING*|"Davolio", "Nancy"|"Callahan", "Laura"
10414|FAMIA|2|*MISSING*|"Davolio", "Nancy"|"Davolio", "Nancy"
10414|FAMIA|2|*MISSING*|"Davolio", "Nancy"|"Leverling", "Janet"
10414|FAMIA|2|*MISSING*|"Davolio", "Nancy"|"Leverling2", "Janet"
10414|FAMIA|2|*MISSING*|"Davolio", "Nancy"|"Leverling2", "Janet"
10414|FAMIA|2|*MISSING*|"Davolio", "Nancy"|"Davolio", "Nancy"
10422|FRANS|2|*MISSING*|"Davolio", "Nancy"|"Davolio", "Nancy"
10422|FRANS|2|*MISSING*|"Davolio", "Nancy"|"Leverling", "Janet"
10422|FRANS|2|*MISSING*|"Davolio", "Nancy"|"Leverling2", "Janet"
10422|FRANS|2|*MISSING*|"Davolio", "Nancy"|"Peacock", "Margaret"
10422|FRANS|2|*MISSING*|"Davolio", "Nancy"|"Buchanan", "Steven"
10422|FRANS|2|*MISSING*|"Davolio", "Nancy"|"Callahan", "Laura"
10422|FRANS|2|*MISSING*|"Davolio", "Nancy"|"Davolio", "Nancy"
10422|FRANS|2|*MISSING*|"Davolio", "Nancy"|"Leverling", "Janet"
10422|FRANS|2|*MISSING*|"Davolio", "Nancy"|"Leverling2", "Janet"
10422|FRANS|2|*MISSING*|"Davolio", "Nancy"|"Leverling2", "Janet"
10422|FRANS|2|*MISSING*|"Davolio", "Nancy"|"Davolio", "Nancy"
10457|KOENE|2|*MISSING*|"Davolio", "Nancy"|"Davolio", "Nancy"
10457|KOENE|2|*MISSING*|"Davolio", "Nancy"|"Leverling", "Janet"
10457|KOENE|2|*MISSING*|"Davolio", "Nancy"|"Leverling2", "Janet"
10457|KOENE|2|*MISSING*|"Davolio", "Nancy"|"Peacock", "Margaret"
10457|KOENE|2|*MISSING*|"Davolio", "Nancy"|"Buchanan", "Steven"
10457|KOENE|2|*MISSING*|"Davolio", "Nancy"|"Callahan", "Laura"
10457|KOENE|2|*MISSING*|"Davolio", "Nancy"|"Davolio", "Nancy"
10457|KOENE|2|*MISSING*|"Davolio", "Nancy"|"Leverling", "Janet"
10457|KOENE|2|*MISSING*|"Davolio", "Nancy"|"Leverling2", "Janet"
10457|KOENE|2|*MISSING*|"Davolio", "Nancy"|"Leverling2", "Janet"
10457|KOENE|2|*MISSING*|"Davolio", "Nancy"|"Davolio", "Nancy"
10462|CONSH|2|*MISSING*|"Davolio", "Nancy"|"Davolio", "Nancy"
10462|CONSH|2|*MISSING*|"Davolio", "Nancy"|"Leverling", "Janet"
10462|CONSH|2|*MISSING*|"Davolio", "Nancy"|"Leverling2", "Janet"
10462|CONSH|2|*MISSING*|"Davolio", "Nancy"|"Peacock", "Margaret"
10462|CONSH|2|*MISSING*|"Davolio", "Nancy"|"Buchanan", "Steven"
10462|CONSH|2|*MISSING*|"Davolio", "Nancy"|"Callahan", "Laura"
10462|CONSH|2|*MISSING*|"Davolio", "Nancy"|"Davolio", "Nancy"
10462|CONSH|2|*MISSING*|"Davolio", "Nancy"|"Leverling", "Janet"
10462|CONSH|2|*MISSING*|"Davolio", "Nancy"|"Leverling2", "Janet"
10462|CONSH|2|*MISSING*|"Davolio", "Nancy"|"Leverling2", "Janet"
10462|CONSH|2|*MISSING*|"Davolio", "Nancy"|"Davolio", "Nancy"
10471|BSBEV|2|*MISSING*|"Davolio", "Nancy"|"Davolio", "Nancy"
10471|BSBEV|2|*MISSING*|"Davolio", "Nancy"|"Leverling", "Janet"
10471|BSBEV|2|*MISSING*|"Davolio", "Nancy"|"Leverling2", "Janet"
10471|BSBEV|2|*MISSING*|"Davolio", "Nancy"|"Peacock", "Margaret"
10471|BSBEV|2|*MISSING*|"Davolio", "Nancy"|"Buchanan", "Steven"
10471|BSBEV|2|*MISSING*|"Davolio", "Nancy"|"Callahan", "Laura"
10471|BSBEV|2|*MISSING*|"Davolio", "Nancy"|"Davolio", "Nancy"
10471|BSBEV|2|*MISSING*|"Davolio", "Nancy"|"Leverling", "Janet"
10471|BSBEV|2|*MISSING*|"Davolio", "Nancy"|"Leverling2", "Janet"
10471|BSBEV|2|*MISSING*|"Davolio", "Nancy"|"Leverling2", "Janet"
10471|BSBEV|2|*MISSING*|"Davolio", "Nancy"|"Davolio", "Nancy"
10478|VICTE|2|*MISSING*|"Davolio", "Nancy"|"Davolio", "Nancy"
10478|VICTE|2|*MISSING*|"Davolio", "Nancy"|"Leverling", "Janet"
10478|VICTE|2|*MISSING*|"Davolio", "Nancy"|"Leverling2", "Janet"
10478|VICTE|2|*MISSING*|"Davolio", "Nancy"|"Peacock", "Margaret"
10478|VICTE|2|*MISSING*|"Davolio", "Nancy"|"Buchanan", "Steven"
10478|VICTE|2|*MISSING*|"Davolio", "Nancy"|"Callahan", "Laura"
10478|VICTE|2|*MISSING*|"Davolio", "Nancy"|"Davolio", "Nancy"
10478|VICTE|2|*MISSING*|"Davolio", "Nancy"|"Leverling", "Janet"
10478|VICTE|2|*MISSING*|"Davolio", "Nancy"|"Leverling2", "Janet"
10478|VICTE|2|*MISSING*|"Davolio", "Nancy"|"Leverling2", "Janet"
10478|VICTE|2|*MISSING*|"Davolio", "Nancy"|"Davolio", "Nancy"
10487|QUEEN|2|*MISSING*|"Davolio", "Nancy"|"Davolio", "Nancy"
10487|QUEEN|2|*MISSING*|"Davolio", "Nancy"|"Leverling", "Janet"
10487|QUEEN|2|*MISSING*|"Davolio", "Nancy"|"Leverling2", "Janet"
10487|QUEEN|2|*MISSING*|"Davolio", "Nancy"|"Peacock", "Margaret"
10487|QUEEN|2|*MISSING*|"Davolio", "Nancy"|"Buchanan", "Steven"
10487|QUEEN|2|*MISSING*|"Davolio", "Nancy"|"Callahan", "Laura"
10487|QUEEN|2|*MISSING*|"Davolio", "Nancy"|"Davolio", "Nancy"
10487|QUEEN|2|*MISSING*|"Davolio", "Nancy"|"Leverling", "Janet"
10487|QUEEN|2|*MISSING*|"Davolio", "Nancy"|"Leverling2", "Janet"
10487|QUEEN|2|*MISSING*|"Davolio", "Nancy"|"Leverling2", "Janet"
10487|QUEEN|2|*MISSING*|"Davolio", "Nancy"|"Davolio", "Nancy"
10502|PERIC|2|*MISSING*|"Davolio", "Nancy"|"Davolio", "Nancy"
10502|PERIC|2|*MISSING*|"Davolio", "Nancy"|"Leverling", "Janet"
10502|PERIC|2|*MISSING*|"Davolio", "Nancy"|"Leverling2", "Janet"
10502|PERIC|2|*MISSING*|"Davolio", "Nancy"|"Peacock", "Margaret"
10502|PERIC|2|*MISSING*|"Davolio", "Nancy"|"Buchanan", "Steven"
10502|PERIC|2|*MISSING*|"Davolio", "Nancy"|"Callahan", "Laura"
10502|PERIC|2|*MISSING*|"Davolio", "Nancy"|"Davolio", "Nancy"
10502|PERIC|2|*MISSING*|"Davolio", "Nancy"|"Leverling", "Janet"
10502|PERIC|2|*MISSING*|"Davolio", "Nancy"|"Leverling2", "Janet"
10502|PERIC|2|*MISSING*|"Davolio", "Nancy"|"Leverling2", "Janet"
10502|PERIC|2|*MISSING*|"Davolio", "Nancy"|"Davolio", "Nancy"
10515|QUICK|2|*MISSING*|"Davolio", "Nancy"|"Davolio", "Nancy"
10515|QUICK|2|*MISSING*|"Davolio", "Nancy"|"Leverling", "Janet"
10515|QUICK|2|*MISSING*|"Davolio", "Nancy"|"Leverling2", "Janet"
10515|QUICK|2|*MISSING*|"Davolio", "Nancy"|"Peacock", "Margaret"
10515|QUICK|2|*MISSING*|"Davolio", "Nancy"|"Buchanan", "Steven"
10515|QUICK|2|*MISSING*|"Davolio", "Nancy"|"Callahan", "Laura"
10515|QUICK|2|*MISSING*|"Davolio", "Nancy"|"Davolio", "Nancy"
10515|QUICK|2|*MISSING*|"Davolio", "Nancy"|"Leverling", "Janet"
10515|QUICK|2|*MISSING*|"Davolio", "Nancy"|"Leverling2", "Janet"
10515|QUICK|2|*MISSING*|"Davolio", "Nancy"|"Leverling2", "Janet"
10515|QUICK|2|*MISSING*|"Davolio", "Nancy"|"Davolio", "Nancy"
10516|HUNGO|2|*MISSING*|"Davolio", "Nancy"|"Davolio", "Nancy"
10516|HUNGO|2|*MISSING*|"Davolio", "Nancy"|"Leverling", "Janet"
10516|HUNGO|2|*MISSING*|"Davolio", "Nancy"|"Leverling2", "Janet"
10516|HUNGO|2|*MISSING*|"Davolio", "Nancy"|"Peacock", "Margaret"
10516|HUNGO|2|*MISSING*|"Davolio", "Nancy"|"Buchanan", "Steven"
10516|HUNGO|2|*MISSING*|"Davolio", "Nancy"|"Callahan", "Laura"
10516|HUNGO|2|*MISSING*|"Davolio", "Nancy"|"Davolio", "Nancy"
10516|HUNGO|2|*MISSING*|"Davolio", "Nancy"|"Leverling", "Janet"
10516|HUNGO|2|*MISSING*|"Davolio", "Nancy"|"Leverling2", "Janet"
10516|HUNGO|2|*MISSING*|"Davolio", "Nancy"|"Leverling2", "Janet"
10516|HUNGO|2|*MISSING*|"Davolio", "Nancy"|"Davolio", "Nancy"
10541|HANAR|2|*MISSING*|"Davolio", "Nancy"|"Davolio", "Nancy"
10541|HANAR|2|*MISSING*|"Davolio", "Nancy"|"Leverling", "Janet"
10541|HANAR|2|*MISSING*|"Davolio", "Nancy"|"Leverling2", "Janet"
10541|HANAR|2|*MISSING*|"Davolio", "Nancy"|"Peacock", "Margaret"
10541|HANAR|2|*MISSING*|"Davolio", "Nancy"|"Buchanan", "Steven"
10541|HANAR|2|*MISSING*|"Davolio", "Nancy"|"Callahan", "Laura"
10541|HANAR|2|*MISSING*|"Davolio", "Nancy"|"Davolio", "Nancy"
10541|HANAR|2|*MISSING*|"Davolio", "Nancy"|"Leverling", "Janet"
10541|HANAR|2|*MISSING*|"Davolio", "Nancy"|"Leverling2", "Janet"
10541|HANAR|2|*MISSING*|"Davolio", "Nancy"|"Leverling2", "Janet"
10541|HANAR|2|*MISSING*|"Davolio", "Nancy"|"Davolio", "Nancy"
10552|HILAA|2|*MISSING*|"Davolio", "Nancy"|"Davolio", "Nancy"
10552|HILAA|2|*MISSING*|"Davolio", "Nancy"|"Leverling", "Janet"
10552|HILAA|2|*MISSING*|"Davolio", "Nancy"|"Leverling2", "Janet"
10552|HILAA|2|*MISSING*|"Davolio", "Nancy"|"Peacock", "Margaret"
10552|HILAA|2|*MISSING*|"Davolio", "Nancy"|"Buchanan", "Steven"
10552|HILAA|2|*MISSING*|"Davolio", "Nancy"|"Callahan", "Laura"
10552|HILAA|2|*MISSING*|"Davolio", "Nancy"|"Davolio", "Nancy"
10552|HILAA|2|*MISSING*|"Davolio", "Nancy"|"Leverling", "Janet"
10552|HILAA|2|*MISSING*|"Davolio", "Nancy"|"Leverling2", "Janet"
10552|HILAA|2|*MISSING*|"Davolio", "Nancy"|"Leverling2", "Janet"
10552|HILAA|2|*MISSING*|"Davolio", "Nancy"|"Davolio", "Nancy"
10553|WARTH|2|*MISSING*|"Davolio", "Nancy"|"Davolio", "Nancy"
10553|WARTH|2|*MISSING*|"Davolio", "Nancy"|"Leverling", "Janet"
10553|WARTH|2|*MISSING*|"Davolio", "Nancy"|"Leverling2", "Janet"
10553|WARTH|2|*MISSING*|"Davolio", "Nancy"|"Peacock", "Margaret"
10553|WARTH|2|*MISSING*|"Davolio", "Nancy"|"Buchanan", "Steven"
10553|WARTH|2|*MISSING*|"Davolio", "Nancy"|"Callahan", "Laura"
10553|WARTH|2|*MISSING*|"Davolio", "Nancy"|"Davolio", "Nancy"
10553|WARTH|2|*MISSING*|"Davolio", "Nancy"|"Leverling", "Janet"
10553|WARTH|2|*MISSING*|"Davolio", "Nancy"|"Leverling2", "Janet"
10553|WARTH|2|*MISSING*|"Davolio", "Nancy"|"Leverling2", "Janet"
10553|WARTH|2|*MISSING*|"Davolio", "Nancy"|"Davolio", "Nancy"
10556|SIMOB|2|*MISSING*|"Davolio", "Nancy"|"Davolio", "Nancy"
10556|SIMOB|2|*MISSING*|"Davolio", "Nancy"|"Leverling", "Janet"
10556|SIMOB|2|*MISSING*|"Davolio", "Nancy"|"Leverling2", "Janet"
10556|SIMOB|2|*MISSING*|"Davolio", "Nancy"|"Peacock", "Margaret"
10556|SIMOB|2|*MISSING*|"Davolio", "Nancy"|"Buchanan", "Steven"
10556|SIMOB|2|*MISSING*|"Davolio", "Nancy"|"Callahan", "Laura"
10556|SIMOB|2|*MISSING*|"Davolio", "Nancy"|"Davolio", "Nancy"
10556|SIMOB|2|*MISSING*|"Davolio", "Nancy"|"Leverling", "Janet"
10556|SIMOB|2|*MISSING*|"Davolio", "Nancy"|"Leverling2", "Janet"
10556|SIMOB|2|*MISSING*|"Davolio", "Nancy"|"Leverling2", "Janet"
10556|SIMOB|2|*MISSING*|"Davolio", "Nancy"|"Davolio", "Nancy"
10561|FOLKO|2|*MISSING*|"Davolio", "Nancy"|"Davolio", "Nancy"
10561|FOLKO|2|*MISSING*|"Davolio", "Nancy"|"Leverling", "Janet"
10561|FOLKO|2|*MISSING*|"Davolio", "Nancy"|"Leverling2", "Janet"
10561|FOLKO|2|*MISSING*|"Davolio", "Nancy"|"Peacock", "Margaret"
10561|FOLKO|2|*MISSING*|"Davolio", "Nancy"|"Buchanan", "Steven"
10561|FOLKO|2|*MISSING*|"Davolio", "Nancy"|"Callahan", "Laura"
10561|FOLKO|2|*MISSING*|"Davolio", "Nancy"|"Davolio", "Nancy"
10561|FOLKO|2|*MISSING*|"Davolio", "Nancy"|"Leverling", "Janet"
10561|FOLKO|2|*MISSING*|"Davolio", "Nancy"|"Leverling2", "Janet"
10561|FOLKO|2|*MISSING*|"Davolio", "Nancy"|"Leverling2", "Janet"
10561|FOLKO|2|*MISSING*|"Davolio", "Nancy"|"Davolio", "Nancy"
10563|RICAR|2|*MISSING*|"Davolio", "Nancy"|"Davolio", "Nancy"
10563|RICAR|2|*MISSING*|"Davolio", "Nancy"|"Leverling", "Janet"
10563|RICAR|2|*MISSING*|"Davolio", "Nancy"|"Leverling2", "Janet"
10563|RICAR|2|*MISSING*|"Davolio", "Nancy"|"Peacock", "Margaret"
10563|RICAR|2|*MISSING*|"Davolio", "Nancy"|"Buchanan", "Steven"
10563|RICAR|2|*MISSING*|"Davolio", "Nancy"|"Callahan", "Laura"
10563|RICAR|2|*MISSING*|"Davolio", "Nancy"|"Davolio", "Nancy"
10563|RICAR|2|*MISSING*|"Davolio", "Nancy"|"Leverling", "Janet"
10563|RICAR|2|*MISSING*|"Davolio", "Nancy"|"Leverling2", "Janet"
10563|RICAR|2|*MISSING*|"Davolio", "Nancy"|"Leverling2", "Janet"
10563|RICAR|2|*MISSING*|"Davolio", "Nancy"|"Davolio", "Nancy"
10583|WARTH|2|*MISSING*|"Davolio", "Nancy"|"Davolio", "Nancy"
10583|WARTH|2|*MISSING*|"Davolio", "Nancy"|"Leverling", "Janet"
10583|WARTH|2|*MISSING*|"Davolio", "Nancy"|"Leverling2", "Janet"
10583|WARTH|2|*MISSING*|"Davolio", "Nancy"|"Peacock", "Margaret"
10583|WARTH|2|*MISSING*|"Davolio", "Nancy"|"Buchanan", "Steven"
10583|WARTH|2|*MISSING*|"Davolio", "Nancy"|"Callahan", "Laura"
10583|WARTH|2|*MISSING*|"Davolio", "Nancy"|"Davolio", "Nancy"
10583|WARTH|2|*MISSING*|"Davolio", "Nancy"|"Leverling", "Janet"
10583|WARTH|2|*MISSING*|"Davolio", "Nancy"|"Leverling2", "Janet"
10583|WARTH|2|*MISSING*|"Davolio", "Nancy"|"Leverling2", "Janet"
10583|WARTH|2|*MISSING*|"Davolio", "Nancy"|"Davolio", "Nancy"
10588|QUICK|2|*MISSING*|"Davolio", "Nancy"|"Davolio", "Nancy"
10588|QUICK|2|*MISSING*|"Davolio", "Nancy"|"Leverling", "Janet"
10588|QUICK|2|*MISSING*|"Davolio", "Nancy"|"Leverling2", "Janet"
10588|QUICK|2|*MISSING*|"Davolio", "Nancy"|"Peacock", "Margaret"
10588|QUICK|2|*MISSING*|"Davolio", "Nancy"|"Buchanan", "Steven"
10588|QUICK|2|*MISSING*|"Davolio", "Nancy"|"Callahan", "Laura"
10588|QUICK|2|*MISSING*|"Davolio", "Nancy"|"Davolio", "Nancy"
10588|QUICK|2|*MISSING*|"Davolio", "Nancy"|"Leverling", "Janet"
10588|QUICK|2|*MISSING*|"Davolio", "Nancy"|"Leverling2", "Janet"
10588|QUICK|2|*MISSING*|"Davolio", "Nancy"|"Leverling2", "Janet"
10588|QUICK|2|*MISSING*|"Davolio", "Nancy"|"Davolio", "Nancy"
10595|ERNSH|2|*MISSING*|"Davolio", "Nancy"|"Davolio", "Nancy"
10595|ERNSH|2|*MISSING*|"Davolio", "Nancy"|"Leverling", "Janet"
10595|ERNSH|2|*MISSING*|"Davolio", "Nancy"|"Leverling2", "Janet"
10595|ERNSH|2|*MISSING*|"Davolio", "Nancy"|"Peacock", "Margaret"
10595|ERNSH|2|*MISSING*|"Davolio", "Nancy"|"Buchanan", "Steven"
10595|ERNSH|2|*MISSING*|"Davolio", "Nancy"|"Callahan", "Laura"
10595|ERNSH|2|*MISSING*|"Davolio", "Nancy"|"Davolio", "Nancy"
10595|ERNSH|2|*MISSING*|"Davolio", "Nancy"|"Leverling", "Janet"
10595|ERNSH|2|*MISSING*|"Davolio", "Nancy"|"Leverling2", "Janet"
10595|ERNSH|2|*MISSING*|"Davolio", "Nancy"|"Leverling2", "Janet"
10595|ERNSH|2|*MISSING*|"Davolio", "Nancy"|"Davolio", "Nancy"
10615|WILMK|2|*MISSING*|"Davolio", "Nancy"|"Davolio", "Nancy"
10615|WILMK|2|*MISSING*|"Davolio", "Nancy"|"Leverling", "Janet"
10615|WILMK|2|*MISSING*|"Davolio", "Nancy"|"Leverling2", "Janet"
10615|WILMK|2|*MISSING*|"Davolio", "Nancy"|"Peacock", "Margaret"
10615|WILMK|2|*MISSING*|"Davolio", "Nancy"|"Buchanan", "Steven"
10615|WILMK|2|*MISSING*|"Davolio", "Nancy"|"Callahan", "Laura"
10615|WILMK|2|*MISSING*|"Davolio", "Nancy"|"Davolio", "Nancy"
10615|WILMK|2|*MISSING*|"Davolio", "Nancy"|"Leverling", "Janet"
10615|WILMK|2|*MISSING*|"Davolio", "Nancy"|"Leverling2", "Janet"
10615|WILMK|2|*MISSING*|"Davolio", "Nancy"|"Leverling2", "Janet"
10615|WILMK|2|*MISSING*|"Davolio", "Nancy"|"Davolio", "Nancy"
10620|LAUGB|2|*MISSING*|"Davolio", "Nancy"|"Davolio", "Nancy"
10620|LAUGB|2|*MISSING*|"Davolio", "Nancy"|"Leverling", "Janet"
10620|LAUGB|2|*MISSING*|"Davolio", "Nancy"|"Leverling2", "Janet"
10620|LAUGB|2|*MISSING*|"Davolio", "Nancy"|"Peacock", "Margaret"
10620|LAUGB|2|*MISSING*|"Davolio", "Nancy"|"Buchanan", "Steven"
10620|LAUGB|2|*MISSING*|"Davolio", "Nancy"|"Callahan", "Laura"
10620|LAUGB|2|*MISSING*|"Davolio", "Nancy"|"Davolio", "Nancy"
10620|LAUGB|2|*MISSING*|"Davolio", "Nancy"|"Leverling", "Janet"
10620|LAUGB|2|*MISSING*|"Davolio", "Nancy"|"Leverling2", "Janet"
10620|LAUGB|2|*MISSING*|"Davolio", "Nancy"|"Leverling2", "Janet"
10620|LAUGB|2|*MISSING*|"Davolio", "Nancy"|"Davolio", "Nancy"
10657|SAVEA|2|*MISSING*|"Davolio", "Nancy"|"Davolio", "Nancy"
10657|SAVEA|2|*MISSING*|"Davolio", "Nancy"|"Leverling", "Janet"
10657|SAVEA|2|*MISSING*|"Davolio", "Nancy"|"Leverling2", "Janet"
10657|SAVEA|2|*MISSING*|"Davolio", "Nancy"|"Peacock", "Margaret"
10657|SAVEA|2|*MISSING*|"Davolio", "Nancy"|"Buchanan", "Steven"
10657|SAVEA|2|*MISSING*|"Davolio", "Nancy"|"Callahan", "Laura"
10657|SAVEA|2|*MISSING*|"Davolio", "Nancy"|"Davolio", "Nancy"
10657|SAVEA|2|*MISSING*|"Davolio", "Nancy"|"Leverling", "Janet"
10657|SAVEA|2|*MISSING*|"Davolio", "Nancy"|"Leverling2", "Janet"
10657|SAVEA|2|*MISSING*|"Davolio", "Nancy"|"Leverling2", "Janet"
10657|SAVEA|2|*MISSING*|"Davolio", "Nancy"|"Davolio", "Nancy"
10663|BONAP|2|*MISSING*|"Davolio", "Nancy"|"Davolio", "Nancy"
10663|BONAP|2|*MISSING*|"Davolio", "Nancy"|"Leverling", "Janet"
10663|BONAP|2|*MISSING*|"Davolio", "Nancy"|"Leverling2", "Janet"
10663|BONAP|2|*MISSING*|"Davolio", "Nancy"|"Peacock", "Margaret"
10663|BONAP|2|*MISSING*|"Davolio", "Nancy"|"Buchanan", "Steven"
10663|BONAP|2|*MISSING*|"Davolio", "Nancy"|"Callahan", "Laura"
10663|BONAP|2|*MISSING*|"Davolio", "Nancy"|"Davolio", "Nancy"
10663|BONAP|2|*MISSING*|"Davolio", "Nancy"|"Leverling", "Janet"
10663|BONAP|2|*MISSING*|"Davolio", "Nancy"|"Leverling2", "Janet"
10663|BONAP|2|*MISSING*|"Davolio", "Nancy"|"Leverling2", "Janet"
10663|BONAP|2|*MISSING*|"Davolio", "Nancy"|"Davolio", "Nancy"
10669|SIMOB|2|*MISSING*|"Davolio", "Nancy"|"Davolio", "Nancy"
10669|SIMOB|2|*MISSING*|"Davolio", "Nancy"|"Leverling", "Janet"
10669|SIMOB|2|*MISSING*|"Davolio", "Nancy"|"Leverling2", "Janet"
10669|SIMOB|2|*MISSING*|"Davolio", "Nancy"|"Peacock", "Margaret"
10669|SIMOB|2|*MISSING*|"Davolio", "Nancy"|"Buchanan", "Steven"
10669|SIMOB|2|*MISSING*|"Davolio", "Nancy"|"Callahan", "Laura"
10669|SIMOB|2|*MISSING*|"Davolio", "Nancy"|"Davolio", "Nancy"
10669|SIMOB|2|*MISSING*|"Davolio", "Nancy"|"Leverling", "Janet"
10669|SIMOB|2|*MISSING*|"Davolio", "Nancy"|"Leverling2", "Janet"
10669|SIMOB|2|*MISSING*|"Davolio", "Nancy"|"Leverling2", "Janet"
10669|SIMOB|2|*MISSING*|"Davolio", "Nancy"|"Davolio", "Nancy"
10673|WILMK|2|*MISSING*|"Davolio", "Nancy"|"Davolio", "Nancy"
10673|WILMK|2|*MISSING*|"Davolio", "Nancy"|"Leverling", "Janet"
10673|WILMK|2|*MISSING*|"Davolio", "Nancy"|"Leverling2", "Janet"
10673|WILMK|2|*MISSING*|"Davolio", "Nancy"|"Peacock", "Margaret"
10673|WILMK|2|*MISSING*|"Davolio", "Nancy"|"Buchanan", "Steven"
10673|WILMK|2|*MISSING*|"Davolio", "Nancy"|"Callahan", "Laura"
10673|WILMK|2|*MISSING*|"Davolio", "Nancy"|"Davolio", "Nancy"
10673|WILMK|2|*MISSING*|"Davolio", "Nancy"|"Leverling", "Janet"
10673|WILMK|2|*MISSING*|"Davolio", "Nancy"|"Leverling2", "Janet"
10673|WILMK|2|*MISSING*|"Davolio", "Nancy"|"Leverling2", "Janet"
10673|WILMK|2|*MISSING*|"Davolio", "Nancy"|"Davolio", "Nancy"
10676|TORTU|2|*MISSING*|"Davolio", "Nancy"|"Davolio", "Nancy"
10676|TORTU|2|*MISSING*|"Davolio", "Nancy"|"Leverling", "Janet"
10676|TORTU|2|*MISSING*|"Davolio", "Nancy"|"Leverling2", "Janet"
10676|TORTU|2|*MISSING*|"Davolio", "Nancy"|"Peacock", "Margaret"
10676|TORTU|2|*MISSING*|"Davolio", "Nancy"|"Buchanan", "Steven"
10676|TORTU|2|*MISSING*|"Davolio", "Nancy"|"Callahan", "Laura"
10676|TORTU|2|*MISSING*|"Davolio", "Nancy"|"Davolio", "Nancy"
10676|TORTU|2|*MISSING*|"Davolio", "Nancy"|"Leverling", "Janet"
10676|TORTU|2|*MISSING*|"Davolio", "Nancy"|"Leverling2", "Janet"
10676|TORTU|2|*MISSING*|"Davolio", "Nancy"|"Leverling2", "Janet"
10676|TORTU|2|*MISSING*|"Davolio", "Nancy"|"Davolio", "Nancy"
10683|DUMON|2|*MISSING*|"Davolio", "Nancy"|"Davolio", "Nancy"
10683|DUMON|2|*MISSING*|"Davolio", "Nancy"|"Leverling", "Janet"
10683|DUMON|2|*MISSING*|"Davolio", "Nancy"|"Leverling2", "Janet"
10683|DUMON|2|*MISSING*|"Davolio", "Nancy"|"Peacock", "Margaret"
10683|DUMON|2|*MISSING*|"Davolio", "Nancy"|"Buchanan", "Steven"
10683|DUMON|2|*MISSING*|"Davolio", "Nancy"|"Callahan", "Laura"
10683|DUMON|2|*MISSING*|"Davolio", "Nancy"|"Davolio", "Nancy"
10683|DUMON|2|*MISSING*|"Davolio", "Nancy"|"Leverling", "Janet"
10683|DUMON|2|*MISSING*|"Davolio", "Nancy"|"Leverling2", "Janet"
10683|DUMON|2|*MISSING*|"Davolio", "Nancy"|"Leverling2", "Janet"
10683|DUMON|2|*MISSING*|"Davolio", "Nancy"|"Davolio", "Nancy"
10686|PICCO|2|*MISSING*|"Davolio", "Nancy"|"Davolio", "Nancy"
10686|PICCO|2|*MISSING*|"Davolio", "Nancy"|"Leverling", "Janet"
10686|PICCO|2|*MISSING*|"Davolio", "Nancy"|"Leverling2", "Janet"
10686|PICCO|2|*MISSING*|"Davolio", "Nancy"|"Peacock", "Margaret"
10686|PICCO|2|*MISSING*|"Davolio", "Nancy"|"Buchanan", "Steven"
10686|PICCO|2|*MISSING*|"Davolio", "Nancy"|"Callahan", "Laura"
10686|PICCO|2|*MISSING*|"Davolio", "Nancy"|"Davolio", "Nancy"
10686|PICCO|2|*MISSING*|"Davolio", "Nancy"|"Leverling", "Janet"
10686|PICCO|2|*MISSING*|"Davolio", "Nancy"|"Leverling2", "Janet"
10686|PICCO|2|*MISSING*|"Davolio", "Nancy"|"Leverling2", "Janet"
10686|PICCO|2|*MISSING*|"Davolio", "Nancy"|"Davolio", "Nancy"
10691|QUICK|2|*MISSING*|"Davolio", "Nancy"|"Davolio", "Nancy"
10691|QUICK|2|*MISSING*|"Davolio", "Nancy"|"Leverling", "Janet"
10691|QUICK|2|*MISSING*|"Davolio", "Nancy"|"Leverling2", "Janet"
10691|QUICK|2|*MISSING*|"Davolio", "Nancy"|"Peacock", "Margaret"
10691|QUICK|2|*MISSING*|"Davolio", "Nancy"|"Buchanan", "Steven"
10691|QUICK|2|*MISSING*|"Davolio", "Nancy"|"Callahan", "Laura"
10691|QUICK|2|*MISSING*|"Davolio", "Nancy"|"Davolio", "Nancy"
10691|QUICK|2|*MISSING*|"Davolio", "Nancy"|"Leverling", "Janet"
10691|QUICK|2|*MISSING*|"Davolio", "Nancy"|"Leverling2", "Janet"
10691|QUICK|2|*MISSING*|"Davolio", "Nancy"|"Leverling2", "Janet"
10691|QUICK|2|*MISSING*|"Davolio", "Nancy"|"Davolio", "Nancy"
10727|REGGC|2|*MISSING*|"Davolio", "Nancy"|"Davolio", "Nancy"
10727|REGGC|2|*MISSING*|"Davolio", "Nancy"|"Leverling", "Janet"
10727|REGGC|2|*MISSING*|"Davolio", "Nancy"|"Leverling2", "Janet"
10727|REGGC|2|*MISSING*|"Davolio", "Nancy"|"Peacock", "Margaret"
10727|REGGC|2|*MISSING*|"Davolio", "Nancy"|"Buchanan", "Steven"
10727|REGGC|2|*MISSING*|"Davolio", "Nancy"|"Callahan", "Laura"
10727|REGGC|2|*MISSING*|"Davolio", "Nancy"|"Davolio", "Nancy"
10727|REGGC|2|*MISSING*|"Davolio", "Nancy"|"Leverling", "Janet"
10727|REGGC|2|*MISSING*|"Davolio", "Nancy"|"Leverling2", "Janet"
10727|REGGC|2|*MISSING*|"Davolio", "Nancy"|"Leverling2", "Janet"
10727|REGGC|2|*MISSING*|"Davolio", "Nancy"|"Davolio", "Nancy"
10734|GOURL|2|*MISSING*|"Davolio", "Nancy"|"Davolio", "Nancy"
10734|GOURL|2|*MISSING*|"Davolio", "Nancy"|"Leverling", "Janet"
10734|GOURL|2|*MISSING*|"Davolio", "Nancy"|"Leverling2", "Janet"
10734|GOURL|2|*MISSING*|"Davolio", "Nancy"|"Peacock", "Margaret"
10734|GOURL|2|*MISSING*|"Davolio", "Nancy"|"Buchanan", "Steven"
10734|GOURL|2|*MISSING*|"Davolio", "Nancy"|"Callahan", "Laura"
10734|GOURL|2|*MISSING*|"Davolio", "Nancy"|"Davolio", "Nancy"
10734|GOURL|2|*MISSING*|"Davolio", "Nancy"|"Leverling", "Janet"
10734|GOURL|2|*MISSING*|"Davolio", "Nancy"|"Leverling2", "Janet"
10734|GOURL|2|*MISSING*|"Davolio", "Nancy"|"Leverling2", "Janet"
10734|GOURL|2|*MISSING*|"Davolio", "Nancy"|"Davolio", "Nancy"
10737|VINET|2|*MISSING*|"Davolio", "Nancy"|"Davolio", "Nancy"
10737|VINET|2|*MISSING*|"Davolio", "Nancy"|"Leverling", "Janet"
10737|VINET|2|*MISSING*|"Davolio", "Nancy"|"Leverling2", "Janet"
10737|VINET|2|*MISSING*|"Davolio", "Nancy"|"Peacock", "Margaret"
10737|VINET|2|*MISSING*|"Davolio", "Nancy"|"Buchanan", "Steven"
10737|VINET|2|*MISSING*|"Davolio", "Nancy"|"Callahan", "Laura"
10737|VINET|2|*MISSING*|"Davolio", "Nancy"|"Davolio", "Nancy"
10737|VINET|2|*MISSING*|"Davolio", "Nancy"|"Leverling", "Janet"
10737|VINET|2|*MISSING*|"Davolio", "Nancy"|"Leverling2", "Janet"
10737|VINET|2|*MISSING*|"Davolio", "Nancy"|"Leverling2", "Janet"
10737|VINET|2|*MISSING*|"Davolio", "Nancy"|"Davolio", "Nancy"
10738|SPECD|2|*MISSING*|"Davolio", "Nancy"|"Davolio", "Nancy"
10738|SPECD|2|*MISSING*|"Davolio", "Nancy"|"Leverling", "Janet"
10738|SPECD|2|*MISSING*|"Davolio", "Nancy"|"Leverling2", "Janet"
10738|SPECD|2|*MISSING*|"Davolio", "Nancy"|"Peacock", "Margaret"
10738|SPECD|2|*MISSING*|"Davolio", "Nancy"|"Buchanan", "Steven"
10738|SPECD|2|*MISSING*|"Davolio", "Nancy"|"Callahan", "Laura"
10738|SPECD|2|*MISSING*|"Davolio", "Nancy"|"Davolio", "Nancy"
10738|SPECD|2|*MISSING*|"Davolio", "Nancy"|"Leverling", "Janet"
10738|SPECD|2|*MISSING*|"Davolio", "Nancy"|"Leverling2", "Janet"
10738|SPECD|2|*MISSING*|"Davolio", "Nancy"|"Leverling2", "Janet"
10738|SPECD|2|*MISSING*|"Davolio", "Nancy"|"Davolio", "Nancy"
10752|NORTS|2|*MISSING*|"Davolio", "Nancy"|"Davolio", "Nancy"
10752|NORTS|2|*MISSING*|"Davolio", "Nancy"|"Leverling", "Janet"
10752|NORTS|2|*MISSING*|"Davolio", "Nancy"|"Leverling2", "Janet"
10752|NORTS|2|*MISSING*|"Davolio", "Nancy"|"Peacock", "Margaret"
10752|NORTS|2|*MISSING*|"Davolio", "Nancy"|"Buchanan", "Steven"
10752|NORTS|2|*MISSING*|"Davolio", "Nancy"|"Callahan", "Laura"
10752|NORTS|2|*MISSING*|"Davolio", "Nancy"|"Davolio", "Nancy"
10752|NORTS|2|*MISSING*|"Davolio", "Nancy"|"Leverling", "Janet"
10752|NORTS|2|*MISSING*|"Davolio", "Nancy"|"Leverling2", "Janet"
10752|NORTS|2|*MISSING*|"Davolio", "Nancy"|"Leverling2", "Janet"
10752|NORTS|2|*MISSING*|"Davolio", "Nancy"|"Davolio", "Nancy"
10780|LILAS|2|*MISSING*|"Davolio", "Nancy"|"Davolio", "Nancy"
10780|LILAS|2|*MISSING*|"Davolio", "Nancy"|"Leverling", "Janet"
10780|LILAS|2|*MISSING*|"Davolio", "Nancy"|"Leverling2", "Janet"
10780|LILAS|2|*MISSING*|"Davolio", "Nancy"|"Peacock", "Margaret"
10780|LILAS|2|*MISSING*|"Davolio", "Nancy"|"Buchanan", "Steven"
10780|LILAS|2|*MISSING*|"Davolio", "Nancy"|"Callahan", "Laura"
10780|LILAS|2|*MISSING*|"Davolio", "Nancy"|"Davolio", "Nancy"
10780|LILAS|2|*MISSING*|"Davolio", "Nancy"|"Leverling", "Janet"
10780|LILAS|2|*MISSING*|"Davolio", "Nancy"|"Leverling2", "Janet"
10780|LILAS|2|*MISSING*|"Davolio", "Nancy"|"Leverling2", "Janet"
10780|LILAS|2|*MISSING*|"Davolio", "Nancy"|"Davolio", "Nancy"
10781|WARTH|2|*MISSING*|"Davolio", "Nancy"|"Davolio", "Nancy"
10781|WARTH|2|*MISSING*|"Davolio", "Nancy"|"Leverling", "Janet"
10781|WARTH|2|*MISSING*|"Davolio", "Nancy"|"Leverling2", "Janet"
10781|WARTH|2|*MISSING*|"Davolio", "Nancy"|"Peacock", "Margaret"
10781|WARTH|2|*MISSING*|"Davolio", "Nancy"|"Buchanan", "Steven"
10781|WARTH|2|*MISSING*|"Davolio", "Nancy"|"Callahan", "Laura"
10781|WARTH|2|*MISSING*|"Davolio", "Nancy"|"Davolio", "Nancy"
10781|WARTH|2|*MISSING*|"Davolio", "Nancy"|"Leverling", "Janet"
10781|WARTH|2|*MISSING*|"Davolio", "Nancy"|"Leverling2", "Janet"
10781|WARTH|2|*MISSING*|"Davolio", "Nancy"|"Leverling2", "Janet"
10781|WARTH|2|*MISSING*|"Davolio", "Nancy"|"Davolio", "Nancy"
10787|LAMAI|2|*MISSING*|"Davolio", "Nancy"|"Davolio", "Nancy"
10787|LAMAI|2|*MISSING*|"Davolio", "Nancy"|"Leverling", "Janet"
10787|LAMAI|2|*MISSING*|"Davolio", "Nancy"|"Leverling2", "Janet"
10787|LAMAI|2|*MISSING*|"Davolio", "Nancy"|"Peacock", "Margaret"
10787|LAMAI|2|*MISSING*|"Davolio", "Nancy"|"Buchanan", "Steven"
10787|LAMAI|2|*MISSING*|"Davolio", "Nancy"|"Callahan", "Laura"
10787|LAMAI|2|*MISSING*|"Davolio", "Nancy"|"Davolio", "Nancy"
10787|LAMAI|2|*MISSING*|"Davolio", "Nancy"|"Leverling", "Janet"
10787|LAMAI|2|*MISSING*|"Davolio", "Nancy"|"Leverling2", "Janet"
10787|LAMAI|2|*MISSING*|"Davolio", "Nancy"|"Leverling2", "Janet"
10787|LAMAI|2|*MISSING*|"Davolio", "Nancy"|"Davolio", "Nancy"
10798|ISLAT|2|*MISSING*|"Davolio", "Nancy"|"Davolio", "Nancy"
10798|ISLAT|2|*MISSING*|"Davolio", "Nancy"|"Leverling", "Janet"
10798|ISLAT|2|*MISSING*|"Davolio", "Nancy"|"Leverling2", "Janet"
10798|ISLAT|2|*MISSING*|"Davolio", "Nancy"|"Peacock", "Margaret"
10798|ISLAT|2|*MISSING*|"Davolio", "Nancy"|"Buchanan", "Steven"
10798|ISLAT|2|*MISSING*|"Davolio", "Nancy"|"Callahan", "Laura"
10798|ISLAT|2|*MISSING*|"Davolio", "Nancy"|"Davolio", "Nancy"
10798|ISLAT|2|*MISSING*|"Davolio", "Nancy"|"Leverling", "Janet"
10798|ISLAT|2|*MISSING*|"Davolio", "Nancy"|"Leverling2", "Janet"
10798|ISLAT|2|*MISSING*|"Davolio", "Nancy"|"Leverling2", "Janet"
10798|ISLAT|2|*MISSING*|"Davolio", "Nancy"|"Davolio", "Nancy"
10805|THEBI|2|*MISSING*|"Davolio", "Nancy"|"Davolio", "Nancy"
10805|THEBI|2|*MISSING*|"Davolio", "Nancy"|"Leverling", "Janet"
10805|THEBI|2|*MISSING*|"Davolio", "Nancy"|"Leverling2", "Janet"
10805|THEBI|2|*MISSING*|"Davolio", "Nancy"|"Peacock", "Margaret"
10805|THEBI|2|*MISSING*|"Davolio", "Nancy"|"Buchanan", "Steven"
10805|THEBI|2|*MISSING*|"Davolio", "Nancy"|"Callahan", "Laura"
10805|THEBI|2|*MISSING*|"Davolio", "Nancy"|"Davolio", "Nancy"
10805|THEBI|2|*MISSING*|"Davolio", "Nancy"|"Leverling", "Janet"
10805|THEBI|2|*MISSING*|"Davolio", "Nancy"|"Leverling2", "Janet"
10805|THEBI|2|*MISSING*|"Davolio", "Nancy"|"Leverling2", "Janet"
10805|THEBI|2|*MISSING*|"Davolio", "Nancy"|"Davolio", "Nancy"
10808|OLDWO|2|*MISSING*|"Davolio", "Nancy"|"Davolio", "Nancy"
10808|OLDWO|2|*MISSING*|"Davolio", "Nancy"|"Leverling", "Janet"
10808|OLDWO|2|*MISSING*|"Davolio", "Nancy"|"Leverling2", "Janet"
10808|OLDWO|2|*MISSING*|"Davolio", "Nancy"|"Peacock", "Margaret"
10808|OLDWO|2|*MISSING*|"Davolio", "Nancy"|"Buchanan", "Steven"
10808|OLDWO|2|*MISSING*|"Davolio", "Nancy"|"Callahan", "Laura"
10808|OLDWO|2|*MISSING*|"Davolio", "Nancy"|"Davolio", "Nancy"
10808|OLDWO|2|*MISSING*|"Davolio", "Nancy"|"Leverling", "Janet"
10808|OLDWO|2|*MISSING*|"Davolio", "Nancy"|"Leverling2", "Janet"
10808|OLDWO|2|*MISSING*|"Davolio", "Nancy"|"Leverling2", "Janet"
10808|OLDWO|2|*MISSING*|"Davolio", "Nancy"|"Davolio", "Nancy"
10810|LAUGB|2|*MISSING*|"Davolio", "Nancy"|"Davolio", "Nancy"
10810|LAUGB|2|*MISSING*|"Davolio", "Nancy"|"Leverling", "Janet"
10810|LAUGB|2|*MISSING*|"Davolio", "Nancy"|"Leverling2", "Janet"
10810|LAUGB|2|*MISSING*|"Davolio", "Nancy"|"Peacock", "Margaret"
10810|LAUGB|2|*MISSING*|"Davolio", "Nancy"|"Buchanan", "Steven"
10810|LAUGB|2|*MISSING*|"Davolio", "Nancy"|"Callahan", "Laura"
10810|LAUGB|2|*MISSING*|"Davolio", "Nancy"|"Davolio", "Nancy"
10810|LAUGB|2|*MISSING*|"Davolio", "Nancy"|"Leverling", "Janet"
10810|LAUGB|2|*MISSING*|"Davolio", "Nancy"|"Leverling2", "Janet"
10810|LAUGB|2|*MISSING*|"Davolio", "Nancy"|"Leverling2", "Janet"
10810|LAUGB|2|*MISSING*|"Davolio", "Nancy"|"Davolio", "Nancy"
10815|SAVEA|2|*MISSING*|"Davolio", "Nancy"|"Davolio", "Nancy"
10815|SAVEA|2|*MISSING*|"Davolio", "Nancy"|"Leverling", "Janet"
10815|SAVEA|2|*MISSING*|"Davolio", "Nancy"|"Leverling2", "Janet"
10815|SAVEA|2|*MISSING*|"Davolio", "Nancy"|"Peacock", "Margaret"
10815|SAVEA|2|*MISSING*|"Davolio", "Nancy"|"Buchanan", "Steven"
10815|SAVEA|2|*MISSING*|"Davolio", "Nancy"|"Callahan", "Laura"
10815|SAVEA|2|*MISSING*|"Davolio", "Nancy"|"Davolio", "Nancy"
10815|SAVEA|2|*MISSING*|"Davolio", "Nancy"|"Leverling", "Janet"
10815|SAVEA|2|*MISSING*|"Davolio", "Nancy"|"Leverling2", "Janet"
10815|SAVEA|2|*MISSING*|"Davolio", "Nancy"|"Leverling2", "Janet"
10815|SAVEA|2|*MISSING*|"Davolio", "Nancy"|"Davolio", "Nancy"
10819|CACTU|2|*MISSING*|"Davolio", "Nancy"|"Davolio", "Nancy"
10819|CACTU|2|*MISSING*|"Davolio", "Nancy"|"Leverling", "Janet"
10819|CACTU|2|*MISSING*|"Davolio", "Nancy"|"Leverling2", "Janet"
10819|CACTU|2|*MISSING*|"Davolio", "Nancy"|"Peacock", "Margaret"
10819|CACTU|2|*MISSING*|"Davolio", "Nancy"|"Buchanan", "Steven"
10819|CACTU|2|*MISSING*|"Davolio", "Nancy"|"Callahan", "Laura"
10819|CACTU|2|*MISSING*|"Davolio", "Nancy"|"Davolio", "Nancy"
10819|CACTU|2|*MISSING*|"Davolio", "Nancy"|"Leverling", "Janet"
10819|CACTU|2|*MISSING*|"Davolio", "Nancy"|"Leverling2", "Janet"
10819|CACTU|2|*MISSING*|"Davolio", "Nancy"|"Leverling2", "Janet"
10819|CACTU|2|*MISSING*|"Davolio", "Nancy"|"Davolio", "Nancy"
10832|LAMAI|2|*MISSING*|"Davolio", "Nancy"|"Davolio", "Nancy"
10832|LAMAI|2|*MISSING*|"Davolio", "Nancy"|"Leverling", "Janet"
10832|LAMAI|2|*MISSING*|"Davolio", "Nancy"|"Leverling2", "Janet"
10832|LAMAI|2|*MISSING*|"Davolio", "Nancy"|"Peacock", "Margaret"
10832|LAMAI|2|*MISSING*|"Davolio", "Nancy"|"Buchanan", "Steven"
10832|LAMAI|2|*MISSING*|"Davolio", "Nancy"|"Callahan", "Laura"
10832|LAMAI|2|*MISSING*|"Davolio", "Nancy"|"Davolio", "Nancy"
10832|LAMAI|2|*MISSING*|"Davolio", "Nancy"|"Leverling", "Janet"
10832|LAMAI|2|*MISSING*|"Davolio", "Nancy"|"Leverling2", "Janet"
10832|LAMAI|2|*MISSING*|"Davolio", "Nancy"|"Leverling2", "Janet"
10832|LAMAI|2|*MISSING*|"Davolio", "Nancy"|"Davolio", "Nancy"
10846|SUPRD|2|*MISSING*|"Davolio", "Nancy"|"Davolio", "Nancy"
10846|SUPRD|2|*MISSING*|"Davolio", "Nancy"|"Leverling", "Janet"
10846|SUPRD|2|*MISSING*|"Davolio", "Nancy"|"Leverling2", "Janet"
10846|SUPRD|2|*MISSING*|"Davolio", "Nancy"|"Peacock", "Margaret"
10846|SUPRD|2|*MISSING*|"Davolio", "Nancy"|"Buchanan", "Steven"
10846|SUPRD|2|*MISSING*|"Davolio", "Nancy"|"Callahan", "Laura"
10846|SUPRD|2|*MISSING*|"Davolio", "Nancy"|"Davolio", "Nancy"
10846|SUPRD|2|*MISSING*|"Davolio", "Nancy"|"Leverling", "Janet"
10846|SUPRD|2|*MISSING*|"Davolio", "Nancy"|"Leverling2", "Janet"
10846|SUPRD|2|*MISSING*|"Davolio", "Nancy"|"Leverling2", "Janet"
10846|SUPRD|2|*MISSING*|"Davolio", "Nancy"|"Davolio", "Nancy"
10858|LACOR|2|*MISSING*|"Davolio", "Nancy"|"Davolio", "Nancy"
10858|LACOR|2|*MISSING*|"Davolio", "Nancy"|"Leverling", "Janet"
10858|LACOR|2|*MISSING*|"Davolio", "Nancy"|"Leverling2", "Janet"
10858|LACOR|2|*MISSING*|"Davolio", "Nancy"|"Peacock", "Margaret"
10858|LACOR|2|*MISSING*|"Davolio", "Nancy"|"Buchanan", "Steven"
10858|LACOR|2|*MISSING*|"Davolio", "Nancy"|"Callahan", "Laura"
10858|LACOR|2|*MISSING*|"Davolio", "Nancy"|"Davolio", "Nancy"
10858|LACOR|2|*MISSING*|"Davolio", "Nancy"|"Leverling", "Janet"
10858|LACOR|2|*MISSING*|"Davolio", "Nancy"|"Leverling2", "Janet"
10858|LACOR|2|*MISSING*|"Davolio", "Nancy"|"Leverling2", "Janet"
10858|LACOR|2|*MISSING*|"Davolio", "Nancy"|"Davolio", "Nancy"
10865|QUICK|2|*MISSING*|"Davolio", "Nancy"|"Davolio", "Nancy"
10865|QUICK|2|*MISSING*|"Davolio", "Nancy"|"Leverling", "Janet"
10865|QUICK|2|*MISSING*|"Davolio", "Nancy"|"Leverling2", "Janet"
10865|QUICK|2|*MISSING*|"Davolio", "Nancy"|"Peacock", "Margaret"
10865|QUICK|2|*MISSING*|"Davolio", "Nancy"|"Buchanan", "Steven"
10865|QUICK|2|*MISSING*|"Davolio", "Nancy"|"Callahan", "Laura"
10865|QUICK|2|*MISSING*|"Davolio", "Nancy"|"Davolio", "Nancy"
10865|QUICK|2|*MISSING*|"Davolio", "Nancy"|"Leverling", "Janet"
10865|QUICK|2|*MISSING*|"Davolio", "Nancy"|"Leverling2", "Janet"
10865|QUICK|2|*MISSING*|"Davolio", "Nancy"|"Leverling2", "Janet"
10865|QUICK|2|*MISSING*|"Davolio", "Nancy"|"Davolio", "Nancy"
10912|HUNGO|2|*MISSING*|"Davolio", "Nancy"|"Davolio", "Nancy"
10912|HUNGO|2|*MISSING*|"Davolio", "Nancy"|"Leverling", "Janet"
10912|HUNGO|2|*MISSING*|"Davolio", "Nancy"|"Leverling2", "Janet"
10912|HUNGO|2|*MISSING*|"Davolio", "Nancy"|"Peacock", "Margaret"
10912|HUNGO|2|*MISSING*|"Davolio", "Nancy"|"Buchanan", "Steven"
10912|HUNGO|2|*MISSING*|"Davolio", "Nancy"|"Callahan", "Laura"
10912|HUNGO|2|*MISSING*|"Davolio", "Nancy"|"Davolio", "Nancy"
10912|HUNGO|2|*MISSING*|"Davolio", "Nancy"|"Leverling", "Janet"
10912|HUNGO|2|*MISSING*|"Davolio", "Nancy"|"Leverling2", "Janet"
10912|HUNGO|2|*MISSING*|"Davolio", "Nancy"|"Leverling2", "Janet"
10912|HUNGO|2|*MISSING*|"Davolio", "Nancy"|"Davolio", "Nancy"
10915|TORTU|2|*MISSING*|"Davolio", "Nancy"|"Davolio", "Nancy"
10915|TORTU|2|*MISSING*|"Davolio", "Nancy"|"Leverling", "Janet"
10915|TORTU|2|*MISSING*|"Davolio", "Nancy"|"Leverling2", "Janet"
10915|TORTU|2|*MISSING*|"Davolio", "Nancy"|"Peacock", "Margaret"
10915|TORTU|2|*MISSING*|"Davolio", "Nancy"|"Buchanan", "Steven"
10915|TORTU|2|*MISSING*|"Davolio", "Nancy"|"Callahan", "Laura"
10915|TORTU|2|*MISSING*|"Davolio", "Nancy"|"Davolio", "Nancy"
10915|TORTU|2|*MISSING*|"Davolio", "Nancy"|"Leverling", "Janet"
10915|TORTU|2|*MISSING*|"Davolio", "Nancy"|"Leverling2", "Janet"
10915|TORTU|2|*MISSING*|"Davolio", "Nancy"|"Leverling2", "Janet"
10915|TORTU|2|*MISSING*|"Davolio", "Nancy"|"Davolio", "Nancy"
10919|LINOD|2|*MISSING*|"Davolio", "Nancy"|"Davolio", "Nancy"
10919|LINOD|2|*MISSING*|"Davolio", "Nancy"|"Leverling", "Janet"
10919|LINOD|2|*MISSING*|"Davolio", "Nancy"|"Leverling2", "Janet"
10919|LINOD|2|*MISSING*|"Davolio", "Nancy"|"Peacock", "Margaret"
10919|LINOD|2|*MISSING*|"Davolio", "Nancy"|"Buchanan", "Steven"
10919|LINOD|2|*MISSING*|"Davolio", "Nancy"|"Callahan", "Laura"
10919|LINOD|2|*MISSING*|"Davolio", "Nancy"|"Davolio", "Nancy"
10919|LINOD|2|*MISSING*|"Davolio", "Nancy"|"Leverling", "Janet"
10919|LINOD|2|*MISSING*|"Davolio", "Nancy"|"Leverling2", "Janet"
10919|LINOD|2|*MISSING*|"Davolio", "Nancy"|"Leverling2", "Janet"
10919|LINOD|2|*MISSING*|"Davolio", "Nancy"|"Davolio", "Nancy"
10939|MAGAA|2|*MISSING*|"Davolio", "Nancy"|"Davolio", "Nancy"
10939|MAGAA|2|*MISSING*|"Davolio", "Nancy"|"Leverling", "Janet"
10939|MAGAA|2|*MISSING*|"Davolio", "Nancy"|"Leverling2", "Janet"
10939|MAGAA|2|*MISSING*|"Davolio", "Nancy"|"Peacock", "Margaret"
10939|MAGAA|2|*MISSING*|"Davolio", "Nancy"|"Buchanan", "Steven"
10939|MAGAA|2|*MISSING*|"Davolio", "Nancy"|"Callahan", "Laura"
10939|MAGAA|2|*MISSING*|"Davolio", "Nancy"|"Davolio", "Nancy"
10939|MAGAA|2|*MISSING*|"Davolio", "Nancy"|"Leverling", "Janet"
10939|MAGAA|2|*MISSING*|"Davolio", "Nancy"|"Leverling2", "Janet"
10939|MAGAA|2|*MISSING*|"Davolio", "Nancy"|"Leverling2", "Janet"
10939|MAGAA|2|*MISSING*|"Davolio", "Nancy"|"Davolio", "Nancy"
10949|BOTTM|2|*MISSING*|"Davolio", "Nancy"|"Davolio", "Nancy"
10949|BOTTM|2|*MISSING*|"Davolio", "Nancy"|"Leverling", "Janet"
10949|BOTTM|2|*MISSING*|"Davolio", "Nancy"|"Leverling2", "Janet"
10949|BOTTM|2|*MISSING*|"Davolio", "Nancy"|"Peacock", "Margaret"
10949|BOTTM|2|*MISSING*|"Davolio", "Nancy"|"Buchanan", "Steven"
10949|BOTTM|2|*MISSING*|"Davolio", "Nancy"|"Callahan", "Laura"
10949|BOTTM|2|*MISSING*|"Davolio", "Nancy"|"Davolio", "Nancy"
10949|BOTTM|2|*MISSING*|"Davolio", "Nancy"|"Leverling", "Janet"
10949|BOTTM|2|*MISSING*|"Davolio", "Nancy"|"Leverling2", "Janet"
10949|BOTTM|2|*MISSING*|"Davolio", "Nancy"|"Leverling2", "Janet"
10949|BOTTM|2|*MISSING*|"Davolio", "Nancy"|"Davolio", "Nancy"
10967|TOMSP|2|*MISSING*|"Davolio", "Nancy"|"Davolio", "Nancy"
10967|TOMSP|2|*MISSING*|"Davolio", "Nancy"|"Leverling", "Janet"
10967|TOMSP|2|*MISSING*|"Davolio", "Nancy"|"Leverling2", "Janet"
10967|TOMSP|2|*MISSING*|"Davolio", "Nancy"|"Peacock", "Margaret"
10967|TOMSP|2|*MISSING*|"Davolio", "Nancy"|"Buchanan", "Steven"
10967|TOMSP|2|*MISSING*|"Davolio", "Nancy"|"Callahan", "Laura"
10967|TOMSP|2|*MISSING*|"Davolio", "Nancy"|"Davolio", "Nancy"
10967|TOMSP|2|*MISSING*|"Davolio", "Nancy"|"Leverling", "Janet"
10967|TOMSP|2|*MISSING*|"Davolio", "Nancy"|"Leverling2", "Janet"
10967|TOMSP|2|*MISSING*|"Davolio", "Nancy"|"Leverling2", "Janet"
10967|TOMSP|2|*MISSING*|"Davolio", "Nancy"|"Davolio", "Nancy"
10971|FRANR|2|*MISSING*|"Davolio", "Nancy"|"Davolio", "Nancy"
10971|FRANR|2|*MISSING*|"Davolio", "Nancy"|"Leverling", "Janet"
10971|FRANR|2|*MISSING*|"Davolio", "Nancy"|"Leverling2", "Janet"
10971|FRANR|2|*MISSING*|"Davolio", "Nancy"|"Peacock", "Margaret"
10971|FRANR|2|*MISSING*|"Davolio", "Nancy"|"Buchanan", "Steven"
10971|FRANR|2|*MISSING*|"Davolio", "Nancy"|"Callahan", "Laura"
10971|FRANR|2|*MISSING*|"Davolio", "Nancy"|"Davolio", "Nancy"
10971|FRANR|2|*MISSING*|"Davolio", "Nancy"|"Leverling", "Janet"
10971|FRANR|2|*MISSING*|"Davolio", "Nancy"|"Leverling2", "Janet"
10971|FRANR|2|*MISSING*|"Davolio", "Nancy"|"Leverling2", "Janet"
10971|FRANR|2|*MISSING*|"Davolio", "Nancy"|"Davolio", "Nancy"
10982|BOTTM|2|*MISSING*|"Davolio", "Nancy"|"Davolio", "Nancy"
10982|BOTTM|2|*MISSING*|"Davolio", "Nancy"|"Leverling", "Janet"
10982|BOTTM|2|*MISSING*|"Davolio", "Nancy"|"Leverling2", "Janet"
10982|BOTTM|2|*MISSING*|"Davolio", "Nancy"|"Peacock", "Margaret"
10982|BOTTM|2|*MISSING*|"Davolio", "Nancy"|"Buchanan", "Steven"
10982|BOTTM|2|*MISSING*|"Davolio", "Nancy"|"Callahan", "Laura"
10982|BOTTM|2|*MISSING*|"Davolio", "Nancy"|"Davolio", "Nancy"
10982|BOTTM|2|*MISSING*|"Davolio", "Nancy"|"Leverling", "Janet"
10982|BOTTM|2|*MISSING*|"Davolio", "Nancy"|"Leverling2", "Janet"
10982|BOTTM|2|*MISSING*|"Davolio", "Nancy"|"Leverling2", "Janet"
10982|BOTTM|2|*MISSING*|"Davolio", "Nancy"|"Davolio", "Nancy"
10983|SAVEA|2|*MISSING*|"Davolio", "Nancy"|"Davolio", "Nancy"
10983|SAVEA|2|*MISSING*|"Davolio", "Nancy"|"Leverling", "Janet"
10983|SAVEA|2|*MISSING*|"Davolio", "Nancy"|"Leverling2", "Janet"
10983|SAVEA|2|*MISSING*|"Davolio", "Nancy"|"Peacock", "Margaret"
10983|SAVEA|2|*MISSING*|"Davolio", "Nancy"|"Buchanan", "Steven"
10983|SAVEA|2|*MISSING*|"Davolio", "Nancy"|"Callahan", "Laura"
10983|SAVEA|2|*MISSING*|"Davolio", "Nancy"|"Davolio", "Nancy"
10983|SAVEA|2|*MISSING*|"Davolio", "Nancy"|"Leverling", "Janet"
10983|SAVEA|2|*MISSING*|"Davolio", "Nancy"|"Leverling2", "Janet"
10983|SAVEA|2|*MISSING*|"Davolio", "Nancy"|"Leverling2", "Janet"
10983|SAVEA|2|*MISSING*|"Davolio", "Nancy"|"Davolio", "Nancy"
10985|HUNGO|2|*MISSING*|"Davolio", "Nancy"|"Davolio", "Nancy"
10985|HUNGO|2|*MISSING*|"Davolio", "Nancy"|"Leverling", "Janet"
10985|HUNGO|2|*MISSING*|"Davolio", "Nancy"|"Leverling2", "Janet"
10985|HUNGO|2|*MISSING*|"Davolio", "Nancy"|"Peacock", "Margaret"
10985|HUNGO|2|*MISSING*|"Davolio", "Nancy"|"Buchanan", "Steven"
10985|HUNGO|2|*MISSING*|"Davolio", "Nancy"|"Callahan", "Laura"
10985|HUNGO|2|*MISSING*|"Davolio", "Nancy"|"Davolio", "Nancy"
10985|HUNGO|2|*MISSING*|"Davolio", "Nancy"|"Leverling", "Janet"
10985|HUNGO|2|*MISSING*|"Davolio", "Nancy"|"Leverling2", "Janet"
10985|HUNGO|2|*MISSING*|"Davolio", "Nancy"|"Leverling2", "Janet"
10985|HUNGO|2|*MISSING*|"Davolio", "Nancy"|"Davolio", "Nancy"
10989|QUEDE|2|*MISSING*|"Davolio", "Nancy"|"Davolio", "Nancy"
10989|QUEDE|2|*MISSING*|"Davolio", "Nancy"|"Leverling", "Janet"
10989|QUEDE|2|*MISSING*|"Davolio", "Nancy"|"Leverling2", "Janet"
10989|QUEDE|2|*MISSING*|"Davolio", "Nancy"|"Peacock", "Margaret"
10989|QUEDE|2|*MISSING*|"Davolio", "Nancy"|"Buchanan", "Steven"
10989|QUEDE|2|*MISSING*|"Davolio", "Nancy"|"Callahan", "Laura"
10989|QUEDE|2|*MISSING*|"Davolio", "Nancy"|"Davolio", "Nancy"
10989|QUEDE|2|*MISSING*|"Davolio", "Nancy"|"Leverling", "Janet"
10989|QUEDE|2|*MISSING*|"Davolio", "Nancy"|"Leverling2", "Janet"
10989|QUEDE|2|*MISSING*|"Davolio", "Nancy"|"Leverling2", "Janet"
10989|QUEDE|2|*MISSING*|"Davolio", "Nancy"|"Davolio", "Nancy"
10990|ERNSH|2|*MISSING*|"Davolio", "Nancy"|"Davolio", "Nancy"
10990|ERNSH|2|*MISSING*|"Davolio", "Nancy"|"Leverling", "Janet"
10990|ERNSH|2|*MISSING*|"Davolio", "Nancy"|"Leverling2", "Janet"
10990|ERNSH|2|*MISSING*|"Davolio", "Nancy"|"Peacock", "Margaret"
10990|ERNSH|2|*MISSING*|"Davolio", "Nancy"|"Buchanan", "Steven"
10990|ERNSH|2|*MISSING*|"Davolio", "Nancy"|"Callahan", "Laura"
10990|ERNSH|2|*MISSING*|"Davolio", "Nancy"|"Davolio", "Nancy"
10990|ERNSH|2|*MISSING*|"Davolio", "Nancy"|"Leverling", "Janet"
10990|ERNSH|2|*MISSING*|"Davolio", "Nancy"|"Leverling2", "Janet"
10990|ERNSH|2|*MISSING*|"Davolio", "Nancy"|"Leverling2", "Janet"
10990|ERNSH|2|*MISSING*|"Davolio", "Nancy"|"Davolio", "Nancy"
10994|VAFFE|2|*MISSING*|"Davolio", "Nancy"|"Davolio", "Nancy"
10994|VAFFE|2|*MISSING*|"Davolio", "Nancy"|"Leverling", "Janet"
10994|VAFFE|2|*MISSING*|"Davolio", "Nancy"|"Leverling2", "Janet"
10994|VAFFE|2|*MISSING*|"Davolio", "Nancy"|"Peacock", "Margaret"
10994|VAFFE|2|*MISSING*|"Davolio", "Nancy"|"Buchanan", "Steven"
10994|VAFFE|2|*MISSING*|"Davolio", "Nancy"|"Callahan", "Laura"
10994|VAFFE|2|*MISSING*|"Davolio", "Nancy"|"Davolio", "Nancy"
10994|VAFFE|2|*MISSING*|"Davolio", "Nancy"|"Leverling", "Janet"
10994|VAFFE|2|*MISSING*|"Davolio", "Nancy"|"Leverling2", "Janet"
10994|VAFFE|2|*MISSING*|"Davolio", "Nancy"|"Leverling2", "Janet"
10994|VAFFE|2|*MISSING*|"Davolio", "Nancy"|"Davolio", "Nancy"
11000|RATTC|2|*MISSING*|"Davolio", "Nancy"|"Davolio", "Nancy"
11000|RATTC|2|*MISSING*|"Davolio", "Nancy"|"Leverling", "Janet"
11000|RATTC|2|*MISSING*|"Davolio", "Nancy"|"Leverling2", "Janet"
11000|RATTC|2|*MISSING*|"Davolio", "Nancy"|"Peacock", "Margaret"
11000|RATTC|2|*MISSING*|"Davolio", "Nancy"|"Buchanan", "Steven"
11000|RATTC|2|*MISSING*|"Davolio", "Nancy"|"Callahan", "Laura"
11000|RATTC|2|*MISSING*|"Davolio", "Nancy"|"Davolio", "Nancy"
11000|RATTC|2|*MISSING*|"Davolio", "Nancy"|"Leverling", "Janet"
11000|RATTC|2|*MISSING*|"Davolio", "Nancy"|"Leverling2", "Janet"
11000|RATTC|2|*MISSING*|"Davolio", "Nancy"|"Leverling2", "Janet"
11000|RATTC|2|*MISSING*|"Davolio", "Nancy"|"Davolio", "Nancy"
11001|FOLKO|2|*MISSING*|"Davolio", "Nancy"|"Davolio", "Nancy"
11001|FOLKO|2|*MISSING*|"Davolio", "Nancy"|"Leverling", "Janet"
11001|FOLKO|2|*MISSING*|"Davolio", "Nancy"|"Leverling2", "Janet"
11001|FOLKO|2|*MISSING*|"Davolio", "Nancy"|"Peacock", "Margaret"
11001|FOLKO|2|*MISSING*|"Davolio", "Nancy"|"Buchanan", "Steven"
11001|FOLKO|2|*MISSING*|"Davolio", "Nancy"|"Callahan", "Laura"
11001|FOLKO|2|*MISSING*|"Davolio", "Nancy"|"Davolio", "Nancy"
11001|FOLKO|2|*MISSING*|"Davolio", "Nancy"|"Leverling", "Janet"
11001|FOLKO|2|*MISSING*|"Davolio", "Nancy"|"Leverling2", "Janet"
11001|FOLKO|2|*MISSING*|"Davolio", "Nancy"|"Leverling2", "Janet"
11001|FOLKO|2|*MISSING*|"Davolio", "Nancy"|"Davolio", "Nancy"
11005|WILMK|2|*MISSING*|"Davolio", "Nancy"|"Davolio", "Nancy"
11005|WILMK|2|*MISSING*|"Davolio", "Nancy"|"Leverling", "Janet"
11005|WILMK|2|*MISSING*|"Davolio", "Nancy"|"Leverling2", "Janet"
11005|WILMK|2|*MISSING*|"Davolio", "Nancy"|"Peacock", "Margaret"
11005|WILMK|2|*MISSING*|"Davolio", "Nancy"|"Buchanan", "Steven"
11005|WILMK|2|*MISSING*|"Davolio", "Nancy"|"Callahan", "Laura"
11005|WILMK|2|*MISSING*|"Davolio", "Nancy"|"Davolio", "Nancy"
11005|WILMK|2|*MISSING*|"Davolio", "Nancy"|"Leverling", "Janet"
11005|WILMK|2|*MISSING*|"Davolio", "Nancy"|"Leverling2", "Janet"
11005|WILMK|2|*MISSING*|"Davolio", "Nancy"|"Leverling2", "Janet"
11005|WILMK|2|*MISSING*|"Davolio", "Nancy"|"Davolio", "Nancy"
11009|GODOS|2|*MISSING*|"Davolio", "Nancy"|"Davolio", "Nancy"
11009|GODOS|2|*MISSING*|"Davolio", "Nancy"|"Leverling", "Janet"
11009|GODOS|2|*MISSING*|"Davolio", "Nancy"|"Leverling2", "Janet"
11009|GODOS|2|*MISSING*|"Davolio", "Nancy"|"Peacock", "Margaret"
11009|GODOS|2|*MISSING*|"Davolio", "Nancy"|"Buchanan", "Steven"
11009|GODOS|2|*MISSING*|"Davolio", "Nancy"|"Callahan", "Laura"
11009|GODOS|2|*MISSING*|"Davolio", "Nancy"|"Davolio", "Nancy"
11009|GODOS|2|*MISSING*|"Davolio", "Nancy"|"Leverling", "Janet"
11009|GODOS|2|*MISSING*|"Davolio", "Nancy"|"Leverling2", "Janet"
11009|GODOS|2|*MISSING*|"Davolio", "Nancy"|"Leverling2", "Janet"
11009|GODOS|2|*MISSING*|"Davolio", "Nancy"|"Davolio", "Nancy"
11010|REGGC|2|*MISSING*|"Davolio", "Nancy"|"Davolio", "Nancy"
11010|REGGC|2|*MISSING*|"Davolio", "Nancy"|"Leverling", "Janet"
11010|REGGC|2|*MISSING*|"Davolio", "Nancy"|"Leverling2", "Janet"
11010|REGGC|2|*MISSING*|"Davolio", "Nancy"|"Peacock", "Margaret"
11010|REGGC|2|*MISSING*|"Davolio", "Nancy"|"Buchanan", "Steven"
11010|REGGC|2|*MISSING*|"Davolio", "Nancy"|"Callahan", "Laura"
11010|REGGC|2|*MISSING*|"Davolio", "Nancy"|"Davolio", "Nancy"
11010|REGGC|2|*MISSING*|"Davolio", "Nancy"|"Leverling", "Janet"
11010|REGGC|2|*MISSING*|"Davolio", "Nancy"|"Leverling2", "Janet"
11010|REGGC|2|*MISSING*|"Davolio", "Nancy"|"Leverling2", "Janet"
11010|REGGC|2|*MISSING*|"Davolio", "Nancy"|"Davolio", "Nancy"
11013|ROMEY|2|*MISSING*|"Davolio", "Nancy"|"Davolio", "Nancy"
11013|ROMEY|2|*MISSING*|"Davolio", "Nancy"|"Leverling", "Janet"
11013|ROMEY|2|*MISSING*|"Davolio", "Nancy"|"Leverling2", "Janet"
11013|ROMEY|2|*MISSING*|"Davolio", "Nancy"|"Peacock", "Margaret"
11013|ROMEY|2|*MISSING*|"Davolio", "Nancy"|"Buchanan", "Steven"
11013|ROMEY|2|*MISSING*|"Davolio", "Nancy"|"Callahan", "Laura"
11013|ROMEY|2|*MISSING*|"Davolio", "Nancy"|"Davolio", "Nancy"
11013|ROMEY|2|*MISSING*|"Davolio", "Nancy"|"Leverling", "Janet"
11013|ROMEY|2|*MISSING*|"Davolio", "Nancy"|"Leverling2", "Janet"
11013|ROMEY|2|*MISSING*|"Davolio", "Nancy"|"Leverling2", "Janet"
11013|ROMEY|2|*MISSING*|"Davolio", "Nancy"|"Davolio", "Nancy"
11014|LINOD|2|*MISSING*|"Davolio", "Nancy"|"Davolio", "Nancy"
11014|LINOD|2|*MISSING*|"Davolio", "Nancy"|"Leverling", "Janet"
11014|LINOD|2|*MISSING*|"Davolio", "Nancy"|"Leverling2", "Janet"
11014|LINOD|2|*MISSING*|"Davolio", "Nancy"|"Peacock", "Margaret"
11014|LINOD|2|*MISSING*|"Davolio", "Nancy"|"Buchanan", "Steven"
11014|LINOD|2|*MISSING*|"Davolio", "Nancy"|"Callahan", "Laura"
11014|LINOD|2|*MISSING*|"Davolio", "Nancy"|"Davolio", "Nancy"
11014|LINOD|2|*MISSING*|"Davolio", "Nancy"|"Leverling", "Janet"
11014|LINOD|2|*MISSING*|"Davolio", "Nancy"|"Leverling2", "Janet"
11014|LINOD|2|*MISSING*|"Davolio", "Nancy"|"Leverling2", "Janet"
11014|LINOD|2|*MISSING*|"Davolio", "Nancy"|"Davolio", "Nancy"
11015|SANTG|2|*MISSING*|"Davolio", "Nancy"|"Davolio", "Nancy"
11015|SANTG|2|*MISSING*|"Davolio", "Nancy"|"Leverling", "Janet"
11015|SANTG|2|*MISSING*|"Davolio", "Nancy"|"Leverling2", "Janet"
11015|SANTG|2|*MISSING*|"Davolio", "Nancy"|"Peacock", "Margaret"
11015|SANTG|2|*MISSING*|"Davolio", "Nancy"|"Buchanan", "Steven"
11015|SANTG|2|*MISSING*|"Davolio", "Nancy"|"Callahan", "Laura"
11015|SANTG|2|*MISSING*|"Davolio", "Nancy"|"Davolio", "Nancy"
11015|SANTG|2|*MISSING*|"Davolio", "Nancy"|"Leverling", "Janet"
11015|SANTG|2|*MISSING*|"Davolio", "Nancy"|"Leverling2", "Janet"
11015|SANTG|2|*MISSING*|"Davolio", "Nancy"|"Leverling2", "Janet"
11015|SANTG|2|*MISSING*|"Davolio", "Nancy"|"Davolio", "Nancy"
11020|OTTIK|2|*MISSING*|"Davolio", "Nancy"|"Davolio", "Nancy"
11020|OTTIK|2|*MISSING*|"Davolio", "Nancy"|"Leverling", "Janet"
11020|OTTIK|2|*MISSING*|"Davolio", "Nancy"|"Leverling2", "Janet"
11020|OTTIK|2|*MISSING*|"Davolio", "Nancy"|"Peacock", "Margaret"
11020|OTTIK|2|*MISSING*|"Davolio", "Nancy"|"Buchanan", "Steven"
11020|OTTIK|2|*MISSING*|"Davolio", "Nancy"|"Callahan", "Laura"
11020|OTTIK|2|*MISSING*|"Davolio", "Nancy"|"Davolio", "Nancy"
11020|OTTIK|2|*MISSING*|"Davolio", "Nancy"|"Leverling", "Janet"
11020|OTTIK|2|*MISSING*|"Davolio", "Nancy"|"Leverling2", "Janet"
11020|OTTIK|2|*MISSING*|"Davolio", "Nancy"|"Leverling2", "Janet"
11020|OTTIK|2|*MISSING*|"Davolio", "Nancy"|"Davolio", "Nancy"
11028|KOENE|2|*MISSING*|"Davolio", "Nancy"|"Davolio", "Nancy"
11028|KOENE|2|*MISSING*|"Davolio", "Nancy"|"Leverling", "Janet"
11028|KOENE|2|*MISSING*|"Davolio", "Nancy"|"Leverling2", "Janet"
11028|KOENE|2|*MISSING*|"Davolio", "Nancy"|"Peacock", "Margaret"
11028|KOENE|2|*MISSING*|"Davolio", "Nancy"|"Buchanan", "Steven"
11028|KOENE|2|*MISSING*|"Davolio", "Nancy"|"Callahan", "Laura"
11028|KOENE|2|*MISSING*|"Davolio", "Nancy"|"Davolio", "Nancy"
11028|KOENE|2|*MISSING*|"Davolio", "Nancy"|"Leverling", "Janet"
11028|KOENE|2|*MISSING*|"Davolio", "Nancy"|"Leverling2", "Janet"
11028|KOENE|2|*MISSING*|"Davolio", "Nancy"|"Leverling2", "Janet"
11028|KOENE|2|*MISSING*|"Davolio", "Nancy"|"Davolio", "Nancy"
11032|WHITC|2|*MISSING*|"Davolio", "Nancy"|"Davolio", "Nancy"
11032|WHITC|2|*MISSING*|"Davolio", "Nancy"|"Leverling", "Janet"
11032|WHITC|2|*MISSING*|"Davolio", "Nancy"|"Leverling2", "Janet"
11032|WHITC|2|*MISSING*|"Davolio", "Nancy"|"Peacock", "Margaret"
11032|WHITC|2|*MISSING*|"Davolio", "Nancy"|"Buchanan", "Steven"
11032|WHITC|2|*MISSING*|"Davolio", "Nancy"|"Callahan", "Laura"
11032|WHITC|2|*MISSING*|"Davolio", "Nancy"|"Davolio", "Nancy"
11032|WHITC|2|*MISSING*|"Davolio", "Nancy"|"Leverling", "Janet"
11032|WHITC|2|*MISSING*|"Davolio", "Nancy"|"Leverling2", "Janet"
11032|WHITC|2|*MISSING*|"Davolio", "Nancy"|"Leverling2", "Janet"
11032|WHITC|2|*MISSING*|"Davolio", "Nancy"|"Davolio", "Nancy"
11035|SUPRD|2|*MISSING*|"Davolio", "Nancy"|"Davolio", "Nancy"
11035|SUPRD|2|*MISSING*|"Davolio", "Nancy"|"Leverling", "Janet"
11035|SUPRD|2|*MISSING*|"Davolio", "Nancy"|"Leverling2", "Janet"
11035|SUPRD|2|*MISSING*|"Davolio", "Nancy"|"Peacock", "Margaret"
11035|SUPRD|2|*MISSING*|"Davolio", "Nancy"|"Buchanan", "Steven"
11035|SUPRD|2|*MISSING*|"Davolio", "Nancy"|"Callahan", "Laura"
11035|SUPRD|2|*MISSING*|"Davolio", "Nancy"|"Davolio", "Nancy"
11035|SUPRD|2|*MISSING*|"Davolio", "Nancy"|"Leverling", "Janet"
11035|SUPRD|2|*MISSING*|"Davolio", "Nancy"|"Leverling2", "Janet"
11035|SUPRD|2|*MISSING*|"Davolio", "Nancy"|"Leverling2", "Janet"
11035|SUPRD|2|*MISSING*|"Davolio", "Nancy"|"Davolio", "Nancy"
11042|COMMI|2|*MISSING*|"Davolio", "Nancy"|"Davolio", "Nancy"
11042|COMMI|2|*MISSING*|"Davolio", "Nancy"|"Leverling", "Janet"
11042|COMMI|2|*MISSING*|"Davolio", "Nancy"|"Leverling2", "Janet"
11042|COMMI|2|*MISSING*|"Davolio", "Nancy"|"Peacock", "Margaret"
11042|COMMI|2|*MISSING*|"Davolio", "Nancy"|"Buchanan", "Steven"
11042|COMMI|2|*MISSING*|"Davolio", "Nancy"|"Callahan", "Laura"
11042|COMMI|2|*MISSING*|"Davolio", "Nancy"|"Davolio", "Nancy"
11042|COMMI|2|*MISSING*|"Davolio", "Nancy"|"Leverling", "Janet"
11042|COMMI|2|*MISSING*|"Davolio", "Nancy"|"Leverling2", "Janet"
11042|COMMI|2|*MISSING*|"Davolio", "Nancy"|"Leverling2", "Janet"
11042|COMMI|2|*MISSING*|"Davolio", "Nancy"|"Davolio", "Nancy"
11053|PICCO|2|*MISSING*|"Davolio", "Nancy"|"Davolio", "Nancy"
11053|PICCO|2|*MISSING*|"Davolio", "Nancy"|"Leverling", "Janet"
11053|PICCO|2|*MISSING*|"Davolio", "Nancy"|"Leverling2", "Janet"
11053|PICCO|2|*MISSING*|"Davolio", "Nancy"|"Peacock", "Margaret"
11053|PICCO|2|*MISSING*|"Davolio", "Nancy"|"Buchanan", "Steven"
11053|PICCO|2|*MISSING*|"Davolio", "Nancy"|"Callahan", "Laura"
11053|PICCO|2|*MISSING*|"Davolio", "Nancy"|"Davolio", "Nancy"
11053|PICCO|2|*MISSING*|"Davolio", "Nancy"|"Leverling", "Janet"
11053|PICCO|2|*MISSING*|"Davolio", "Nancy"|"Leverling2", "Janet"
11053|PICCO|2|*MISSING*|"Davolio", "Nancy"|"Leverling2", "Janet"
11053|PICCO|2|*MISSING*|"Davolio", "Nancy"|"Davolio", "Nancy"
11059|RICAR|2|*MISSING*|"Davolio", "Nancy"|"Davolio", "Nancy"
11059|RICAR|2|*MISSING*|"Davolio", "Nancy"|"Leverling", "Janet"
11059|RICAR|2|*MISSING*|"Davolio", "Nancy"|"Leverling2", "Janet"
11059|RICAR|2|*MISSING*|"Davolio", "Nancy"|"Peacock", "Margaret"
11059|RICAR|2|*MISSING*|"Davolio", "Nancy"|"Buchanan", "Steven"
11059|RICAR|2|*MISSING*|"Davolio", "Nancy"|"Callahan", "Laura"
11059|RICAR|2|*MISSING*|"Davolio", "Nancy"|"Davolio", "Nancy"
11059|RICAR|2|*MISSING*|"Davolio", "Nancy"|"Leverling", "Janet"
11059|RICAR|2|*MISSING*|"Davolio", "Nancy"|"Leverling2", "Janet"
11059|RICAR|2|*MISSING*|"Davolio", "Nancy"|"Leverling2", "Janet"
11059|RICAR|2|*MISSING*|"Davolio", "Nancy"|"Davolio", "Nancy"
11060|FRANS|2|*MISSING*|"Davolio", "Nancy"|"Davolio", "Nancy"
11060|FRANS|2|*MISSING*|"Davolio", "Nancy"|"Leverling", "Janet"
11060|FRANS|2|*MISSING*|"Davolio", "Nancy"|"Leverling2", "Janet"
11060|FRANS|2|*MISSING*|"Davolio", "Nancy"|"Peacock", "Margaret"
11060|FRANS|2|*MISSING*|"Davolio", "Nancy"|"Buchanan", "Steven"
11060|FRANS|2|*MISSING*|"Davolio", "Nancy"|"Callahan", "Laura"
11060|FRANS|2|*MISSING*|"Davolio", "Nancy"|"Davolio", "Nancy"
11060|FRANS|2|*MISSING*|"Davolio", "Nancy"|"Leverling", "Janet"
11060|FRANS|2|*MISSING*|"Davolio", "Nancy"|"Leverling2", "Janet"
11060|FRANS|2|*MISSING*|"Davolio", "Nancy"|"Leverling2", "Janet"
11060|FRANS|2|*MISSING*|"Davolio", "Nancy"|"Davolio", "Nancy"
11070|LEHMS|2|*MISSING*|"Davolio", "Nancy"|"Davolio", "Nancy"
11070|LEHMS|2|*MISSING*|"Davolio", "Nancy"|"Leverling", "Janet"
11070|LEHMS|2|*MISSING*|"Davolio", "Nancy"|"Leverling2", "Janet"
11070|LEHMS|2|*MISSING*|"Davolio", "Nancy"|"Peacock", "Margaret"
11070|LEHMS|2|*MISSING*|"Davolio", "Nancy"|"Buchanan", "Steven"
11070|LEHMS|2|*MISSING*|"Davolio", "Nancy"|"Callahan", "Laura"
11070|LEHMS|2|*MISSING*|"Davolio", "Nancy"|"Davolio", "Nancy"
11070|LEHMS|2|*MISSING*|"Davolio", "Nancy"|"Leverling", "Janet"
11070|LEHMS|2|*MISSING*|"Davolio", "Nancy"|"Leverling2", "Janet"
11070|LEHMS|2|*MISSING*|"Davolio", "Nancy"|"Leverling2", "Janet"
11070|LEHMS|2|*MISSING*|"Davolio", "Nancy"|"Davolio", "Nancy"
11073|PERIC|2|*MISSING*|"Davolio", "Nancy"|"Davolio", "Nancy"
11073|PERIC|2|*MISSING*|"Davolio", "Nancy"|"Leverling", "Janet"
11073|PERIC|2|*MISSING*|"Davolio", "Nancy"|"Leverling2", "Janet"
11073|PERIC|2|*MISSING*|"Davolio", "Nancy"|"Peacock", "Margaret"
11073|PERIC|2|*MISSING*|"Davolio", "Nancy"|"Buchanan", "Steven"
11073|PERIC|2|*MISSING*|"Davolio", "Nancy"|"Callahan", "Laura"
11073|PERIC|2|*MISSING*|"Davolio", "Nancy"|"Davolio", "Nancy"
11073|PERIC|2|*MISSING*|"Davolio", "Nancy"|"Leverling", "Janet"
11073|PERIC|2|*MISSING*|"Davolio", "Nancy"|"Leverling2", "Janet"
11073|PERIC|2|*MISSING*|"Davolio", "Nancy"|"Leverling2", "Janet"
11073|PERIC|2|*MISSING*|"Davolio", "Nancy"|"Davolio", "Nancy"
