10248.0;VINET;Vins et alcools Chevalier59 rue de l'AbbayeReimsFrance;0.0;;;;;16
10249.0;TOMSP;Toms SpezialitätenLuisenstr. 48MünsterGermany;1.0;;;;;37
10250.0;HANAR;Hanari CarnesRua do Paço, 67Rio de JaneiroBrazil;2.0;;;;;24
10251.0;VICTE;Victuailles en stock2, rue du CommerceLyonFrance;3.0;;;;;21
10252.0;SUPRD;Suprêmes délicesBoulevard Tirou, 255CharleroiBelgium;4.0;;;;;26
10253.0;HANAR;Hanari CarnesRua do Paço, 67Rio de JaneiroBrazil;5.0;;;;;8
10254.0;CHOPS;Chop-suey ChineseHauptstr. 31BernSwitzerland;6.0;;;;;16
10255.0;RICSU;Richter SupermarktStarenweg 5GenèveSwitzerland;7.0;;;;;25
10256.0;WELLI;Wellington ImportadoraRua do Mercado, 12ResendeBrazil;8.0;;;;;26
10257.0;HILAA;HILARIÓN-AbastosCarrera 22 con Ave. Carlos Soublette #8-35San CristóbalVenezuela;9.0;;;;;22
10258.0;ERNSH;Ernst HandelKirchgasse 6GrazAustria;10.0;;;;;22
10259.0;CENTC;Centro comercial MoctezumaSierras de Granada 9993México D.F.Mexico;11.0;;;;;21
10260.0;OTTIK;Ottilies KäseladenMehrheimerstr. 369KölnGermany;12.0;;;;;18
10261.0;QUEDE;Que DelíciaRua da Panificadora, 12Rio de JaneiroBrazil;13.0;;;;;17
10262.0;RATTC;Rattlesnake Canyon Grocery2817 Milton Dr.AlbuquerqueUSA;14.0;;;;;25
10263.0;ERNSH;Ernst HandelKirchgasse 6GrazAustria;15.0;;;;;20
10264.0;FOLKO;Folk och fä HBÅkergatan 24BräckeSweden;16.0;;;;;-2
10265.0;BLONP;Blondel père et fils24, place KléberStrasbourgFrance;17.0;;;;;10
10266.0;WARTH;Wartian HerkkuTorikatu 38OuluFinland;18.0;;;;;37
10267.0;FRANK;FrankenversandBerliner Platz 43MünchenGermany;19.0;;;;;20
10268.0;GROSR;GROSELLA-Restaurante5ª Ave. Los Palos GrandesCaracasVenezuela;20.0;;;;;25
10269.0;WHITC;White Clover Markets1029 - 12th Ave. S.SeattleUSA;21.0;;;;;5
10270.0;WARTH;Wartian HerkkuTorikatu 38OuluFinland;22.0;;;;;27
10271.0;SPLIR;Split Rail Beer & AleP.O. Box 555LanderUSA;23.0;;;;;-1
10272.0;RATTC;Rattlesnake Canyon Grocery2817 Milton Dr.AlbuquerqueUSA;24.0;;;;;24
10273.0;QUICK;QUICK-StopTaucherstraße 10CunewaldeGermany;25.0;;;;;21
10274.0;VINET;Vins et alcools Chevalier59 rue de l'AbbayeReimsFrance;26.0;;;;;18
10275.0;MAGAA;Magazzini Alimentari RiunitiVia Ludovico il Moro 22BergamoItaly;27.0;;;;;26
10276.0;TORTU;Tortuga RestauranteAvda. Azteca 123México D.F.Mexico;28.0;;;;;8
10277.0;MORGK;Morgenstern GesundkostHeerstr. 22LeipzigGermany;29.0;;;;;24
10278.0;BERGS;Berglunds snabbköpBerguvsvägen  8LuleåSweden;30.0;;;;;24
10279.0;LEHMS;Lehmanns MarktstandMagazinweg 7Frankfurt a.M. Germany;31.0;;;;;25
10280.0;BERGS;Berglunds snabbköpBerguvsvägen  8LuleåSweden;32.0;;;;;-1
10281.0;ROMEY;Romero y tomilloGran Vía, 1MadridSpain;33.0;;;;;7
10282.0;ROMEY;Romero y tomilloGran Vía, 1MadridSpain;34.0;;;;;22
10283.0;LILAS;LILA-SupermercadoCarrera 52 con Ave. Bolívar #65-98 Llano LargoBarquisimetoVenezuela;35.0;;;;;21
10284.0;LEHMS;Lehmanns MarktstandMagazinweg 7Frankfurt a.M. Germany;36.0;;;;;20
10285.0;QUICK;QUICK-StopTaucherstraße 10CunewaldeGermany;37.0;;;;;22
10286.0;QUICK;QUICK-StopTaucherstraße 10CunewaldeGermany;38.0;;;;;19
10287.0;RICAR;Ricardo AdocicadosAv. Copacabana, 267Rio de JaneiroBrazil;39.0;;;;;22
10288.0;REGGC;Reggiani CaseificiStrada Provinciale 124Reggio EmiliaItaly;40.0;;;;;17
10289.0;BSBEV;B's BeveragesFauntleroy CircusLondonUK;41.0;;;;;26
10290.0;COMMI;Comércio MineiroAv. dos Lusíadas, 23São PauloBrazil;42.0;;;;;21
10291.0;QUEDE;Que DelíciaRua da Panificadora, 12Rio de JaneiroBrazil;43.0;;;;;20
10292.0;TRADH;Tradição HipermercadosAv. Inês de Castro, 414São PauloBrazil;44.0;;;;;23
10293.0;TORTU;Tortuga RestauranteAvda. Azteca 123México D.F.Mexico;45.0;;;;;15
10294.0;RATTC;Rattlesnake Canyon Grocery2817 Milton Dr.AlbuquerqueUSA;46.0;;;;;22
10295.0;VINET;Vins et alcools Chevalier59 rue de l'AbbayeReimsFrance;47.0;;;;;20
10295.0;VINET;Vins et alcools Chevalier59 rue de l'AbbayeReimsFrance;48.0;;;;;20
