10248.0;VINET;Vins et alcools Chevalier59 rue de l'AbbayeReimsFrance;;;;;;16
10249.0;TOMSP;Toms SpezialitätenLuisenstr. 48MünsterGermany;;;;;;37
10250.0;HANAR;Hanari CarnesRua do Paço, 67Rio de JaneiroBrazil;;;;;;24
10251.0;VICTE;Victuailles en stock2, rue du CommerceLyonFrance;;;;;;21
10252.0;SUPRD;Suprêmes délicesBoulevard Tirou, 255CharleroiBelgium;;;;;;26
10253.0;HANAR;Hanari CarnesRua do Paço, 67Rio de JaneiroBrazil;;;;;;8
10254.0;CHOPS;Chop-suey ChineseHauptstr. 31BernSwitzerland;;;;;;16
10255.0;RICSU;Richter SupermarktStarenweg 5GenèveSwitzerland;;;;;;25
10256.0;WELLI;Wellington ImportadoraRua do Mercado, 12ResendeBrazil;;;;;;26
10257.0;HILAA;HILARIÓN-AbastosCarrera 22 con Ave. Carlos Soublette #8-35San CristóbalVenezuela;;;;;;22
10258.0;ERNSH;Ernst HandelKirchgasse 6GrazAustria;;;;;;22
10259.0;CENTC;Centro comercial MoctezumaSierras de Granada 9993México D.F.Mexico;;;;;;21
10260.0;OTTIK;Ottilies KäseladenMehrheimerstr. 369KölnGermany;;;;;;18
10261.0;QUEDE;Que DelíciaRua da Panificadora, 12Rio de JaneiroBrazil;;;;;;17
10262.0;RATTC;Rattlesnake Canyon Grocery2817 Milton Dr.AlbuquerqueUSA;;;;;;25
10263.0;ERNSH;Ernst HandelKirchgasse 6GrazAustria;;;;;;20
10264.0;FOLKO;Folk och fä HBÅkergatan 24BräckeSweden;;;;;;-2
10265.0;BLONP;Blondel père et fils24, place KléberStrasbourgFrance;;;;;;10
10266.0;WARTH;Wartian HerkkuTorikatu 38OuluFinland;;;;;;37
10267.0;FRANK;FrankenversandBerliner Platz 43MünchenGermany;;;;;;20
10268.0;GROSR;GROSELLA-Restaurante5ª Ave. Los Palos GrandesCaracasVenezuela;;;;;;25
10269.0;WHITC;White Clover Markets1029 - 12th Ave. S.SeattleUSA;;;;;;5
10270.0;WARTH;Wartian HerkkuTorikatu 38OuluFinland;;;;;;27
10271.0;SPLIR;Split Rail Beer & AleP.O. Box 555LanderUSA;;;;;;-1
10272.0;RATTC;Rattlesnake Canyon Grocery2817 Milton Dr.AlbuquerqueUSA;;;;;;24
10273.0;QUICK;QUICK-StopTaucherstraße 10CunewaldeGermany;;;;;;21
10274.0;VINET;Vins et alcools Chevalier59 rue de l'AbbayeReimsFrance;;;;;;18
10275.0;MAGAA;Magazzini Alimentari RiunitiVia Ludovico il Moro 22BergamoItaly;;;;;;26
10276.0;TORTU;Tortuga RestauranteAvda. Azteca 123México D.F.Mexico;;;;;;8
10277.0;MORGK;Morgenstern GesundkostHeerstr. 22LeipzigGermany;;;;;;24
10278.0;BERGS;Berglunds snabbköpBerguvsvägen  8LuleåSweden;;;;;;24
10279.0;LEHMS;Lehmanns MarktstandMagazinweg 7Frankfurt a.M. Germany;;;;;;25
10280.0;BERGS;Berglunds snabbköpBerguvsvägen  8LuleåSweden;;;;;;-1
10281.0;ROMEY;Romero y tomilloGran Vía, 1MadridSpain;;;;;;7
10282.0;ROMEY;Romero y tomilloGran Vía, 1MadridSpain;;;;;;22
10283.0;LILAS;LILA-SupermercadoCarrera 52 con Ave. Bolívar #65-98 Llano LargoBarquisimetoVenezuela;;;;;;21
10284.0;LEHMS;Lehmanns MarktstandMagazinweg 7Frankfurt a.M. Germany;;;;;;20
10285.0;QUICK;QUICK-StopTaucherstraße 10CunewaldeGermany;;;;;;22
10286.0;QUICK;QUICK-StopTaucherstraße 10CunewaldeGermany;;;;;;19
10287.0;RICAR;Ricardo AdocicadosAv. Copacabana, 267Rio de JaneiroBrazil;;;;;;22
10288.0;REGGC;Reggiani CaseificiStrada Provinciale 124Reggio EmiliaItaly;;;;;;17
10289.0;BSBEV;B's BeveragesFauntleroy CircusLondonUK;;;;;;26
10290.0;COMMI;Comércio MineiroAv. dos Lusíadas, 23São PauloBrazil;;;;;;21
10291.0;QUEDE;Que DelíciaRua da Panificadora, 12Rio de JaneiroBrazil;;;;;;20
10292.0;TRADH;Tradição HipermercadosAv. Inês de Castro, 414São PauloBrazil;;;;;;23
10293.0;TORTU;Tortuga RestauranteAvda. Azteca 123México D.F.Mexico;;;;;;15
10294.0;RATTC;Rattlesnake Canyon Grocery2817 Milton Dr.AlbuquerqueUSA;;;;;;22
10295.0;VINET;Vins et alcools Chevalier59 rue de l'AbbayeReimsFrance;;;;;;20
10295.0;VINET;Vins et alcools Chevalier59 rue de l'AbbayeReimsFrance;;;;;;20
