10248|VINET|5|5|Gutierrez
10249|TOMSP|6|6|Damstra
10250|HANAR|4|4|Spence
10252|SUPRD|4|4|Spence
10254|CHOPS|5|5|Gutierrez
10255|RICSU|9|9|Blumberg
10257|HILAA|4|4|Spence
10258|ERNSH|1|1|Nowmer
10259|CENTC|4|4|Spence
10260|OTTIK|4|4|Spence
10261|QUEDE|4|4|Spence
10262|RATTC|8|8|Brunner
10263|ERNSH|9|9|Blumberg
10264|FOLKO|6|6|Damstra
10265|BLONP|2|2|Whelply
10267|FRANK|4|4|Spence
10268|GROSR|8|8|Brunner
10269|WHITC|5|5|Gutierrez
10270|WARTH|1|1|Nowmer
10271|SPLIR|6|6|Damstra
10272|RATTC|6|6|Damstra
10274|VINET|6|6|Damstra
10275|MAGAA|1|1|Nowmer
10276|TORTU|8|8|Brunner
10277|MORGK|2|2|Whelply
10278|BERGS|8|8|Brunner
10279|LEHMS|8|8|Brunner
10280|BERGS|2|2|Whelply
10281|ROMEY|4|4|Spence
10282|ROMEY|4|4|Spence
10284|LEHMS|4|4|Spence
10285|QUICK|1|1|Nowmer
10286|QUICK|8|8|Brunner
10287|RICAR|8|8|Brunner
10288|REGGC|4|4|Spence
10289|BSBEV|7|7|Kanagaki
10290|COMMI|8|8|Brunner
10291|QUEDE|6|6|Damstra
10292|TRADH|1|1|Nowmer
10293|TORTU|1|1|Nowmer
10294|RATTC|4|4|Spence
10295|VINET|2|2|Whelply
10295|VINET|2|2|Whelply
