83;xad;01-05-2006 04:14:51
85;swrb;13-01-2008 05:53:34
89;zalu;06-10-2006 03:31:57
2;wpox;19-12-2007 06:07:35
3;xkoe;22-11-2007 07:49:00
5;jzcla;11-02-2007 02:42:54
6;haxe;28-07-2007 07:27:06
8;vzj;20-12-2006 09:47:30
9;yaim;12-12-2006 12:54:49
10;ins;18-05-2006 08:15:28
14;qvq;27-08-2007 08:52:43
16;grvz;24-12-2006 10:55:10
1;khij;13-07-2006 01:03:08
4;paje;15-10-2007 10:34:29
6;xcggk;19-12-2006 11:02:17
7;gqlq;12-12-2006 12:00:01
9;xzr;08-10-2006 03:30:26
59;muar;24-02-2006 08:13:15
60;oexq;30-12-2007 01:39:04
61;yfk;07-06-2007 10:15:39
65;mtjsy;22-08-2007 06:38:10
66;rjgdv;02-01-2008 10:58:31
67;kfh;11-04-2006 10:55:49
68;fja;28-11-2007 05:08:51
70;zvv;09-10-2007 08:01:06
72;geb;06-07-2006 03:24:22
73;smc;11-07-2006 02:35:53
73;zvf;01-12-2007 06:18:01
74;kcryt;14-01-2008 11:41:29
80;itqx;23-08-2006 09:10:12
82;mub;26-01-2008 10:59:18
83;fihak;01-08-2006 12:33:57
88;yrzx;01-02-2007 07:39:53
98;afvzb;08-04-2007 02:25:29
100;qmitn;02-08-2006 08:00:56
101;unxk;29-09-2006 01:38:04
102;nkuej;27-10-2007 06:52:35
103;anfv;21-01-2008 05:01:08
107;gzrg;13-10-2007 01:13:00
91;ohrxv;10-05-2006 05:14:27
97;ydnca;12-01-2008 08:46:21
102;ftslr;01-10-2006 10:35:05
103;yllje;05-09-2007 12:03:08
104;ugsw;15-04-2007 01:37:34
105;bvmt;27-06-2006 09:33:18
106;ews;23-03-2007 03:08:05
107;peod;07-09-2006 06:21:02
85;swrb;13-01-2008 05:53:34
2;wpox;19-12-2007 06:07:35
3;xkoe;22-11-2007 07:49:00
6;haxe;28-07-2007 07:27:06
14;qvq;27-08-2007 08:52:43
4;paje;15-10-2007 10:34:29
60;oexq;30-12-2007 01:39:04
61;yfk;07-06-2007 10:15:39
65;mtjsy;22-08-2007 06:38:10
66;rjgdv;02-01-2008 10:58:31
68;fja;28-11-2007 05:08:51
70;zvv;09-10-2007 08:01:06
73;zvf;01-12-2007 06:18:01
74;kcryt;14-01-2008 11:41:29
82;mub;26-01-2008 10:59:18
98;afvzb;08-04-2007 02:25:29
102;nkuej;27-10-2007 06:52:35
103;anfv;21-01-2008 05:01:08
107;gzrg;13-10-2007 01:13:00
97;ydnca;12-01-2008 08:46:21
103;yllje;05-09-2007 12:03:08
104;ugsw;15-04-2007 01:37:34
106;ews;23-03-2007 03:08:05
85;swrb;13-01-2008 05:53:34
2;wpox;19-12-2007 06:07:35
3;xkoe;22-11-2007 07:49:00
5;jzcla;11-02-2007 02:42:54
6;haxe;28-07-2007 07:27:06
14;qvq;27-08-2007 08:52:43
4;paje;15-10-2007 10:34:29
60;oexq;30-12-2007 01:39:04
61;yfk;07-06-2007 10:15:39
65;mtjsy;22-08-2007 06:38:10
66;rjgdv;02-01-2008 10:58:31
68;fja;28-11-2007 05:08:51
70;zvv;09-10-2007 08:01:06
73;zvf;01-12-2007 06:18:01
74;kcryt;14-01-2008 11:41:29
82;mub;26-01-2008 10:59:18
88;yrzx;01-02-2007 07:39:53
98;afvzb;08-04-2007 02:25:29
102;nkuej;27-10-2007 06:52:35
103;anfv;21-01-2008 05:01:08
107;gzrg;13-10-2007 01:13:00
97;ydnca;12-01-2008 08:46:21
103;yllje;05-09-2007 12:03:08
104;ugsw;15-04-2007 01:37:34
106;ews;23-03-2007 03:08:05
85;swrb;13-01-2008 05:53:34
2;wpox;19-12-2007 06:07:35
60;oexq;30-12-2007 01:39:04
66;rjgdv;02-01-2008 10:58:31
74;kcryt;14-01-2008 11:41:29
82;mub;26-01-2008 10:59:18
103;anfv;21-01-2008 05:01:08
97;ydnca;12-01-2008 08:46:21
85;swrb;13-01-2008 05:53:34
2;wpox;19-12-2007 06:07:35
60;oexq;30-12-2007 01:39:04
66;rjgdv;02-01-2008 10:58:31
74;kcryt;14-01-2008 11:41:29
82;mub;26-01-2008 10:59:18
103;anfv;21-01-2008 05:01:08
97;ydnca;12-01-2008 08:46:21
85;swrb;13-01-2008 05:53:34
2;wpox;19-12-2007 06:07:35
3;xkoe;22-11-2007 07:49:00
60;oexq;30-12-2007 01:39:04
66;rjgdv;02-01-2008 10:58:31
68;fja;28-11-2007 05:08:51
73;zvf;01-12-2007 06:18:01
74;kcryt;14-01-2008 11:41:29
82;mub;26-01-2008 10:59:18
103;anfv;21-01-2008 05:01:08
97;ydnca;12-01-2008 08:46:21
83;xad;01-05-2006 04:14:51
85;swrb;13-01-2008 05:53:34
89;zalu;06-10-2006 03:31:57
2;wpox;19-12-2007 06:07:35
3;xkoe;22-11-2007 07:49:00
5;jzcla;11-02-2007 02:42:54
6;haxe;28-07-2007 07:27:06
8;vzj;20-12-2006 09:47:30
9;yaim;12-12-2006 12:54:49
10;ins;18-05-2006 08:15:28
14;qvq;27-08-2007 08:52:43
16;grvz;24-12-2006 10:55:10
1;khij;13-07-2006 01:03:08
4;paje;15-10-2007 10:34:29
6;xcggk;19-12-2006 11:02:17
7;gqlq;12-12-2006 12:00:01
9;xzr;08-10-2006 03:30:26
60;oexq;30-12-2007 01:39:04
61;yfk;07-06-2007 10:15:39
65;mtjsy;22-08-2007 06:38:10
66;rjgdv;02-01-2008 10:58:31
67;kfh;11-04-2006 10:55:49
68;fja;28-11-2007 05:08:51
70;zvv;09-10-2007 08:01:06
72;geb;06-07-2006 03:24:22
73;smc;11-07-2006 02:35:53
73;zvf;01-12-2007 06:18:01
74;kcryt;14-01-2008 11:41:29
80;itqx;23-08-2006 09:10:12
82;mub;26-01-2008 10:59:18
83;fihak;01-08-2006 12:33:57
88;yrzx;01-02-2007 07:39:53
98;afvzb;08-04-2007 02:25:29
100;qmitn;02-08-2006 08:00:56
101;unxk;29-09-2006 01:38:04
102;nkuej;27-10-2007 06:52:35
103;anfv;21-01-2008 05:01:08
107;gzrg;13-10-2007 01:13:00
91;ohrxv;10-05-2006 05:14:27
97;ydnca;12-01-2008 08:46:21
102;ftslr;01-10-2006 10:35:05
103;yllje;05-09-2007 12:03:08
104;ugsw;15-04-2007 01:37:34
105;bvmt;27-06-2006 09:33:18
106;ews;23-03-2007 03:08:05
107;peod;07-09-2006 06:21:02
83;xad;01-05-2006 04:14:51
85;swrb;13-01-2008 05:53:34
89;zalu;06-10-2006 03:31:57
2;wpox;19-12-2007 06:07:35
3;xkoe;22-11-2007 07:49:00
5;jzcla;11-02-2007 02:42:54
6;haxe;28-07-2007 07:27:06
8;vzj;20-12-2006 09:47:30
9;yaim;12-12-2006 12:54:49
10;ins;18-05-2006 08:15:28
14;qvq;27-08-2007 08:52:43
16;grvz;24-12-2006 10:55:10
1;khij;13-07-2006 01:03:08
4;paje;15-10-2007 10:34:29
6;xcggk;19-12-2006 11:02:17
7;gqlq;12-12-2006 12:00:01
9;xzr;08-10-2006 03:30:26
60;oexq;30-12-2007 01:39:04
61;yfk;07-06-2007 10:15:39
65;mtjsy;22-08-2007 06:38:10
66;rjgdv;02-01-2008 10:58:31
68;fja;28-11-2007 05:08:51
70;zvv;09-10-2007 08:01:06
72;geb;06-07-2006 03:24:22
73;smc;11-07-2006 02:35:53
73;zvf;01-12-2007 06:18:01
74;kcryt;14-01-2008 11:41:29
80;itqx;23-08-2006 09:10:12
82;mub;26-01-2008 10:59:18
83;fihak;01-08-2006 12:33:57
88;yrzx;01-02-2007 07:39:53
98;afvzb;08-04-2007 02:25:29
100;qmitn;02-08-2006 08:00:56
101;unxk;29-09-2006 01:38:04
102;nkuej;27-10-2007 06:52:35
103;anfv;21-01-2008 05:01:08
107;gzrg;13-10-2007 01:13:00
91;ohrxv;10-05-2006 05:14:27
97;ydnca;12-01-2008 08:46:21
102;ftslr;01-10-2006 10:35:05
103;yllje;05-09-2007 12:03:08
104;ugsw;15-04-2007 01:37:34
105;bvmt;27-06-2006 09:33:18
106;ews;23-03-2007 03:08:05
107;peod;07-09-2006 06:21:02
85;swrb;13-01-2008 05:53:34
2;wpox;19-12-2007 06:07:35
3;xkoe;22-11-2007 07:49:00
6;haxe;28-07-2007 07:27:06
14;qvq;27-08-2007 08:52:43
4;paje;15-10-2007 10:34:29
60;oexq;30-12-2007 01:39:04
65;mtjsy;22-08-2007 06:38:10
66;rjgdv;02-01-2008 10:58:31
68;fja;28-11-2007 05:08:51
70;zvv;09-10-2007 08:01:06
73;zvf;01-12-2007 06:18:01
74;kcryt;14-01-2008 11:41:29
82;mub;26-01-2008 10:59:18
102;nkuej;27-10-2007 06:52:35
103;anfv;21-01-2008 05:01:08
107;gzrg;13-10-2007 01:13:00
97;ydnca;12-01-2008 08:46:21
103;yllje;05-09-2007 12:03:08
85;swrb;13-01-2008 05:53:34
2;wpox;19-12-2007 06:07:35
3;xkoe;22-11-2007 07:49:00
5;jzcla;11-02-2007 02:42:54
6;haxe;28-07-2007 07:27:06
8;vzj;20-12-2006 09:47:30
9;yaim;12-12-2006 12:54:49
14;qvq;27-08-2007 08:52:43
16;grvz;24-12-2006 10:55:10
4;paje;15-10-2007 10:34:29
6;xcggk;19-12-2006 11:02:17
7;gqlq;12-12-2006 12:00:01
60;oexq;30-12-2007 01:39:04
61;yfk;07-06-2007 10:15:39
65;mtjsy;22-08-2007 06:38:10
66;rjgdv;02-01-2008 10:58:31
68;fja;28-11-2007 05:08:51
70;zvv;09-10-2007 08:01:06
73;zvf;01-12-2007 06:18:01
74;kcryt;14-01-2008 11:41:29
82;mub;26-01-2008 10:59:18
88;yrzx;01-02-2007 07:39:53
98;afvzb;08-04-2007 02:25:29
102;nkuej;27-10-2007 06:52:35
103;anfv;21-01-2008 05:01:08
107;gzrg;13-10-2007 01:13:00
97;ydnca;12-01-2008 08:46:21
103;yllje;05-09-2007 12:03:08
104;ugsw;15-04-2007 01:37:34
106;ews;23-03-2007 03:08:05
