82;ysbdh;19-07-2005 03:05:08
84;flh;08-04-2004 04:23:00
86;rkqs;10-09-2003 04:35:00
87;hyfe;30-04-2003 05:48:05
88;jdgm;14-01-2005 12:48:30
90;myfn;07-12-2002 02:50:31
91;owm;05-12-2005 02:37:41
82;xtdbx;04-01-2003 10:54:38
83;yaw;05-01-2006 10:27:49
84;wfwa;09-10-2005 12:12:29
85;prw;09-05-2005 02:41:44
86;hef;12-04-2002 09:38:43
87;tkswi;29-04-2004 10:29:23
88;qkzwa;24-11-2005 02:48:50
89;gnr;23-06-2002 10:38:30
90;wfit;03-09-2005 09:48:39
91;kilrt;10-06-2003 04:11:37
1;bawc;05-09-2002 05:37:48
4;nrixj;22-05-2002 07:57:01
7;rcft;17-11-2003 04:18:12
10;jksuy;21-01-2003 06:27:55
11;supm;07-03-2004 12:16:00
12;jzjx;22-11-2003 02:39:36
13;bzj;21-01-2006 08:35:20
15;nbctc;27-04-2004 01:16:47
17;bdhm;09-05-2005 05:25:57
18;eis;06-01-2003 07:49:55
19;auq;17-05-2003 06:12:53
2;kfxlm;03-02-2005 10:51:45
3;emg;11-09-2002 06:08:17
5;rshj;03-10-2004 07:41:17
8;rciae;24-03-2003 11:01:11
10;eliag;30-08-2003 12:16:00
55;dhciz;06-01-2006 05:51:02
56;wfhpl;03-02-2006 03:50:00
57;rbqrx;06-02-2004 11:46:49
58;tpdur;25-05-2003 06:45:47
62;cifw;20-05-2002 07:52:00
63;uumuj;02-10-2003 07:03:16
64;zqc;14-02-2005 11:36:30
64;heqye;16-04-2004 05:51:57
69;fbmsr;12-07-2004 12:42:07
71;rne;07-12-2002 07:48:00
75;cltk;25-04-2004 09:40:38
76;efao;03-02-2002 11:59:00
77;orvpn;18-07-2002 07:55:58
78;zxy;01-04-2002 11:02:19
79;iagfd;05-07-2005 04:48:13
81;fynwx;12-05-2005 11:51:59
82;rmgrl;06-06-2003 05:55:58
84;nezg;06-05-2005 06:56:06
85;qht;12-07-2005 03:36:02
86;ubnn;04-05-2002 07:07:06
87;gpvqi;30-07-2002 01:50:56
89;kwsm;30-07-2004 10:48:44
90;ygym;26-06-2003 11:52:13
91;lpy;03-11-2003 02:50:45
91;mpx;24-08-2004 02:02:51
92;cqu;14-04-2002 03:28:56
93;ykrzs;06-11-2002 04:07:55
94;ncsu;17-08-2005 12:26:36
95;iprfb;20-07-2003 12:50:54
96;tbadr;08-09-2005 06:40:35
97;vvvoa;11-12-2004 06:32:56
99;aym;15-09-2003 08:48:39
100;imgq;16-12-2004 10:39:45
104;myttt;01-02-2005 01:29:22
105;jyg;18-06-2005 04:39:33
106;xpxap;23-08-2005 05:20:46
108;zoyl;18-05-2002 10:35:57
109;lrhkv;16-12-2004 11:37:44
92;esw;11-01-2005 10:47:10
93;brysg;10-07-2002 02:02:43
94;htfr;22-03-2004 06:27:10
95;zrif;15-03-2005 04:16:31
96;gnxi;07-12-2004 03:52:29
98;dpqiy;30-11-2005 09:50:26
99;aaeo;07-04-2005 11:32:43
100;aky;14-12-2004 07:07:57
100;jgwdm;05-10-2004 06:33:31
101;axv;15-06-2005 12:40:07
108;vamg;14-03-2004 12:06:01
109;jumid;17-12-2004 03:47:04
82;ysbdh;19-07-2005 03:05:08
83;xad;01-05-2006 04:14:51
84;flh;08-04-2004 04:23:00
86;rkqs;10-09-2003 04:35:00
87;hyfe;30-04-2003 05:48:05
88;jdgm;14-01-2005 12:48:30
89;zalu;06-10-2006 03:31:57
90;myfn;07-12-2002 02:50:31
91;owm;05-12-2005 02:37:41
82;xtdbx;04-01-2003 10:54:38
83;yaw;05-01-2006 10:27:49
84;wfwa;09-10-2005 12:12:29
85;prw;09-05-2005 02:41:44
86;hef;12-04-2002 09:38:43
87;tkswi;29-04-2004 10:29:23
88;qkzwa;24-11-2005 02:48:50
89;gnr;23-06-2002 10:38:30
90;wfit;03-09-2005 09:48:39
91;kilrt;10-06-2003 04:11:37
1;bawc;05-09-2002 05:37:48
4;nrixj;22-05-2002 07:57:01
5;jzcla;11-02-2007 02:42:54
7;rcft;17-11-2003 04:18:12
8;vzj;20-12-2006 09:47:30
9;yaim;12-12-2006 12:54:49
10;jksuy;21-01-2003 06:27:55
10;ins;18-05-2006 08:15:28
11;supm;07-03-2004 12:16:00
12;jzjx;22-11-2003 02:39:36
13;bzj;21-01-2006 08:35:20
15;nbctc;27-04-2004 01:16:47
16;grvz;24-12-2006 10:55:10
17;bdhm;09-05-2005 05:25:57
18;eis;06-01-2003 07:49:55
19;auq;17-05-2003 06:12:53
1;khij;13-07-2006 01:03:08
2;kfxlm;03-02-2005 10:51:45
3;emg;11-09-2002 06:08:17
5;rshj;03-10-2004 07:41:17
6;xcggk;19-12-2006 11:02:17
7;gqlq;12-12-2006 12:00:01
8;rciae;24-03-2003 11:01:11
9;xzr;08-10-2006 03:30:26
10;eliag;30-08-2003 12:16:00
55;dhciz;06-01-2006 05:51:02
56;wfhpl;03-02-2006 03:50:00
57;rbqrx;06-02-2004 11:46:49
58;tpdur;25-05-2003 06:45:47
59;muar;24-02-2006 08:13:15
62;cifw;20-05-2002 07:52:00
63;uumuj;02-10-2003 07:03:16
64;zqc;14-02-2005 11:36:30
64;heqye;16-04-2004 05:51:57
67;kfh;11-04-2006 10:55:49
69;fbmsr;12-07-2004 12:42:07
71;rne;07-12-2002 07:48:00
72;geb;06-07-2006 03:24:22
73;smc;11-07-2006 02:35:53
75;cltk;25-04-2004 09:40:38
76;efao;03-02-2002 11:59:00
77;orvpn;18-07-2002 07:55:58
78;zxy;01-04-2002 11:02:19
79;iagfd;05-07-2005 04:48:13
80;itqx;23-08-2006 09:10:12
81;fynwx;12-05-2005 11:51:59
82;rmgrl;06-06-2003 05:55:58
83;fihak;01-08-2006 12:33:57
84;nezg;06-05-2005 06:56:06
85;qht;12-07-2005 03:36:02
86;ubnn;04-05-2002 07:07:06
87;gpvqi;30-07-2002 01:50:56
88;yrzx;01-02-2007 07:39:53
89;kwsm;30-07-2004 10:48:44
90;ygym;26-06-2003 11:52:13
91;lpy;03-11-2003 02:50:45
91;mpx;24-08-2004 02:02:51
92;cqu;14-04-2002 03:28:56
93;ykrzs;06-11-2002 04:07:55
94;ncsu;17-08-2005 12:26:36
95;iprfb;20-07-2003 12:50:54
96;tbadr;08-09-2005 06:40:35
97;vvvoa;11-12-2004 06:32:56
99;aym;15-09-2003 08:48:39
100;qmitn;02-08-2006 08:00:56
100;imgq;16-12-2004 10:39:45
101;unxk;29-09-2006 01:38:04
104;myttt;01-02-2005 01:29:22
105;jyg;18-06-2005 04:39:33
106;xpxap;23-08-2005 05:20:46
108;zoyl;18-05-2002 10:35:57
109;lrhkv;16-12-2004 11:37:44
91;ohrxv;10-05-2006 05:14:27
92;esw;11-01-2005 10:47:10
93;brysg;10-07-2002 02:02:43
94;htfr;22-03-2004 06:27:10
95;zrif;15-03-2005 04:16:31
96;gnxi;07-12-2004 03:52:29
98;dpqiy;30-11-2005 09:50:26
99;aaeo;07-04-2005 11:32:43
100;aky;14-12-2004 07:07:57
100;jgwdm;05-10-2004 06:33:31
101;axv;15-06-2005 12:40:07
102;ftslr;01-10-2006 10:35:05
105;bvmt;27-06-2006 09:33:18
107;peod;07-09-2006 06:21:02
108;vamg;14-03-2004 12:06:01
109;jumid;17-12-2004 03:47:04
82;ysbdh;19-07-2005 03:05:08
83;xad;01-05-2006 04:14:51
84;flh;08-04-2004 04:23:00
86;rkqs;10-09-2003 04:35:00
87;hyfe;30-04-2003 05:48:05
88;jdgm;14-01-2005 12:48:30
89;zalu;06-10-2006 03:31:57
90;myfn;07-12-2002 02:50:31
91;owm;05-12-2005 02:37:41
82;xtdbx;04-01-2003 10:54:38
83;yaw;05-01-2006 10:27:49
84;wfwa;09-10-2005 12:12:29
85;prw;09-05-2005 02:41:44
86;hef;12-04-2002 09:38:43
87;tkswi;29-04-2004 10:29:23
88;qkzwa;24-11-2005 02:48:50
89;gnr;23-06-2002 10:38:30
90;wfit;03-09-2005 09:48:39
91;kilrt;10-06-2003 04:11:37
1;bawc;05-09-2002 05:37:48
4;nrixj;22-05-2002 07:57:01
7;rcft;17-11-2003 04:18:12
8;vzj;20-12-2006 09:47:30
9;yaim;12-12-2006 12:54:49
10;jksuy;21-01-2003 06:27:55
10;ins;18-05-2006 08:15:28
11;supm;07-03-2004 12:16:00
12;jzjx;22-11-2003 02:39:36
13;bzj;21-01-2006 08:35:20
15;nbctc;27-04-2004 01:16:47
16;grvz;24-12-2006 10:55:10
17;bdhm;09-05-2005 05:25:57
18;eis;06-01-2003 07:49:55
19;auq;17-05-2003 06:12:53
1;khij;13-07-2006 01:03:08
2;kfxlm;03-02-2005 10:51:45
3;emg;11-09-2002 06:08:17
5;rshj;03-10-2004 07:41:17
6;xcggk;19-12-2006 11:02:17
7;gqlq;12-12-2006 12:00:01
8;rciae;24-03-2003 11:01:11
9;xzr;08-10-2006 03:30:26
10;eliag;30-08-2003 12:16:00
55;dhciz;06-01-2006 05:51:02
56;wfhpl;03-02-2006 03:50:00
57;rbqrx;06-02-2004 11:46:49
58;tpdur;25-05-2003 06:45:47
59;muar;24-02-2006 08:13:15
62;cifw;20-05-2002 07:52:00
63;uumuj;02-10-2003 07:03:16
64;zqc;14-02-2005 11:36:30
64;heqye;16-04-2004 05:51:57
67;kfh;11-04-2006 10:55:49
69;fbmsr;12-07-2004 12:42:07
71;rne;07-12-2002 07:48:00
72;geb;06-07-2006 03:24:22
73;smc;11-07-2006 02:35:53
75;cltk;25-04-2004 09:40:38
76;efao;03-02-2002 11:59:00
77;orvpn;18-07-2002 07:55:58
78;zxy;01-04-2002 11:02:19
79;iagfd;05-07-2005 04:48:13
80;itqx;23-08-2006 09:10:12
81;fynwx;12-05-2005 11:51:59
82;rmgrl;06-06-2003 05:55:58
83;fihak;01-08-2006 12:33:57
84;nezg;06-05-2005 06:56:06
85;qht;12-07-2005 03:36:02
86;ubnn;04-05-2002 07:07:06
87;gpvqi;30-07-2002 01:50:56
89;kwsm;30-07-2004 10:48:44
90;ygym;26-06-2003 11:52:13
91;lpy;03-11-2003 02:50:45
91;mpx;24-08-2004 02:02:51
92;cqu;14-04-2002 03:28:56
93;ykrzs;06-11-2002 04:07:55
94;ncsu;17-08-2005 12:26:36
95;iprfb;20-07-2003 12:50:54
96;tbadr;08-09-2005 06:40:35
97;vvvoa;11-12-2004 06:32:56
99;aym;15-09-2003 08:48:39
100;qmitn;02-08-2006 08:00:56
100;imgq;16-12-2004 10:39:45
101;unxk;29-09-2006 01:38:04
104;myttt;01-02-2005 01:29:22
105;jyg;18-06-2005 04:39:33
106;xpxap;23-08-2005 05:20:46
108;zoyl;18-05-2002 10:35:57
109;lrhkv;16-12-2004 11:37:44
91;ohrxv;10-05-2006 05:14:27
92;esw;11-01-2005 10:47:10
93;brysg;10-07-2002 02:02:43
94;htfr;22-03-2004 06:27:10
95;zrif;15-03-2005 04:16:31
96;gnxi;07-12-2004 03:52:29
98;dpqiy;30-11-2005 09:50:26
99;aaeo;07-04-2005 11:32:43
100;aky;14-12-2004 07:07:57
100;jgwdm;05-10-2004 06:33:31
101;axv;15-06-2005 12:40:07
102;ftslr;01-10-2006 10:35:05
105;bvmt;27-06-2006 09:33:18
107;peod;07-09-2006 06:21:02
108;vamg;14-03-2004 12:06:01
109;jumid;17-12-2004 03:47:04
82;ysbdh;19-07-2005 03:05:08
83;xad;01-05-2006 04:14:51
84;flh;08-04-2004 04:23:00
86;rkqs;10-09-2003 04:35:00
87;hyfe;30-04-2003 05:48:05
88;jdgm;14-01-2005 12:48:30
89;zalu;06-10-2006 03:31:57
90;myfn;07-12-2002 02:50:31
91;owm;05-12-2005 02:37:41
82;xtdbx;04-01-2003 10:54:38
83;yaw;05-01-2006 10:27:49
84;wfwa;09-10-2005 12:12:29
85;prw;09-05-2005 02:41:44
86;hef;12-04-2002 09:38:43
87;tkswi;29-04-2004 10:29:23
88;qkzwa;24-11-2005 02:48:50
89;gnr;23-06-2002 10:38:30
90;wfit;03-09-2005 09:48:39
91;kilrt;10-06-2003 04:11:37
1;bawc;05-09-2002 05:37:48
3;xkoe;22-11-2007 07:49:00
4;nrixj;22-05-2002 07:57:01
5;jzcla;11-02-2007 02:42:54
6;haxe;28-07-2007 07:27:06
7;rcft;17-11-2003 04:18:12
8;vzj;20-12-2006 09:47:30
9;yaim;12-12-2006 12:54:49
10;jksuy;21-01-2003 06:27:55
10;ins;18-05-2006 08:15:28
11;supm;07-03-2004 12:16:00
12;jzjx;22-11-2003 02:39:36
13;bzj;21-01-2006 08:35:20
14;qvq;27-08-2007 08:52:43
15;nbctc;27-04-2004 01:16:47
16;grvz;24-12-2006 10:55:10
17;bdhm;09-05-2005 05:25:57
18;eis;06-01-2003 07:49:55
19;auq;17-05-2003 06:12:53
1;khij;13-07-2006 01:03:08
2;kfxlm;03-02-2005 10:51:45
3;emg;11-09-2002 06:08:17
4;paje;15-10-2007 10:34:29
5;rshj;03-10-2004 07:41:17
6;xcggk;19-12-2006 11:02:17
7;gqlq;12-12-2006 12:00:01
8;rciae;24-03-2003 11:01:11
9;xzr;08-10-2006 03:30:26
10;eliag;30-08-2003 12:16:00
55;dhciz;06-01-2006 05:51:02
56;wfhpl;03-02-2006 03:50:00
57;rbqrx;06-02-2004 11:46:49
58;tpdur;25-05-2003 06:45:47
59;muar;24-02-2006 08:13:15
61;yfk;07-06-2007 10:15:39
62;cifw;20-05-2002 07:52:00
63;uumuj;02-10-2003 07:03:16
64;zqc;14-02-2005 11:36:30
64;heqye;16-04-2004 05:51:57
65;mtjsy;22-08-2007 06:38:10
67;kfh;11-04-2006 10:55:49
68;fja;28-11-2007 05:08:51
69;fbmsr;12-07-2004 12:42:07
70;zvv;09-10-2007 08:01:06
71;rne;07-12-2002 07:48:00
72;geb;06-07-2006 03:24:22
73;smc;11-07-2006 02:35:53
73;zvf;01-12-2007 06:18:01
75;cltk;25-04-2004 09:40:38
76;efao;03-02-2002 11:59:00
77;orvpn;18-07-2002 07:55:58
78;zxy;01-04-2002 11:02:19
79;iagfd;05-07-2005 04:48:13
80;itqx;23-08-2006 09:10:12
81;fynwx;12-05-2005 11:51:59
82;rmgrl;06-06-2003 05:55:58
83;fihak;01-08-2006 12:33:57
84;nezg;06-05-2005 06:56:06
85;qht;12-07-2005 03:36:02
86;ubnn;04-05-2002 07:07:06
87;gpvqi;30-07-2002 01:50:56
88;yrzx;01-02-2007 07:39:53
89;kwsm;30-07-2004 10:48:44
90;ygym;26-06-2003 11:52:13
91;lpy;03-11-2003 02:50:45
91;mpx;24-08-2004 02:02:51
92;cqu;14-04-2002 03:28:56
93;ykrzs;06-11-2002 04:07:55
94;ncsu;17-08-2005 12:26:36
95;iprfb;20-07-2003 12:50:54
96;tbadr;08-09-2005 06:40:35
97;vvvoa;11-12-2004 06:32:56
98;afvzb;08-04-2007 02:25:29
99;aym;15-09-2003 08:48:39
100;qmitn;02-08-2006 08:00:56
100;imgq;16-12-2004 10:39:45
101;unxk;29-09-2006 01:38:04
102;nkuej;27-10-2007 06:52:35
104;myttt;01-02-2005 01:29:22
105;jyg;18-06-2005 04:39:33
106;xpxap;23-08-2005 05:20:46
107;gzrg;13-10-2007 01:13:00
108;zoyl;18-05-2002 10:35:57
109;lrhkv;16-12-2004 11:37:44
91;ohrxv;10-05-2006 05:14:27
92;esw;11-01-2005 10:47:10
93;brysg;10-07-2002 02:02:43
94;htfr;22-03-2004 06:27:10
95;zrif;15-03-2005 04:16:31
96;gnxi;07-12-2004 03:52:29
98;dpqiy;30-11-2005 09:50:26
99;aaeo;07-04-2005 11:32:43
100;aky;14-12-2004 07:07:57
100;jgwdm;05-10-2004 06:33:31
101;axv;15-06-2005 12:40:07
102;ftslr;01-10-2006 10:35:05
103;yllje;05-09-2007 12:03:08
104;ugsw;15-04-2007 01:37:34
105;bvmt;27-06-2006 09:33:18
106;ews;23-03-2007 03:08:05
107;peod;07-09-2006 06:21:02
108;vamg;14-03-2004 12:06:01
109;jumid;17-12-2004 03:47:04
82;ysbdh;19-07-2005 03:05:08
83;xad;01-05-2006 04:14:51
84;flh;08-04-2004 04:23:00
86;rkqs;10-09-2003 04:35:00
87;hyfe;30-04-2003 05:48:05
88;jdgm;14-01-2005 12:48:30
89;zalu;06-10-2006 03:31:57
90;myfn;07-12-2002 02:50:31
91;owm;05-12-2005 02:37:41
82;xtdbx;04-01-2003 10:54:38
83;yaw;05-01-2006 10:27:49
84;wfwa;09-10-2005 12:12:29
85;prw;09-05-2005 02:41:44
86;hef;12-04-2002 09:38:43
87;tkswi;29-04-2004 10:29:23
88;qkzwa;24-11-2005 02:48:50
89;gnr;23-06-2002 10:38:30
90;wfit;03-09-2005 09:48:39
91;kilrt;10-06-2003 04:11:37
1;bawc;05-09-2002 05:37:48
3;xkoe;22-11-2007 07:49:00
4;nrixj;22-05-2002 07:57:01
5;jzcla;11-02-2007 02:42:54
6;haxe;28-07-2007 07:27:06
7;rcft;17-11-2003 04:18:12
8;vzj;20-12-2006 09:47:30
9;yaim;12-12-2006 12:54:49
10;jksuy;21-01-2003 06:27:55
10;ins;18-05-2006 08:15:28
11;supm;07-03-2004 12:16:00
12;jzjx;22-11-2003 02:39:36
13;bzj;21-01-2006 08:35:20
14;qvq;27-08-2007 08:52:43
15;nbctc;27-04-2004 01:16:47
16;grvz;24-12-2006 10:55:10
17;bdhm;09-05-2005 05:25:57
18;eis;06-01-2003 07:49:55
19;auq;17-05-2003 06:12:53
1;khij;13-07-2006 01:03:08
2;kfxlm;03-02-2005 10:51:45
3;emg;11-09-2002 06:08:17
4;paje;15-10-2007 10:34:29
5;rshj;03-10-2004 07:41:17
6;xcggk;19-12-2006 11:02:17
7;gqlq;12-12-2006 12:00:01
8;rciae;24-03-2003 11:01:11
9;xzr;08-10-2006 03:30:26
10;eliag;30-08-2003 12:16:00
55;dhciz;06-01-2006 05:51:02
56;wfhpl;03-02-2006 03:50:00
57;rbqrx;06-02-2004 11:46:49
58;tpdur;25-05-2003 06:45:47
59;muar;24-02-2006 08:13:15
61;yfk;07-06-2007 10:15:39
62;cifw;20-05-2002 07:52:00
63;uumuj;02-10-2003 07:03:16
64;zqc;14-02-2005 11:36:30
64;heqye;16-04-2004 05:51:57
65;mtjsy;22-08-2007 06:38:10
67;kfh;11-04-2006 10:55:49
68;fja;28-11-2007 05:08:51
69;fbmsr;12-07-2004 12:42:07
70;zvv;09-10-2007 08:01:06
71;rne;07-12-2002 07:48:00
72;geb;06-07-2006 03:24:22
73;smc;11-07-2006 02:35:53
73;zvf;01-12-2007 06:18:01
75;cltk;25-04-2004 09:40:38
76;efao;03-02-2002 11:59:00
77;orvpn;18-07-2002 07:55:58
78;zxy;01-04-2002 11:02:19
79;iagfd;05-07-2005 04:48:13
80;itqx;23-08-2006 09:10:12
81;fynwx;12-05-2005 11:51:59
82;rmgrl;06-06-2003 05:55:58
83;fihak;01-08-2006 12:33:57
84;nezg;06-05-2005 06:56:06
85;qht;12-07-2005 03:36:02
86;ubnn;04-05-2002 07:07:06
87;gpvqi;30-07-2002 01:50:56
88;yrzx;01-02-2007 07:39:53
89;kwsm;30-07-2004 10:48:44
90;ygym;26-06-2003 11:52:13
91;lpy;03-11-2003 02:50:45
91;mpx;24-08-2004 02:02:51
92;cqu;14-04-2002 03:28:56
93;ykrzs;06-11-2002 04:07:55
94;ncsu;17-08-2005 12:26:36
95;iprfb;20-07-2003 12:50:54
96;tbadr;08-09-2005 06:40:35
97;vvvoa;11-12-2004 06:32:56
98;afvzb;08-04-2007 02:25:29
99;aym;15-09-2003 08:48:39
100;qmitn;02-08-2006 08:00:56
100;imgq;16-12-2004 10:39:45
101;unxk;29-09-2006 01:38:04
102;nkuej;27-10-2007 06:52:35
104;myttt;01-02-2005 01:29:22
105;jyg;18-06-2005 04:39:33
106;xpxap;23-08-2005 05:20:46
107;gzrg;13-10-2007 01:13:00
108;zoyl;18-05-2002 10:35:57
109;lrhkv;16-12-2004 11:37:44
91;ohrxv;10-05-2006 05:14:27
92;esw;11-01-2005 10:47:10
93;brysg;10-07-2002 02:02:43
94;htfr;22-03-2004 06:27:10
95;zrif;15-03-2005 04:16:31
96;gnxi;07-12-2004 03:52:29
98;dpqiy;30-11-2005 09:50:26
99;aaeo;07-04-2005 11:32:43
100;aky;14-12-2004 07:07:57
100;jgwdm;05-10-2004 06:33:31
101;axv;15-06-2005 12:40:07
102;ftslr;01-10-2006 10:35:05
103;yllje;05-09-2007 12:03:08
104;ugsw;15-04-2007 01:37:34
105;bvmt;27-06-2006 09:33:18
106;ews;23-03-2007 03:08:05
107;peod;07-09-2006 06:21:02
108;vamg;14-03-2004 12:06:01
109;jumid;17-12-2004 03:47:04
82;ysbdh;19-07-2005 03:05:08
83;xad;01-05-2006 04:14:51
84;flh;08-04-2004 04:23:00
86;rkqs;10-09-2003 04:35:00
87;hyfe;30-04-2003 05:48:05
88;jdgm;14-01-2005 12:48:30
89;zalu;06-10-2006 03:31:57
90;myfn;07-12-2002 02:50:31
91;owm;05-12-2005 02:37:41
82;xtdbx;04-01-2003 10:54:38
83;yaw;05-01-2006 10:27:49
84;wfwa;09-10-2005 12:12:29
85;prw;09-05-2005 02:41:44
86;hef;12-04-2002 09:38:43
87;tkswi;29-04-2004 10:29:23
88;qkzwa;24-11-2005 02:48:50
89;gnr;23-06-2002 10:38:30
90;wfit;03-09-2005 09:48:39
91;kilrt;10-06-2003 04:11:37
1;bawc;05-09-2002 05:37:48
4;nrixj;22-05-2002 07:57:01
5;jzcla;11-02-2007 02:42:54
6;haxe;28-07-2007 07:27:06
7;rcft;17-11-2003 04:18:12
8;vzj;20-12-2006 09:47:30
9;yaim;12-12-2006 12:54:49
10;jksuy;21-01-2003 06:27:55
10;ins;18-05-2006 08:15:28
11;supm;07-03-2004 12:16:00
12;jzjx;22-11-2003 02:39:36
13;bzj;21-01-2006 08:35:20
14;qvq;27-08-2007 08:52:43
15;nbctc;27-04-2004 01:16:47
16;grvz;24-12-2006 10:55:10
17;bdhm;09-05-2005 05:25:57
18;eis;06-01-2003 07:49:55
19;auq;17-05-2003 06:12:53
1;khij;13-07-2006 01:03:08
2;kfxlm;03-02-2005 10:51:45
3;emg;11-09-2002 06:08:17
4;paje;15-10-2007 10:34:29
5;rshj;03-10-2004 07:41:17
6;xcggk;19-12-2006 11:02:17
7;gqlq;12-12-2006 12:00:01
8;rciae;24-03-2003 11:01:11
9;xzr;08-10-2006 03:30:26
10;eliag;30-08-2003 12:16:00
55;dhciz;06-01-2006 05:51:02
56;wfhpl;03-02-2006 03:50:00
57;rbqrx;06-02-2004 11:46:49
58;tpdur;25-05-2003 06:45:47
59;muar;24-02-2006 08:13:15
61;yfk;07-06-2007 10:15:39
62;cifw;20-05-2002 07:52:00
63;uumuj;02-10-2003 07:03:16
64;zqc;14-02-2005 11:36:30
64;heqye;16-04-2004 05:51:57
65;mtjsy;22-08-2007 06:38:10
67;kfh;11-04-2006 10:55:49
69;fbmsr;12-07-2004 12:42:07
70;zvv;09-10-2007 08:01:06
71;rne;07-12-2002 07:48:00
72;geb;06-07-2006 03:24:22
73;smc;11-07-2006 02:35:53
75;cltk;25-04-2004 09:40:38
76;efao;03-02-2002 11:59:00
77;orvpn;18-07-2002 07:55:58
78;zxy;01-04-2002 11:02:19
79;iagfd;05-07-2005 04:48:13
80;itqx;23-08-2006 09:10:12
81;fynwx;12-05-2005 11:51:59
82;rmgrl;06-06-2003 05:55:58
83;fihak;01-08-2006 12:33:57
84;nezg;06-05-2005 06:56:06
85;qht;12-07-2005 03:36:02
86;ubnn;04-05-2002 07:07:06
87;gpvqi;30-07-2002 01:50:56
88;yrzx;01-02-2007 07:39:53
89;kwsm;30-07-2004 10:48:44
90;ygym;26-06-2003 11:52:13
91;lpy;03-11-2003 02:50:45
91;mpx;24-08-2004 02:02:51
92;cqu;14-04-2002 03:28:56
93;ykrzs;06-11-2002 04:07:55
94;ncsu;17-08-2005 12:26:36
95;iprfb;20-07-2003 12:50:54
96;tbadr;08-09-2005 06:40:35
97;vvvoa;11-12-2004 06:32:56
98;afvzb;08-04-2007 02:25:29
99;aym;15-09-2003 08:48:39
100;qmitn;02-08-2006 08:00:56
100;imgq;16-12-2004 10:39:45
101;unxk;29-09-2006 01:38:04
102;nkuej;27-10-2007 06:52:35
104;myttt;01-02-2005 01:29:22
105;jyg;18-06-2005 04:39:33
106;xpxap;23-08-2005 05:20:46
107;gzrg;13-10-2007 01:13:00
108;zoyl;18-05-2002 10:35:57
109;lrhkv;16-12-2004 11:37:44
91;ohrxv;10-05-2006 05:14:27
92;esw;11-01-2005 10:47:10
93;brysg;10-07-2002 02:02:43
94;htfr;22-03-2004 06:27:10
95;zrif;15-03-2005 04:16:31
96;gnxi;07-12-2004 03:52:29
98;dpqiy;30-11-2005 09:50:26
99;aaeo;07-04-2005 11:32:43
100;aky;14-12-2004 07:07:57
100;jgwdm;05-10-2004 06:33:31
101;axv;15-06-2005 12:40:07
102;ftslr;01-10-2006 10:35:05
103;yllje;05-09-2007 12:03:08
104;ugsw;15-04-2007 01:37:34
105;bvmt;27-06-2006 09:33:18
106;ews;23-03-2007 03:08:05
107;peod;07-09-2006 06:21:02
108;vamg;14-03-2004 12:06:01
109;jumid;17-12-2004 03:47:04
82;ysbdh;19-07-2005 03:05:08
84;flh;08-04-2004 04:23:00
86;rkqs;10-09-2003 04:35:00
87;hyfe;30-04-2003 05:48:05
88;jdgm;14-01-2005 12:48:30
90;myfn;07-12-2002 02:50:31
91;owm;05-12-2005 02:37:41
82;xtdbx;04-01-2003 10:54:38
83;yaw;05-01-2006 10:27:49
84;wfwa;09-10-2005 12:12:29
85;prw;09-05-2005 02:41:44
86;hef;12-04-2002 09:38:43
87;tkswi;29-04-2004 10:29:23
88;qkzwa;24-11-2005 02:48:50
89;gnr;23-06-2002 10:38:30
90;wfit;03-09-2005 09:48:39
91;kilrt;10-06-2003 04:11:37
1;bawc;05-09-2002 05:37:48
4;nrixj;22-05-2002 07:57:01
7;rcft;17-11-2003 04:18:12
10;jksuy;21-01-2003 06:27:55
11;supm;07-03-2004 12:16:00
12;jzjx;22-11-2003 02:39:36
13;bzj;21-01-2006 08:35:20
15;nbctc;27-04-2004 01:16:47
17;bdhm;09-05-2005 05:25:57
18;eis;06-01-2003 07:49:55
19;auq;17-05-2003 06:12:53
2;kfxlm;03-02-2005 10:51:45
3;emg;11-09-2002 06:08:17
5;rshj;03-10-2004 07:41:17
8;rciae;24-03-2003 11:01:11
10;eliag;30-08-2003 12:16:00
55;dhciz;06-01-2006 05:51:02
56;wfhpl;03-02-2006 03:50:00
57;rbqrx;06-02-2004 11:46:49
58;tpdur;25-05-2003 06:45:47
59;muar;24-02-2006 08:13:15
62;cifw;20-05-2002 07:52:00
63;uumuj;02-10-2003 07:03:16
64;zqc;14-02-2005 11:36:30
64;heqye;16-04-2004 05:51:57
69;fbmsr;12-07-2004 12:42:07
71;rne;07-12-2002 07:48:00
75;cltk;25-04-2004 09:40:38
76;efao;03-02-2002 11:59:00
77;orvpn;18-07-2002 07:55:58
78;zxy;01-04-2002 11:02:19
79;iagfd;05-07-2005 04:48:13
81;fynwx;12-05-2005 11:51:59
82;rmgrl;06-06-2003 05:55:58
84;nezg;06-05-2005 06:56:06
85;qht;12-07-2005 03:36:02
86;ubnn;04-05-2002 07:07:06
87;gpvqi;30-07-2002 01:50:56
89;kwsm;30-07-2004 10:48:44
90;ygym;26-06-2003 11:52:13
91;lpy;03-11-2003 02:50:45
91;mpx;24-08-2004 02:02:51
92;cqu;14-04-2002 03:28:56
93;ykrzs;06-11-2002 04:07:55
94;ncsu;17-08-2005 12:26:36
95;iprfb;20-07-2003 12:50:54
96;tbadr;08-09-2005 06:40:35
97;vvvoa;11-12-2004 06:32:56
99;aym;15-09-2003 08:48:39
100;imgq;16-12-2004 10:39:45
104;myttt;01-02-2005 01:29:22
105;jyg;18-06-2005 04:39:33
106;xpxap;23-08-2005 05:20:46
108;zoyl;18-05-2002 10:35:57
109;lrhkv;16-12-2004 11:37:44
92;esw;11-01-2005 10:47:10
93;brysg;10-07-2002 02:02:43
94;htfr;22-03-2004 06:27:10
95;zrif;15-03-2005 04:16:31
96;gnxi;07-12-2004 03:52:29
98;dpqiy;30-11-2005 09:50:26
99;aaeo;07-04-2005 11:32:43
100;aky;14-12-2004 07:07:57
100;jgwdm;05-10-2004 06:33:31
101;axv;15-06-2005 12:40:07
108;vamg;14-03-2004 12:06:01
109;jumid;17-12-2004 03:47:04
82;ysbdh;19-07-2005 03:05:08
84;flh;08-04-2004 04:23:00
86;rkqs;10-09-2003 04:35:00
87;hyfe;30-04-2003 05:48:05
88;jdgm;14-01-2005 12:48:30
90;myfn;07-12-2002 02:50:31
91;owm;05-12-2005 02:37:41
82;xtdbx;04-01-2003 10:54:38
83;yaw;05-01-2006 10:27:49
84;wfwa;09-10-2005 12:12:29
85;prw;09-05-2005 02:41:44
86;hef;12-04-2002 09:38:43
87;tkswi;29-04-2004 10:29:23
88;qkzwa;24-11-2005 02:48:50
89;gnr;23-06-2002 10:38:30
90;wfit;03-09-2005 09:48:39
91;kilrt;10-06-2003 04:11:37
1;bawc;05-09-2002 05:37:48
4;nrixj;22-05-2002 07:57:01
7;rcft;17-11-2003 04:18:12
10;jksuy;21-01-2003 06:27:55
11;supm;07-03-2004 12:16:00
12;jzjx;22-11-2003 02:39:36
13;bzj;21-01-2006 08:35:20
15;nbctc;27-04-2004 01:16:47
17;bdhm;09-05-2005 05:25:57
18;eis;06-01-2003 07:49:55
19;auq;17-05-2003 06:12:53
2;kfxlm;03-02-2005 10:51:45
3;emg;11-09-2002 06:08:17
5;rshj;03-10-2004 07:41:17
8;rciae;24-03-2003 11:01:11
10;eliag;30-08-2003 12:16:00
55;dhciz;06-01-2006 05:51:02
56;wfhpl;03-02-2006 03:50:00
57;rbqrx;06-02-2004 11:46:49
58;tpdur;25-05-2003 06:45:47
59;muar;24-02-2006 08:13:15
62;cifw;20-05-2002 07:52:00
63;uumuj;02-10-2003 07:03:16
64;zqc;14-02-2005 11:36:30
64;heqye;16-04-2004 05:51:57
67;kfh;11-04-2006 10:55:49
69;fbmsr;12-07-2004 12:42:07
71;rne;07-12-2002 07:48:00
75;cltk;25-04-2004 09:40:38
76;efao;03-02-2002 11:59:00
77;orvpn;18-07-2002 07:55:58
78;zxy;01-04-2002 11:02:19
79;iagfd;05-07-2005 04:48:13
81;fynwx;12-05-2005 11:51:59
82;rmgrl;06-06-2003 05:55:58
84;nezg;06-05-2005 06:56:06
85;qht;12-07-2005 03:36:02
86;ubnn;04-05-2002 07:07:06
87;gpvqi;30-07-2002 01:50:56
89;kwsm;30-07-2004 10:48:44
90;ygym;26-06-2003 11:52:13
91;lpy;03-11-2003 02:50:45
91;mpx;24-08-2004 02:02:51
92;cqu;14-04-2002 03:28:56
93;ykrzs;06-11-2002 04:07:55
94;ncsu;17-08-2005 12:26:36
95;iprfb;20-07-2003 12:50:54
96;tbadr;08-09-2005 06:40:35
97;vvvoa;11-12-2004 06:32:56
99;aym;15-09-2003 08:48:39
100;imgq;16-12-2004 10:39:45
104;myttt;01-02-2005 01:29:22
105;jyg;18-06-2005 04:39:33
106;xpxap;23-08-2005 05:20:46
108;zoyl;18-05-2002 10:35:57
109;lrhkv;16-12-2004 11:37:44
92;esw;11-01-2005 10:47:10
93;brysg;10-07-2002 02:02:43
94;htfr;22-03-2004 06:27:10
95;zrif;15-03-2005 04:16:31
96;gnxi;07-12-2004 03:52:29
98;dpqiy;30-11-2005 09:50:26
99;aaeo;07-04-2005 11:32:43
100;aky;14-12-2004 07:07:57
100;jgwdm;05-10-2004 06:33:31
101;axv;15-06-2005 12:40:07
108;vamg;14-03-2004 12:06:01
109;jumid;17-12-2004 03:47:04
82;ysbdh;19-07-2005 03:05:08
83;xad;01-05-2006 04:14:51
84;flh;08-04-2004 04:23:00
86;rkqs;10-09-2003 04:35:00
87;hyfe;30-04-2003 05:48:05
88;jdgm;14-01-2005 12:48:30
89;zalu;06-10-2006 03:31:57
90;myfn;07-12-2002 02:50:31
91;owm;05-12-2005 02:37:41
82;xtdbx;04-01-2003 10:54:38
83;yaw;05-01-2006 10:27:49
84;wfwa;09-10-2005 12:12:29
85;prw;09-05-2005 02:41:44
86;hef;12-04-2002 09:38:43
87;tkswi;29-04-2004 10:29:23
88;qkzwa;24-11-2005 02:48:50
89;gnr;23-06-2002 10:38:30
90;wfit;03-09-2005 09:48:39
91;kilrt;10-06-2003 04:11:37
1;bawc;05-09-2002 05:37:48
4;nrixj;22-05-2002 07:57:01
5;jzcla;11-02-2007 02:42:54
7;rcft;17-11-2003 04:18:12
8;vzj;20-12-2006 09:47:30
9;yaim;12-12-2006 12:54:49
10;jksuy;21-01-2003 06:27:55
10;ins;18-05-2006 08:15:28
11;supm;07-03-2004 12:16:00
12;jzjx;22-11-2003 02:39:36
13;bzj;21-01-2006 08:35:20
15;nbctc;27-04-2004 01:16:47
16;grvz;24-12-2006 10:55:10
17;bdhm;09-05-2005 05:25:57
18;eis;06-01-2003 07:49:55
19;auq;17-05-2003 06:12:53
1;khij;13-07-2006 01:03:08
2;kfxlm;03-02-2005 10:51:45
3;emg;11-09-2002 06:08:17
5;rshj;03-10-2004 07:41:17
6;xcggk;19-12-2006 11:02:17
7;gqlq;12-12-2006 12:00:01
8;rciae;24-03-2003 11:01:11
9;xzr;08-10-2006 03:30:26
10;eliag;30-08-2003 12:16:00
55;dhciz;06-01-2006 05:51:02
56;wfhpl;03-02-2006 03:50:00
57;rbqrx;06-02-2004 11:46:49
58;tpdur;25-05-2003 06:45:47
59;muar;24-02-2006 08:13:15
61;yfk;07-06-2007 10:15:39
62;cifw;20-05-2002 07:52:00
63;uumuj;02-10-2003 07:03:16
64;zqc;14-02-2005 11:36:30
64;heqye;16-04-2004 05:51:57
67;kfh;11-04-2006 10:55:49
69;fbmsr;12-07-2004 12:42:07
71;rne;07-12-2002 07:48:00
72;geb;06-07-2006 03:24:22
73;smc;11-07-2006 02:35:53
75;cltk;25-04-2004 09:40:38
76;efao;03-02-2002 11:59:00
77;orvpn;18-07-2002 07:55:58
78;zxy;01-04-2002 11:02:19
79;iagfd;05-07-2005 04:48:13
80;itqx;23-08-2006 09:10:12
81;fynwx;12-05-2005 11:51:59
82;rmgrl;06-06-2003 05:55:58
83;fihak;01-08-2006 12:33:57
84;nezg;06-05-2005 06:56:06
85;qht;12-07-2005 03:36:02
86;ubnn;04-05-2002 07:07:06
87;gpvqi;30-07-2002 01:50:56
88;yrzx;01-02-2007 07:39:53
89;kwsm;30-07-2004 10:48:44
90;ygym;26-06-2003 11:52:13
91;lpy;03-11-2003 02:50:45
91;mpx;24-08-2004 02:02:51
92;cqu;14-04-2002 03:28:56
93;ykrzs;06-11-2002 04:07:55
94;ncsu;17-08-2005 12:26:36
95;iprfb;20-07-2003 12:50:54
96;tbadr;08-09-2005 06:40:35
97;vvvoa;11-12-2004 06:32:56
98;afvzb;08-04-2007 02:25:29
99;aym;15-09-2003 08:48:39
100;qmitn;02-08-2006 08:00:56
100;imgq;16-12-2004 10:39:45
101;unxk;29-09-2006 01:38:04
104;myttt;01-02-2005 01:29:22
105;jyg;18-06-2005 04:39:33
106;xpxap;23-08-2005 05:20:46
108;zoyl;18-05-2002 10:35:57
109;lrhkv;16-12-2004 11:37:44
91;ohrxv;10-05-2006 05:14:27
92;esw;11-01-2005 10:47:10
93;brysg;10-07-2002 02:02:43
94;htfr;22-03-2004 06:27:10
95;zrif;15-03-2005 04:16:31
96;gnxi;07-12-2004 03:52:29
98;dpqiy;30-11-2005 09:50:26
99;aaeo;07-04-2005 11:32:43
100;aky;14-12-2004 07:07:57
100;jgwdm;05-10-2004 06:33:31
101;axv;15-06-2005 12:40:07
102;ftslr;01-10-2006 10:35:05
104;ugsw;15-04-2007 01:37:34
105;bvmt;27-06-2006 09:33:18
106;ews;23-03-2007 03:08:05
107;peod;07-09-2006 06:21:02
108;vamg;14-03-2004 12:06:01
109;jumid;17-12-2004 03:47:04
82;ysbdh;19-07-2005 03:05:08
83;xad;01-05-2006 04:14:51
84;flh;08-04-2004 04:23:00
86;rkqs;10-09-2003 04:35:00
87;hyfe;30-04-2003 05:48:05
88;jdgm;14-01-2005 12:48:30
89;zalu;06-10-2006 03:31:57
90;myfn;07-12-2002 02:50:31
91;owm;05-12-2005 02:37:41
82;xtdbx;04-01-2003 10:54:38
83;yaw;05-01-2006 10:27:49
84;wfwa;09-10-2005 12:12:29
85;prw;09-05-2005 02:41:44
86;hef;12-04-2002 09:38:43
87;tkswi;29-04-2004 10:29:23
88;qkzwa;24-11-2005 02:48:50
89;gnr;23-06-2002 10:38:30
90;wfit;03-09-2005 09:48:39
91;kilrt;10-06-2003 04:11:37
1;bawc;05-09-2002 05:37:48
4;nrixj;22-05-2002 07:57:01
7;rcft;17-11-2003 04:18:12
10;jksuy;21-01-2003 06:27:55
10;ins;18-05-2006 08:15:28
11;supm;07-03-2004 12:16:00
12;jzjx;22-11-2003 02:39:36
13;bzj;21-01-2006 08:35:20
15;nbctc;27-04-2004 01:16:47
17;bdhm;09-05-2005 05:25:57
18;eis;06-01-2003 07:49:55
19;auq;17-05-2003 06:12:53
1;khij;13-07-2006 01:03:08
2;kfxlm;03-02-2005 10:51:45
3;emg;11-09-2002 06:08:17
5;rshj;03-10-2004 07:41:17
8;rciae;24-03-2003 11:01:11
9;xzr;08-10-2006 03:30:26
10;eliag;30-08-2003 12:16:00
55;dhciz;06-01-2006 05:51:02
56;wfhpl;03-02-2006 03:50:00
57;rbqrx;06-02-2004 11:46:49
58;tpdur;25-05-2003 06:45:47
59;muar;24-02-2006 08:13:15
62;cifw;20-05-2002 07:52:00
63;uumuj;02-10-2003 07:03:16
64;zqc;14-02-2005 11:36:30
64;heqye;16-04-2004 05:51:57
67;kfh;11-04-2006 10:55:49
69;fbmsr;12-07-2004 12:42:07
71;rne;07-12-2002 07:48:00
72;geb;06-07-2006 03:24:22
73;smc;11-07-2006 02:35:53
75;cltk;25-04-2004 09:40:38
76;efao;03-02-2002 11:59:00
77;orvpn;18-07-2002 07:55:58
78;zxy;01-04-2002 11:02:19
79;iagfd;05-07-2005 04:48:13
80;itqx;23-08-2006 09:10:12
81;fynwx;12-05-2005 11:51:59
82;rmgrl;06-06-2003 05:55:58
83;fihak;01-08-2006 12:33:57
84;nezg;06-05-2005 06:56:06
85;qht;12-07-2005 03:36:02
86;ubnn;04-05-2002 07:07:06
87;gpvqi;30-07-2002 01:50:56
89;kwsm;30-07-2004 10:48:44
90;ygym;26-06-2003 11:52:13
91;lpy;03-11-2003 02:50:45
91;mpx;24-08-2004 02:02:51
92;cqu;14-04-2002 03:28:56
93;ykrzs;06-11-2002 04:07:55
94;ncsu;17-08-2005 12:26:36
95;iprfb;20-07-2003 12:50:54
96;tbadr;08-09-2005 06:40:35
97;vvvoa;11-12-2004 06:32:56
99;aym;15-09-2003 08:48:39
100;qmitn;02-08-2006 08:00:56
100;imgq;16-12-2004 10:39:45
101;unxk;29-09-2006 01:38:04
104;myttt;01-02-2005 01:29:22
105;jyg;18-06-2005 04:39:33
106;xpxap;23-08-2005 05:20:46
108;zoyl;18-05-2002 10:35:57
109;lrhkv;16-12-2004 11:37:44
91;ohrxv;10-05-2006 05:14:27
92;esw;11-01-2005 10:47:10
93;brysg;10-07-2002 02:02:43
94;htfr;22-03-2004 06:27:10
95;zrif;15-03-2005 04:16:31
96;gnxi;07-12-2004 03:52:29
98;dpqiy;30-11-2005 09:50:26
99;aaeo;07-04-2005 11:32:43
100;aky;14-12-2004 07:07:57
100;jgwdm;05-10-2004 06:33:31
101;axv;15-06-2005 12:40:07
102;ftslr;01-10-2006 10:35:05
105;bvmt;27-06-2006 09:33:18
107;peod;07-09-2006 06:21:02
108;vamg;14-03-2004 12:06:01
109;jumid;17-12-2004 03:47:04
