g*E*
*.txt
./data-in/others/Logistics_in.txt
./data-in/others/pattern.txt
./data-in/delimited/filenames.txt
./data-in/delimited/peoples.txt
./data-in/res.txt
./data-in/companies.txt
*.grf
./graph/WritingTextData.grf
./graph/DataSelectionAdvanced.grf
./graph/ReadingComplexData.grf
./graph/SpreadsheetReadWrite.grf
./graph/WebServicesHTTP.grf
./graph/ExecutingExternal.grf
./graph/XMLProcessing.grf
./graph/FiltersLookups.grf
./graph/DatabaseAccess.grf
./graph/CompanyChecks.grf
./graph/WebServicesWSClient.grf
./graph/ParsingTextData.grf
./graph/JoiningAggregating.grf
./graph/DebuggingGraph.grf
