111;oolkr;11-09-2007 02:45:50
112;fvfv;28-07-2006 09:03:04
114;usia;29-10-2006 04:37:16
116;sbhzh;10-11-2007 09:32:35
117;gbjae;21-05-2007 05:34:45
119;evqkp;25-03-2006 09:47:11
131;ssc;08-11-2007 06:06:36
132;vfxst;31-05-2007 09:49:28
165;quyta;15-11-2006 05:26:52
170;olg;04-05-2007 07:35:09
230;cpbtj;14-08-2006 11:22:38
231;fdeij;16-08-2006 05:46:17
233;tucy;07-05-2007 10:11:01
234;jpf;08-01-2007 12:56:45
245;mlju;11-11-2006 07:39:45
247;sst;21-04-2007 02:49:10
248;kah;17-08-2006 06:10:21
249;dlmll;26-09-2007 10:21:54
251;ctow;23-12-2006 02:31:39
252;dyyet;17-04-2007 06:28:03
263;dkyd;10-11-2006 07:14:33
266;icfnt;08-10-2006 07:53:53
271;hcqlf;26-06-2007 12:38:11
532;qhnz;30-07-2006 01:03:54
535;ubtk;04-05-2006 01:26:12
536;xwi;04-01-2008 05:12:56
538;awe;06-10-2007 01:28:26
541;rlhgi;12-11-2006 01:15:32
542;azeb;04-11-2006 02:11:30
544;vkqgq;22-11-2006 02:59:17
546;rsnd;31-07-2007 07:05:50
548;zzch;04-12-2007 11:52:19
559;aofk;26-07-2007 09:23:10
560;xkl;30-03-2007 11:24:49
562;mfos;08-05-2007 03:40:25
568;mbk;11-01-2007 12:46:20
571;yom;24-03-2007 04:45:22
574;seyof;15-05-2006 05:16:11
575;mmjj;02-01-2007 04:49:46
576;bjpx;03-10-2007 04:57:09
20;brx;04-08-2006 04:47:19
22;ckuq;24-06-2006 04:53:11
25;aap;21-11-2006 05:00:43
33;swvmb;16-07-2007 10:37:17
34;wyss;04-05-2007 04:02:02
36;gdrqk;25-11-2007 10:32:03
3;jychd;02-04-2006 04:08:57
5;qdsh;20-12-2007 03:05:03
8;admi;21-02-2007 05:21:42
9;krfpx;07-07-2006 06:03:59
38;unyrf;13-03-2007 01:37:27
1;hyvp;11-06-2007 10:58:42
3;leaac;01-04-2007 09:33:22
6;ofpp;21-09-2006 04:24:12
10;ubnsd;17-11-2006 11:12:24
10;ezih;15-12-2006 08:38:59
13;dclav;15-12-2007 02:02:16
14;clpso;03-06-2007 03:37:30
15;uki;12-12-2007 08:12:19
17;jzgg;27-10-2006 01:40:23
20;daz;01-11-2007 03:46:03
22;aoijx;06-07-2006 08:14:04
23;ybwhb;29-06-2006 08:39:20
24;trflg;17-10-2006 04:20:25
35;dedp;19-07-2007 10:35:07
36;btxq;26-07-2006 03:16:42
37;rlw;13-09-2007 12:55:17
38;gxk;01-09-2007 08:23:52
40;oqwpn;03-07-2006 09:32:35
41;sjat;28-05-2006 02:58:49
123;eot;01-02-2008 02:56:22
136;qjj;09-01-2008 02:35:53
141;qxz;15-07-2006 03:58:48
142;zxea;08-11-2007 04:22:30
145;qww;18-10-2006 04:51:17
148;hki;31-10-2007 03:58:26
149;lbidj;29-07-2007 04:55:25
155;ggbco;17-12-2006 12:51:57
156;kjhk;25-07-2007 03:05:46
161;ltny;07-03-2007 03:45:53
163;iao;07-11-2006 11:33:39
172;iblky;02-08-2007 05:36:28
175;asw;13-09-2007 09:47:10
179;zyzs;12-02-2006 12:17:11
181;tsm;11-11-2007 05:50:00
184;psjj;16-02-2008 05:16:49
186;pzl;02-06-2007 06:00:27
188;vkg;26-09-2007 05:13:26
191;nlqr;13-12-2006 11:07:26
192;dkcic;27-04-2006 08:07:33
195;arojd;25-01-2008 05:52:30
199;ske;15-10-2006 05:30:39
201;tdy;28-06-2006 10:46:08
203;igruy;21-04-2007 03:40:19
205;uvwwr;28-06-2007 12:18:49
210;vfr;14-03-2007 10:57:55
212;omwzh;06-03-2006 05:39:22
214;skcd;29-01-2007 08:04:48
215;lqjfe;18-05-2006 03:25:41
216;hhjbb;02-12-2007 11:18:08
218;kgy;11-08-2007 12:43:02
222;fvqd;07-10-2006 10:11:03
225;mmvb;15-02-2008 02:16:34
226;gztu;29-11-2006 10:42:28
236;plk;25-07-2006 02:09:14
238;oic;11-05-2007 04:19:34
240;lyw;07-08-2006 05:09:35
244;akxu;10-06-2006 10:10:58
258;hiu;15-11-2006 03:33:53
261;vwbj;17-03-2006 03:33:45
262;rdul;08-02-2007 07:03:42
272;ape;13-02-2006 04:53:45
274;hon;29-11-2006 12:02:12
276;etbde;01-12-2007 12:17:18
281;ypsqt;22-06-2006 11:42:32
286;faedw;11-12-2006 03:26:52
289;hgpde;03-02-2008 12:03:12
291;fppte;06-06-2007 09:22:06
309;fpcz;13-03-2006 06:52:37
314;jppww;08-02-2008 09:09:27
318;zoy;17-10-2007 02:56:29
320;gtyu;03-10-2007 12:13:19
321;she;01-08-2006 08:15:37
322;dhjtk;11-02-2007 11:59:53
524;bli;08-04-2006 06:46:16
525;jykw;01-12-2007 10:08:08
527;ddvus;18-05-2006 05:07:47
530;vktn;20-01-2008 12:29:49
531;jye;30-06-2007 07:57:07
301;xov;12-09-2006 11:45:17
302;rjgh;12-12-2007 11:01:40
303;kaw;04-07-2006 01:07:40
305;quir;17-03-2006 10:33:10
306;rces;29-12-2007 10:09:26
325;vnvaq;15-08-2006 07:58:56
326;nknkg;07-06-2007 08:09:53
335;wvpo;02-11-2006 03:45:30
343;kpzj;28-05-2006 12:55:46
345;xtz;15-07-2007 02:01:47
347;ryspz;21-10-2006 08:28:45
348;sgyh;05-03-2006 05:42:54
349;xwmfb;09-10-2007 07:26:05
351;qprr;25-03-2007 03:54:32
352;izyb;17-04-2007 04:43:22
11;rme;24-08-2006 06:20:31
553;qmvz;21-06-2007 11:15:59
557;icxj;27-10-2006 01:06:38
559;fmk;24-04-2007 04:27:37
41;yedux;29-10-2007 11:21:58
44;peyeb;18-07-2006 08:48:28
45;qky;24-06-2006 06:45:03
46;yrosf;13-04-2006 12:12:02
47;rczov;22-08-2006 12:13:54
111;oolkr;11-09-2007 02:45:50
116;sbhzh;10-11-2007 09:32:35
117;gbjae;21-05-2007 05:34:45
131;ssc;08-11-2007 06:06:36
132;vfxst;31-05-2007 09:49:28
170;olg;04-05-2007 07:35:09
233;tucy;07-05-2007 10:11:01
247;sst;21-04-2007 02:49:10
249;dlmll;26-09-2007 10:21:54
252;dyyet;17-04-2007 06:28:03
271;hcqlf;26-06-2007 12:38:11
536;xwi;04-01-2008 05:12:56
538;awe;06-10-2007 01:28:26
546;rsnd;31-07-2007 07:05:50
548;zzch;04-12-2007 11:52:19
559;aofk;26-07-2007 09:23:10
560;xkl;30-03-2007 11:24:49
562;mfos;08-05-2007 03:40:25
571;yom;24-03-2007 04:45:22
576;bjpx;03-10-2007 04:57:09
33;swvmb;16-07-2007 10:37:17
34;wyss;04-05-2007 04:02:02
36;gdrqk;25-11-2007 10:32:03
5;qdsh;20-12-2007 03:05:03
1;hyvp;11-06-2007 10:58:42
3;leaac;01-04-2007 09:33:22
13;dclav;15-12-2007 02:02:16
14;clpso;03-06-2007 03:37:30
15;uki;12-12-2007 08:12:19
20;daz;01-11-2007 03:46:03
35;dedp;19-07-2007 10:35:07
37;rlw;13-09-2007 12:55:17
38;gxk;01-09-2007 08:23:52
123;eot;01-02-2008 02:56:22
136;qjj;09-01-2008 02:35:53
142;zxea;08-11-2007 04:22:30
148;hki;31-10-2007 03:58:26
149;lbidj;29-07-2007 04:55:25
156;kjhk;25-07-2007 03:05:46
172;iblky;02-08-2007 05:36:28
175;asw;13-09-2007 09:47:10
181;tsm;11-11-2007 05:50:00
184;psjj;16-02-2008 05:16:49
186;pzl;02-06-2007 06:00:27
188;vkg;26-09-2007 05:13:26
195;arojd;25-01-2008 05:52:30
203;igruy;21-04-2007 03:40:19
205;uvwwr;28-06-2007 12:18:49
210;vfr;14-03-2007 10:57:55
216;hhjbb;02-12-2007 11:18:08
218;kgy;11-08-2007 12:43:02
225;mmvb;15-02-2008 02:16:34
238;oic;11-05-2007 04:19:34
276;etbde;01-12-2007 12:17:18
289;hgpde;03-02-2008 12:03:12
291;fppte;06-06-2007 09:22:06
314;jppww;08-02-2008 09:09:27
318;zoy;17-10-2007 02:56:29
320;gtyu;03-10-2007 12:13:19
525;jykw;01-12-2007 10:08:08
530;vktn;20-01-2008 12:29:49
531;jye;30-06-2007 07:57:07
302;rjgh;12-12-2007 11:01:40
306;rces;29-12-2007 10:09:26
326;nknkg;07-06-2007 08:09:53
345;xtz;15-07-2007 02:01:47
349;xwmfb;09-10-2007 07:26:05
351;qprr;25-03-2007 03:54:32
352;izyb;17-04-2007 04:43:22
553;qmvz;21-06-2007 11:15:59
559;fmk;24-04-2007 04:27:37
41;yedux;29-10-2007 11:21:58
111;oolkr;11-09-2007 02:45:50
116;sbhzh;10-11-2007 09:32:35
117;gbjae;21-05-2007 05:34:45
131;ssc;08-11-2007 06:06:36
132;vfxst;31-05-2007 09:49:28
170;olg;04-05-2007 07:35:09
233;tucy;07-05-2007 10:11:01
247;sst;21-04-2007 02:49:10
249;dlmll;26-09-2007 10:21:54
252;dyyet;17-04-2007 06:28:03
271;hcqlf;26-06-2007 12:38:11
536;xwi;04-01-2008 05:12:56
538;awe;06-10-2007 01:28:26
546;rsnd;31-07-2007 07:05:50
548;zzch;04-12-2007 11:52:19
559;aofk;26-07-2007 09:23:10
560;xkl;30-03-2007 11:24:49
562;mfos;08-05-2007 03:40:25
571;yom;24-03-2007 04:45:22
576;bjpx;03-10-2007 04:57:09
33;swvmb;16-07-2007 10:37:17
34;wyss;04-05-2007 04:02:02
36;gdrqk;25-11-2007 10:32:03
5;qdsh;20-12-2007 03:05:03
8;admi;21-02-2007 05:21:42
38;unyrf;13-03-2007 01:37:27
1;hyvp;11-06-2007 10:58:42
3;leaac;01-04-2007 09:33:22
13;dclav;15-12-2007 02:02:16
14;clpso;03-06-2007 03:37:30
15;uki;12-12-2007 08:12:19
20;daz;01-11-2007 03:46:03
35;dedp;19-07-2007 10:35:07
37;rlw;13-09-2007 12:55:17
38;gxk;01-09-2007 08:23:52
123;eot;01-02-2008 02:56:22
136;qjj;09-01-2008 02:35:53
142;zxea;08-11-2007 04:22:30
148;hki;31-10-2007 03:58:26
149;lbidj;29-07-2007 04:55:25
156;kjhk;25-07-2007 03:05:46
161;ltny;07-03-2007 03:45:53
172;iblky;02-08-2007 05:36:28
175;asw;13-09-2007 09:47:10
181;tsm;11-11-2007 05:50:00
184;psjj;16-02-2008 05:16:49
186;pzl;02-06-2007 06:00:27
188;vkg;26-09-2007 05:13:26
195;arojd;25-01-2008 05:52:30
203;igruy;21-04-2007 03:40:19
205;uvwwr;28-06-2007 12:18:49
210;vfr;14-03-2007 10:57:55
214;skcd;29-01-2007 08:04:48
216;hhjbb;02-12-2007 11:18:08
218;kgy;11-08-2007 12:43:02
225;mmvb;15-02-2008 02:16:34
238;oic;11-05-2007 04:19:34
262;rdul;08-02-2007 07:03:42
276;etbde;01-12-2007 12:17:18
289;hgpde;03-02-2008 12:03:12
291;fppte;06-06-2007 09:22:06
314;jppww;08-02-2008 09:09:27
318;zoy;17-10-2007 02:56:29
320;gtyu;03-10-2007 12:13:19
322;dhjtk;11-02-2007 11:59:53
525;jykw;01-12-2007 10:08:08
530;vktn;20-01-2008 12:29:49
531;jye;30-06-2007 07:57:07
302;rjgh;12-12-2007 11:01:40
306;rces;29-12-2007 10:09:26
326;nknkg;07-06-2007 08:09:53
345;xtz;15-07-2007 02:01:47
349;xwmfb;09-10-2007 07:26:05
351;qprr;25-03-2007 03:54:32
352;izyb;17-04-2007 04:43:22
553;qmvz;21-06-2007 11:15:59
559;fmk;24-04-2007 04:27:37
41;yedux;29-10-2007 11:21:58
536;xwi;04-01-2008 05:12:56
5;qdsh;20-12-2007 03:05:03
13;dclav;15-12-2007 02:02:16
123;eot;01-02-2008 02:56:22
136;qjj;09-01-2008 02:35:53
184;psjj;16-02-2008 05:16:49
195;arojd;25-01-2008 05:52:30
225;mmvb;15-02-2008 02:16:34
289;hgpde;03-02-2008 12:03:12
314;jppww;08-02-2008 09:09:27
530;vktn;20-01-2008 12:29:49
306;rces;29-12-2007 10:09:26
536;xwi;04-01-2008 05:12:56
5;qdsh;20-12-2007 03:05:03
13;dclav;15-12-2007 02:02:16
15;uki;12-12-2007 08:12:19
123;eot;01-02-2008 02:56:22
136;qjj;09-01-2008 02:35:53
184;psjj;16-02-2008 05:16:49
195;arojd;25-01-2008 05:52:30
225;mmvb;15-02-2008 02:16:34
289;hgpde;03-02-2008 12:03:12
314;jppww;08-02-2008 09:09:27
530;vktn;20-01-2008 12:29:49
302;rjgh;12-12-2007 11:01:40
306;rces;29-12-2007 10:09:26
536;xwi;04-01-2008 05:12:56
548;zzch;04-12-2007 11:52:19
36;gdrqk;25-11-2007 10:32:03
5;qdsh;20-12-2007 03:05:03
13;dclav;15-12-2007 02:02:16
15;uki;12-12-2007 08:12:19
123;eot;01-02-2008 02:56:22
136;qjj;09-01-2008 02:35:53
184;psjj;16-02-2008 05:16:49
195;arojd;25-01-2008 05:52:30
216;hhjbb;02-12-2007 11:18:08
225;mmvb;15-02-2008 02:16:34
276;etbde;01-12-2007 12:17:18
289;hgpde;03-02-2008 12:03:12
314;jppww;08-02-2008 09:09:27
525;jykw;01-12-2007 10:08:08
530;vktn;20-01-2008 12:29:49
302;rjgh;12-12-2007 11:01:40
306;rces;29-12-2007 10:09:26
111;oolkr;11-09-2007 02:45:50
112;fvfv;28-07-2006 09:03:04
114;usia;29-10-2006 04:37:16
116;sbhzh;10-11-2007 09:32:35
117;gbjae;21-05-2007 05:34:45
119;evqkp;25-03-2006 09:47:11
131;ssc;08-11-2007 06:06:36
132;vfxst;31-05-2007 09:49:28
165;quyta;15-11-2006 05:26:52
170;olg;04-05-2007 07:35:09
230;cpbtj;14-08-2006 11:22:38
231;fdeij;16-08-2006 05:46:17
233;tucy;07-05-2007 10:11:01
234;jpf;08-01-2007 12:56:45
245;mlju;11-11-2006 07:39:45
247;sst;21-04-2007 02:49:10
248;kah;17-08-2006 06:10:21
249;dlmll;26-09-2007 10:21:54
251;ctow;23-12-2006 02:31:39
252;dyyet;17-04-2007 06:28:03
263;dkyd;10-11-2006 07:14:33
266;icfnt;08-10-2006 07:53:53
271;hcqlf;26-06-2007 12:38:11
532;qhnz;30-07-2006 01:03:54
535;ubtk;04-05-2006 01:26:12
536;xwi;04-01-2008 05:12:56
538;awe;06-10-2007 01:28:26
541;rlhgi;12-11-2006 01:15:32
542;azeb;04-11-2006 02:11:30
544;vkqgq;22-11-2006 02:59:17
546;rsnd;31-07-2007 07:05:50
548;zzch;04-12-2007 11:52:19
559;aofk;26-07-2007 09:23:10
560;xkl;30-03-2007 11:24:49
562;mfos;08-05-2007 03:40:25
568;mbk;11-01-2007 12:46:20
571;yom;24-03-2007 04:45:22
574;seyof;15-05-2006 05:16:11
575;mmjj;02-01-2007 04:49:46
576;bjpx;03-10-2007 04:57:09
20;brx;04-08-2006 04:47:19
22;ckuq;24-06-2006 04:53:11
25;aap;21-11-2006 05:00:43
33;swvmb;16-07-2007 10:37:17
34;wyss;04-05-2007 04:02:02
36;gdrqk;25-11-2007 10:32:03
3;jychd;02-04-2006 04:08:57
5;qdsh;20-12-2007 03:05:03
8;admi;21-02-2007 05:21:42
9;krfpx;07-07-2006 06:03:59
38;unyrf;13-03-2007 01:37:27
1;hyvp;11-06-2007 10:58:42
3;leaac;01-04-2007 09:33:22
6;ofpp;21-09-2006 04:24:12
10;ubnsd;17-11-2006 11:12:24
10;ezih;15-12-2006 08:38:59
13;dclav;15-12-2007 02:02:16
14;clpso;03-06-2007 03:37:30
15;uki;12-12-2007 08:12:19
17;jzgg;27-10-2006 01:40:23
20;daz;01-11-2007 03:46:03
22;aoijx;06-07-2006 08:14:04
23;ybwhb;29-06-2006 08:39:20
24;trflg;17-10-2006 04:20:25
35;dedp;19-07-2007 10:35:07
36;btxq;26-07-2006 03:16:42
37;rlw;13-09-2007 12:55:17
38;gxk;01-09-2007 08:23:52
40;oqwpn;03-07-2006 09:32:35
41;sjat;28-05-2006 02:58:49
123;eot;01-02-2008 02:56:22
136;qjj;09-01-2008 02:35:53
141;qxz;15-07-2006 03:58:48
142;zxea;08-11-2007 04:22:30
145;qww;18-10-2006 04:51:17
148;hki;31-10-2007 03:58:26
149;lbidj;29-07-2007 04:55:25
155;ggbco;17-12-2006 12:51:57
156;kjhk;25-07-2007 03:05:46
161;ltny;07-03-2007 03:45:53
163;iao;07-11-2006 11:33:39
172;iblky;02-08-2007 05:36:28
175;asw;13-09-2007 09:47:10
181;tsm;11-11-2007 05:50:00
184;psjj;16-02-2008 05:16:49
186;pzl;02-06-2007 06:00:27
188;vkg;26-09-2007 05:13:26
191;nlqr;13-12-2006 11:07:26
192;dkcic;27-04-2006 08:07:33
195;arojd;25-01-2008 05:52:30
199;ske;15-10-2006 05:30:39
201;tdy;28-06-2006 10:46:08
203;igruy;21-04-2007 03:40:19
205;uvwwr;28-06-2007 12:18:49
210;vfr;14-03-2007 10:57:55
214;skcd;29-01-2007 08:04:48
215;lqjfe;18-05-2006 03:25:41
216;hhjbb;02-12-2007 11:18:08
218;kgy;11-08-2007 12:43:02
222;fvqd;07-10-2006 10:11:03
225;mmvb;15-02-2008 02:16:34
226;gztu;29-11-2006 10:42:28
236;plk;25-07-2006 02:09:14
238;oic;11-05-2007 04:19:34
240;lyw;07-08-2006 05:09:35
244;akxu;10-06-2006 10:10:58
258;hiu;15-11-2006 03:33:53
262;rdul;08-02-2007 07:03:42
274;hon;29-11-2006 12:02:12
276;etbde;01-12-2007 12:17:18
281;ypsqt;22-06-2006 11:42:32
286;faedw;11-12-2006 03:26:52
289;hgpde;03-02-2008 12:03:12
291;fppte;06-06-2007 09:22:06
314;jppww;08-02-2008 09:09:27
318;zoy;17-10-2007 02:56:29
320;gtyu;03-10-2007 12:13:19
321;she;01-08-2006 08:15:37
322;dhjtk;11-02-2007 11:59:53
524;bli;08-04-2006 06:46:16
525;jykw;01-12-2007 10:08:08
527;ddvus;18-05-2006 05:07:47
530;vktn;20-01-2008 12:29:49
531;jye;30-06-2007 07:57:07
301;xov;12-09-2006 11:45:17
302;rjgh;12-12-2007 11:01:40
303;kaw;04-07-2006 01:07:40
306;rces;29-12-2007 10:09:26
325;vnvaq;15-08-2006 07:58:56
326;nknkg;07-06-2007 08:09:53
335;wvpo;02-11-2006 03:45:30
343;kpzj;28-05-2006 12:55:46
345;xtz;15-07-2007 02:01:47
347;ryspz;21-10-2006 08:28:45
349;xwmfb;09-10-2007 07:26:05
351;qprr;25-03-2007 03:54:32
352;izyb;17-04-2007 04:43:22
11;rme;24-08-2006 06:20:31
553;qmvz;21-06-2007 11:15:59
557;icxj;27-10-2006 01:06:38
559;fmk;24-04-2007 04:27:37
41;yedux;29-10-2007 11:21:58
44;peyeb;18-07-2006 08:48:28
45;qky;24-06-2006 06:45:03
46;yrosf;13-04-2006 12:12:02
47;rczov;22-08-2006 12:13:54
111;oolkr;11-09-2007 02:45:50
112;fvfv;28-07-2006 09:03:04
114;usia;29-10-2006 04:37:16
116;sbhzh;10-11-2007 09:32:35
117;gbjae;21-05-2007 05:34:45
131;ssc;08-11-2007 06:06:36
132;vfxst;31-05-2007 09:49:28
165;quyta;15-11-2006 05:26:52
170;olg;04-05-2007 07:35:09
230;cpbtj;14-08-2006 11:22:38
231;fdeij;16-08-2006 05:46:17
233;tucy;07-05-2007 10:11:01
234;jpf;08-01-2007 12:56:45
245;mlju;11-11-2006 07:39:45
247;sst;21-04-2007 02:49:10
248;kah;17-08-2006 06:10:21
249;dlmll;26-09-2007 10:21:54
251;ctow;23-12-2006 02:31:39
252;dyyet;17-04-2007 06:28:03
263;dkyd;10-11-2006 07:14:33
266;icfnt;08-10-2006 07:53:53
271;hcqlf;26-06-2007 12:38:11
532;qhnz;30-07-2006 01:03:54
535;ubtk;04-05-2006 01:26:12
536;xwi;04-01-2008 05:12:56
538;awe;06-10-2007 01:28:26
541;rlhgi;12-11-2006 01:15:32
542;azeb;04-11-2006 02:11:30
544;vkqgq;22-11-2006 02:59:17
546;rsnd;31-07-2007 07:05:50
548;zzch;04-12-2007 11:52:19
559;aofk;26-07-2007 09:23:10
560;xkl;30-03-2007 11:24:49
562;mfos;08-05-2007 03:40:25
568;mbk;11-01-2007 12:46:20
571;yom;24-03-2007 04:45:22
574;seyof;15-05-2006 05:16:11
575;mmjj;02-01-2007 04:49:46
576;bjpx;03-10-2007 04:57:09
20;brx;04-08-2006 04:47:19
22;ckuq;24-06-2006 04:53:11
25;aap;21-11-2006 05:00:43
33;swvmb;16-07-2007 10:37:17
34;wyss;04-05-2007 04:02:02
36;gdrqk;25-11-2007 10:32:03
5;qdsh;20-12-2007 03:05:03
8;admi;21-02-2007 05:21:42
9;krfpx;07-07-2006 06:03:59
38;unyrf;13-03-2007 01:37:27
1;hyvp;11-06-2007 10:58:42
3;leaac;01-04-2007 09:33:22
6;ofpp;21-09-2006 04:24:12
10;ubnsd;17-11-2006 11:12:24
10;ezih;15-12-2006 08:38:59
13;dclav;15-12-2007 02:02:16
14;clpso;03-06-2007 03:37:30
15;uki;12-12-2007 08:12:19
17;jzgg;27-10-2006 01:40:23
20;daz;01-11-2007 03:46:03
22;aoijx;06-07-2006 08:14:04
23;ybwhb;29-06-2006 08:39:20
24;trflg;17-10-2006 04:20:25
35;dedp;19-07-2007 10:35:07
36;btxq;26-07-2006 03:16:42
37;rlw;13-09-2007 12:55:17
38;gxk;01-09-2007 08:23:52
40;oqwpn;03-07-2006 09:32:35
41;sjat;28-05-2006 02:58:49
123;eot;01-02-2008 02:56:22
136;qjj;09-01-2008 02:35:53
141;qxz;15-07-2006 03:58:48
142;zxea;08-11-2007 04:22:30
145;qww;18-10-2006 04:51:17
148;hki;31-10-2007 03:58:26
149;lbidj;29-07-2007 04:55:25
155;ggbco;17-12-2006 12:51:57
156;kjhk;25-07-2007 03:05:46
161;ltny;07-03-2007 03:45:53
163;iao;07-11-2006 11:33:39
172;iblky;02-08-2007 05:36:28
175;asw;13-09-2007 09:47:10
181;tsm;11-11-2007 05:50:00
184;psjj;16-02-2008 05:16:49
186;pzl;02-06-2007 06:00:27
188;vkg;26-09-2007 05:13:26
191;nlqr;13-12-2006 11:07:26
192;dkcic;27-04-2006 08:07:33
195;arojd;25-01-2008 05:52:30
199;ske;15-10-2006 05:30:39
201;tdy;28-06-2006 10:46:08
203;igruy;21-04-2007 03:40:19
205;uvwwr;28-06-2007 12:18:49
210;vfr;14-03-2007 10:57:55
214;skcd;29-01-2007 08:04:48
215;lqjfe;18-05-2006 03:25:41
216;hhjbb;02-12-2007 11:18:08
218;kgy;11-08-2007 12:43:02
222;fvqd;07-10-2006 10:11:03
225;mmvb;15-02-2008 02:16:34
226;gztu;29-11-2006 10:42:28
236;plk;25-07-2006 02:09:14
238;oic;11-05-2007 04:19:34
240;lyw;07-08-2006 05:09:35
244;akxu;10-06-2006 10:10:58
258;hiu;15-11-2006 03:33:53
262;rdul;08-02-2007 07:03:42
274;hon;29-11-2006 12:02:12
276;etbde;01-12-2007 12:17:18
281;ypsqt;22-06-2006 11:42:32
286;faedw;11-12-2006 03:26:52
289;hgpde;03-02-2008 12:03:12
291;fppte;06-06-2007 09:22:06
314;jppww;08-02-2008 09:09:27
318;zoy;17-10-2007 02:56:29
320;gtyu;03-10-2007 12:13:19
321;she;01-08-2006 08:15:37
322;dhjtk;11-02-2007 11:59:53
525;jykw;01-12-2007 10:08:08
527;ddvus;18-05-2006 05:07:47
530;vktn;20-01-2008 12:29:49
531;jye;30-06-2007 07:57:07
301;xov;12-09-2006 11:45:17
302;rjgh;12-12-2007 11:01:40
303;kaw;04-07-2006 01:07:40
306;rces;29-12-2007 10:09:26
325;vnvaq;15-08-2006 07:58:56
326;nknkg;07-06-2007 08:09:53
335;wvpo;02-11-2006 03:45:30
343;kpzj;28-05-2006 12:55:46
345;xtz;15-07-2007 02:01:47
347;ryspz;21-10-2006 08:28:45
349;xwmfb;09-10-2007 07:26:05
351;qprr;25-03-2007 03:54:32
352;izyb;17-04-2007 04:43:22
11;rme;24-08-2006 06:20:31
553;qmvz;21-06-2007 11:15:59
557;icxj;27-10-2006 01:06:38
559;fmk;24-04-2007 04:27:37
41;yedux;29-10-2007 11:21:58
44;peyeb;18-07-2006 08:48:28
45;qky;24-06-2006 06:45:03
47;rczov;22-08-2006 12:13:54
111;oolkr;11-09-2007 02:45:50
116;sbhzh;10-11-2007 09:32:35
131;ssc;08-11-2007 06:06:36
249;dlmll;26-09-2007 10:21:54
271;hcqlf;26-06-2007 12:38:11
536;xwi;04-01-2008 05:12:56
538;awe;06-10-2007 01:28:26
546;rsnd;31-07-2007 07:05:50
548;zzch;04-12-2007 11:52:19
559;aofk;26-07-2007 09:23:10
576;bjpx;03-10-2007 04:57:09
33;swvmb;16-07-2007 10:37:17
36;gdrqk;25-11-2007 10:32:03
5;qdsh;20-12-2007 03:05:03
1;hyvp;11-06-2007 10:58:42
13;dclav;15-12-2007 02:02:16
15;uki;12-12-2007 08:12:19
20;daz;01-11-2007 03:46:03
35;dedp;19-07-2007 10:35:07
37;rlw;13-09-2007 12:55:17
38;gxk;01-09-2007 08:23:52
123;eot;01-02-2008 02:56:22
136;qjj;09-01-2008 02:35:53
142;zxea;08-11-2007 04:22:30
148;hki;31-10-2007 03:58:26
149;lbidj;29-07-2007 04:55:25
156;kjhk;25-07-2007 03:05:46
172;iblky;02-08-2007 05:36:28
175;asw;13-09-2007 09:47:10
181;tsm;11-11-2007 05:50:00
184;psjj;16-02-2008 05:16:49
188;vkg;26-09-2007 05:13:26
195;arojd;25-01-2008 05:52:30
205;uvwwr;28-06-2007 12:18:49
216;hhjbb;02-12-2007 11:18:08
218;kgy;11-08-2007 12:43:02
225;mmvb;15-02-2008 02:16:34
276;etbde;01-12-2007 12:17:18
289;hgpde;03-02-2008 12:03:12
314;jppww;08-02-2008 09:09:27
318;zoy;17-10-2007 02:56:29
320;gtyu;03-10-2007 12:13:19
525;jykw;01-12-2007 10:08:08
530;vktn;20-01-2008 12:29:49
531;jye;30-06-2007 07:57:07
302;rjgh;12-12-2007 11:01:40
306;rces;29-12-2007 10:09:26
345;xtz;15-07-2007 02:01:47
349;xwmfb;09-10-2007 07:26:05
553;qmvz;21-06-2007 11:15:59
41;yedux;29-10-2007 11:21:58
111;oolkr;11-09-2007 02:45:50
114;usia;29-10-2006 04:37:16
116;sbhzh;10-11-2007 09:32:35
117;gbjae;21-05-2007 05:34:45
131;ssc;08-11-2007 06:06:36
132;vfxst;31-05-2007 09:49:28
165;quyta;15-11-2006 05:26:52
170;olg;04-05-2007 07:35:09
233;tucy;07-05-2007 10:11:01
234;jpf;08-01-2007 12:56:45
245;mlju;11-11-2006 07:39:45
247;sst;21-04-2007 02:49:10
249;dlmll;26-09-2007 10:21:54
251;ctow;23-12-2006 02:31:39
252;dyyet;17-04-2007 06:28:03
263;dkyd;10-11-2006 07:14:33
271;hcqlf;26-06-2007 12:38:11
536;xwi;04-01-2008 05:12:56
538;awe;06-10-2007 01:28:26
541;rlhgi;12-11-2006 01:15:32
542;azeb;04-11-2006 02:11:30
544;vkqgq;22-11-2006 02:59:17
546;rsnd;31-07-2007 07:05:50
548;zzch;04-12-2007 11:52:19
559;aofk;26-07-2007 09:23:10
560;xkl;30-03-2007 11:24:49
562;mfos;08-05-2007 03:40:25
568;mbk;11-01-2007 12:46:20
571;yom;24-03-2007 04:45:22
575;mmjj;02-01-2007 04:49:46
576;bjpx;03-10-2007 04:57:09
25;aap;21-11-2006 05:00:43
33;swvmb;16-07-2007 10:37:17
34;wyss;04-05-2007 04:02:02
36;gdrqk;25-11-2007 10:32:03
5;qdsh;20-12-2007 03:05:03
8;admi;21-02-2007 05:21:42
38;unyrf;13-03-2007 01:37:27
1;hyvp;11-06-2007 10:58:42
3;leaac;01-04-2007 09:33:22
10;ubnsd;17-11-2006 11:12:24
10;ezih;15-12-2006 08:38:59
13;dclav;15-12-2007 02:02:16
14;clpso;03-06-2007 03:37:30
15;uki;12-12-2007 08:12:19
17;jzgg;27-10-2006 01:40:23
20;daz;01-11-2007 03:46:03
35;dedp;19-07-2007 10:35:07
37;rlw;13-09-2007 12:55:17
38;gxk;01-09-2007 08:23:52
123;eot;01-02-2008 02:56:22
136;qjj;09-01-2008 02:35:53
142;zxea;08-11-2007 04:22:30
148;hki;31-10-2007 03:58:26
149;lbidj;29-07-2007 04:55:25
155;ggbco;17-12-2006 12:51:57
156;kjhk;25-07-2007 03:05:46
161;ltny;07-03-2007 03:45:53
163;iao;07-11-2006 11:33:39
172;iblky;02-08-2007 05:36:28
175;asw;13-09-2007 09:47:10
181;tsm;11-11-2007 05:50:00
184;psjj;16-02-2008 05:16:49
186;pzl;02-06-2007 06:00:27
188;vkg;26-09-2007 05:13:26
191;nlqr;13-12-2006 11:07:26
195;arojd;25-01-2008 05:52:30
203;igruy;21-04-2007 03:40:19
205;uvwwr;28-06-2007 12:18:49
210;vfr;14-03-2007 10:57:55
214;skcd;29-01-2007 08:04:48
216;hhjbb;02-12-2007 11:18:08
218;kgy;11-08-2007 12:43:02
225;mmvb;15-02-2008 02:16:34
226;gztu;29-11-2006 10:42:28
238;oic;11-05-2007 04:19:34
258;hiu;15-11-2006 03:33:53
262;rdul;08-02-2007 07:03:42
274;hon;29-11-2006 12:02:12
276;etbde;01-12-2007 12:17:18
286;faedw;11-12-2006 03:26:52
289;hgpde;03-02-2008 12:03:12
291;fppte;06-06-2007 09:22:06
314;jppww;08-02-2008 09:09:27
318;zoy;17-10-2007 02:56:29
320;gtyu;03-10-2007 12:13:19
322;dhjtk;11-02-2007 11:59:53
525;jykw;01-12-2007 10:08:08
530;vktn;20-01-2008 12:29:49
531;jye;30-06-2007 07:57:07
302;rjgh;12-12-2007 11:01:40
306;rces;29-12-2007 10:09:26
326;nknkg;07-06-2007 08:09:53
335;wvpo;02-11-2006 03:45:30
345;xtz;15-07-2007 02:01:47
349;xwmfb;09-10-2007 07:26:05
351;qprr;25-03-2007 03:54:32
352;izyb;17-04-2007 04:43:22
553;qmvz;21-06-2007 11:15:59
557;icxj;27-10-2006 01:06:38
559;fmk;24-04-2007 04:27:37
41;yedux;29-10-2007 11:21:58
