0;vrxgc;05-10-2007 05:55:46
0;ygwao;25-05-2006 08:13:35
0;qtr;22-09-2007 09:43:07
0;ksinr;13-02-2006 12:36:20
0;ksihl;02-02-2008 07:06:26
0;jfyew;27-07-2007 07:42:33
0;xajeg;18-08-2007 06:30:21
0;bbr;07-09-2007 03:07:09
0;passq;28-08-2006 11:16:15
0;pds;16-12-2007 03:40:34
0;mxc;21-12-2007 04:45:49
0;cgm;16-08-2007 03:00:29
0;gtr;28-09-2006 11:48:03
0;xjs;05-03-2006 02:19:59
0;evh;27-03-2006 08:52:03
0;xxrzf;21-03-2006 04:14:35
0;gpss;18-06-2007 07:51:24
0;mpdu;28-12-2006 02:41:32
0;qxbpe;11-08-2007 05:04:30
0;pre;04-12-2006 01:09:58
0;imglu;16-07-2007 06:29:27
0;psbuf;08-01-2008 04:30:44
0;gvwab;14-07-2006 04:08:17
0;mqd;24-09-2006 07:05:11
0;gmn;19-02-2007 11:03:11
0;tatds;14-05-2006 11:12:40
0;vcz;26-03-2007 09:03:11
0;vdzyj;29-07-2007 01:13:14
0;jgcjp;04-11-2007 02:02:54
0;zwmks;23-07-2006 03:07:01
0;fhw;04-07-2006 03:30:16
0;rbzqx;14-06-2007 07:14:06
0;fdizn;02-07-2006 04:20:41
0;hoc;19-05-2006 02:44:12
0;atnki;06-04-2007 02:43:05
0;tvwyy;24-12-2007 07:21:59
0;gsz;19-06-2007 11:00:04
0;ahu;08-09-2007 08:24:47
0;nqm;26-11-2007 02:38:56
0;ifvtj;24-10-2006 06:23:50
0;yoohv;17-02-2007 02:56:14
0;hccas;08-10-2006 08:22:21
0;osp;24-06-2007 03:48:58
0;sqfqy;13-09-2006 02:30:08
0;sss;23-03-2007 05:04:25
0;hlde;22-08-2007 06:51:43
0;wif;29-03-2007 08:09:02
0;ltntj;11-03-2006 08:43:34
0;wxqx;25-04-2006 06:57:09
0;xyl;10-06-2007 11:50:10
0;dcmip;23-10-2006 11:43:16
0;flc;16-09-2007 05:50:11
0;sdxwm;20-01-2007 04:48:55
0;umksg;15-01-2007 06:02:13
0;aunz;25-07-2007 11:54:18
0;bzux;01-09-2006 03:23:47
0;hamcp;19-09-2007 05:35:07
0;gqqfm;14-01-2007 05:59:47
0;uxne;22-06-2007 06:08:48
0;rlseq;31-01-2007 01:25:39
0;tmbu;29-06-2006 06:50:25
0;haexl;15-05-2006 01:42:01
0;mlr;29-08-2006 07:37:09
0;fng;15-07-2006 08:00:29
0;rmw;23-09-2006 06:53:23
0;eezyy;12-05-2006 03:57:45
0;ebh;08-01-2007 07:40:03
0;vxc;30-11-2006 10:05:01
0;cqz;13-04-2006 08:46:40
0;drk;05-03-2006 08:10:42
0;zzr;17-12-2006 11:18:14
0;dgcj;19-09-2006 04:59:08
0;mgn;02-04-2006 12:58:10
0;vrhtp;09-11-2006 09:25:25
0;hgqd;18-11-2006 08:48:01
0;gcocf;04-04-2006 09:54:14
0;jrro;29-06-2006 09:09:50
0;kcppl;11-04-2006 05:23:47
0;zbxi;03-12-2007 01:37:37
0;nok;31-05-2006 09:25:44
0;fxux;03-07-2006 05:24:08
0;hcjg;29-09-2006 04:49:48
0;jps;13-06-2006 05:32:16
0;paxg;21-07-2006 03:58:33
0;xlfh;09-11-2006 07:54:20
0;huwl;18-02-2008 04:02:39
0;rkj;08-06-2007 09:04:51
0;pxm;20-09-2006 05:01:06
0;hka;06-01-2007 12:03:29
0;cje;18-10-2007 11:51:57
0;fcnon;20-08-2006 08:29:35
0;xave;18-04-2006 04:10:32
0;tkfr;14-01-2008 07:17:12
0;tnf;04-09-2006 04:46:01
0;aeeni;01-12-2006 03:52:52
0;skp;05-10-2006 04:18:11
0;met;12-03-2007 07:23:41
0;exlme;10-04-2007 12:03:58
0;iwfi;10-12-2006 12:05:30
0;csxiy;12-02-2007 02:54:53
0;ghyh;05-03-2007 07:16:58
0;czd;30-05-2006 09:43:42
0;skog;13-05-2006 01:48:55
0;lnx;15-12-2006 10:01:05
0;lexf;04-02-2008 12:19:38
0;otg;19-11-2006 05:50:26
0;cujs;19-03-2007 03:31:23
0;uvnx;19-06-2007 10:11:13
0;xcljs;16-06-2007 04:15:24
0;rwek;20-07-2007 07:59:16
0;pdbfa;15-09-2006 08:57:17
0;ksumh;19-12-2006 09:42:41
0;hfirp;28-10-2006 06:24:18
0;snrjw;05-03-2007 05:34:45
0;bqrf;29-11-2006 08:11:54
0;haofr;08-01-2008 09:27:07
0;qnei;12-07-2006 12:55:28
0;cfiea;22-07-2006 10:10:11
0;vca;30-04-2006 08:55:25
0;gnqx;16-02-2008 07:32:50
0;xam;23-04-2006 03:36:37
0;tcpyp;17-11-2007 10:08:38
0;zafz;16-02-2008 01:21:13
0;vyol;18-12-2006 11:38:18
0;idk;10-09-2006 02:08:30
0;xtlv;29-06-2007 05:49:00
0;omw;04-06-2006 05:03:30
0;pphq;12-12-2007 09:41:11
0;feyuu;23-03-2007 10:09:36
0;khjle;18-02-2007 11:23:08
0;uvh;31-08-2007 11:59:49
0;jonp;01-05-2006 10:39:16
0;iplt;12-11-2007 10:23:24
0;xgc;05-12-2007 08:20:35
0;htbj;17-02-2006 04:01:38
0;ukhs;05-08-2007 02:37:23
0;uctnr;02-03-2006 06:24:48
0;ehc;11-08-2007 08:54:32
0;cayw;27-10-2007 05:41:15
0;uzp;27-06-2006 05:52:59
0;qfgra;06-09-2007 11:07:10
0;uaxzt;02-07-2006 06:43:23
0;yswrb;04-06-2006 08:26:34
0;zdf;20-06-2006 10:22:25
0;oyu;05-11-2006 04:58:14
0;mpoye;19-11-2006 10:49:46
0;snqe;29-06-2007 10:49:54
0;xvdb;30-12-2006 01:44:53
0;olnre;04-07-2006 05:50:41
0;wzrt;02-03-2007 09:44:37
0;rxw;04-10-2007 03:58:46
0;fqag;12-07-2006 05:17:26
0;cbndm;04-12-2007 04:21:21
0;vxwsa;25-09-2006 10:12:21
0;gmsrj;28-04-2006 11:23:33
0;ddi;06-07-2007 11:47:36
0;zmp;04-07-2006 10:56:52
0;tdw;26-02-2007 02:11:46
0;kceu;26-07-2006 07:23:45
0;vaw;28-03-2006 05:27:21
0;gjxa;12-06-2006 09:36:24
0;hbwd;19-09-2006 05:45:02
0;hijfs;18-06-2006 08:51:05
0;ryo;08-01-2007 12:55:36
0;emag;04-02-2008 12:56:46
0;kbqxc;23-06-2006 03:58:41
0;run;26-03-2007 09:43:48
0;cms;03-09-2006 03:59:46
0;xcrb;30-03-2006 11:39:12
0;poau;10-09-2007 01:05:55
0;kfvvb;24-08-2007 08:13:44
0;dyqgx;31-12-2007 05:10:09
0;vrxgc;05-10-2007 05:55:46
0;qtr;22-09-2007 09:43:07
0;ksihl;02-02-2008 07:06:26
0;jfyew;27-07-2007 07:42:33
0;xajeg;18-08-2007 06:30:21
0;bbr;07-09-2007 03:07:09
0;pds;16-12-2007 03:40:34
0;mxc;21-12-2007 04:45:49
0;cgm;16-08-2007 03:00:29
0;gpss;18-06-2007 07:51:24
0;qxbpe;11-08-2007 05:04:30
0;imglu;16-07-2007 06:29:27
0;psbuf;08-01-2008 04:30:44
0;vcz;26-03-2007 09:03:11
0;vdzyj;29-07-2007 01:13:14
0;jgcjp;04-11-2007 02:02:54
0;rbzqx;14-06-2007 07:14:06
0;atnki;06-04-2007 02:43:05
0;tvwyy;24-12-2007 07:21:59
0;gsz;19-06-2007 11:00:04
0;ahu;08-09-2007 08:24:47
0;nqm;26-11-2007 02:38:56
0;osp;24-06-2007 03:48:58
0;sss;23-03-2007 05:04:25
0;hlde;22-08-2007 06:51:43
0;wif;29-03-2007 08:09:02
0;xyl;10-06-2007 11:50:10
0;flc;16-09-2007 05:50:11
0;aunz;25-07-2007 11:54:18
0;hamcp;19-09-2007 05:35:07
0;uxne;22-06-2007 06:08:48
0;zbxi;03-12-2007 01:37:37
0;huwl;18-02-2008 04:02:39
0;rkj;08-06-2007 09:04:51
0;cje;18-10-2007 11:51:57
0;tkfr;14-01-2008 07:17:12
0;exlme;10-04-2007 12:03:58
0;lexf;04-02-2008 12:19:38
0;cujs;19-03-2007 03:31:23
0;uvnx;19-06-2007 10:11:13
0;xcljs;16-06-2007 04:15:24
0;rwek;20-07-2007 07:59:16
0;haofr;08-01-2008 09:27:07
0;gnqx;16-02-2008 07:32:50
0;tcpyp;17-11-2007 10:08:38
0;zafz;16-02-2008 01:21:13
0;xtlv;29-06-2007 05:49:00
0;pphq;12-12-2007 09:41:11
0;feyuu;23-03-2007 10:09:36
0;uvh;31-08-2007 11:59:49
0;iplt;12-11-2007 10:23:24
0;xgc;05-12-2007 08:20:35
0;ukhs;05-08-2007 02:37:23
0;ehc;11-08-2007 08:54:32
0;cayw;27-10-2007 05:41:15
0;qfgra;06-09-2007 11:07:10
0;snqe;29-06-2007 10:49:54
0;vrxgc;05-10-2007 05:55:46
0;qtr;22-09-2007 09:43:07
0;ksihl;02-02-2008 07:06:26
0;jfyew;27-07-2007 07:42:33
0;xajeg;18-08-2007 06:30:21
0;bbr;07-09-2007 03:07:09
0;pds;16-12-2007 03:40:34
0;mxc;21-12-2007 04:45:49
0;cgm;16-08-2007 03:00:29
0;gpss;18-06-2007 07:51:24
0;qxbpe;11-08-2007 05:04:30
0;imglu;16-07-2007 06:29:27
0;psbuf;08-01-2008 04:30:44
0;gmn;19-02-2007 11:03:11
0;vcz;26-03-2007 09:03:11
0;vdzyj;29-07-2007 01:13:14
0;jgcjp;04-11-2007 02:02:54
0;rbzqx;14-06-2007 07:14:06
0;atnki;06-04-2007 02:43:05
0;tvwyy;24-12-2007 07:21:59
0;gsz;19-06-2007 11:00:04
0;ahu;08-09-2007 08:24:47
0;nqm;26-11-2007 02:38:56
0;yoohv;17-02-2007 02:56:14
0;osp;24-06-2007 03:48:58
0;sss;23-03-2007 05:04:25
0;hlde;22-08-2007 06:51:43
0;wif;29-03-2007 08:09:02
0;xyl;10-06-2007 11:50:10
0;flc;16-09-2007 05:50:11
0;aunz;25-07-2007 11:54:18
0;hamcp;19-09-2007 05:35:07
0;uxne;22-06-2007 06:08:48
0;rlseq;31-01-2007 01:25:39
0;zbxi;03-12-2007 01:37:37
0;huwl;18-02-2008 04:02:39
0;rkj;08-06-2007 09:04:51
0;cje;18-10-2007 11:51:57
0;tkfr;14-01-2008 07:17:12
0;met;12-03-2007 07:23:41
0;exlme;10-04-2007 12:03:58
0;csxiy;12-02-2007 02:54:53
0;ghyh;05-03-2007 07:16:58
0;lexf;04-02-2008 12:19:38
0;cujs;19-03-2007 03:31:23
0;uvnx;19-06-2007 10:11:13
0;xcljs;16-06-2007 04:15:24
0;rwek;20-07-2007 07:59:16
0;snrjw;05-03-2007 05:34:45
0;haofr;08-01-2008 09:27:07
0;gnqx;16-02-2008 07:32:50
0;tcpyp;17-11-2007 10:08:38
0;zafz;16-02-2008 01:21:13
0;xtlv;29-06-2007 05:49:00
0;pphq;12-12-2007 09:41:11
0;feyuu;23-03-2007 10:09:36
0;khjle;18-02-2007 11:23:08
0;uvh;31-08-2007 11:59:49
0;iplt;12-11-2007 10:23:24
0;xgc;05-12-2007 08:20:35
0;ukhs;05-08-2007 02:37:23
0;ehc;11-08-2007 08:54:32
0;cayw;27-10-2007 05:41:15
0;qfgra;06-09-2007 11:07:10
0;snqe;29-06-2007 10:49:54
0;ksihl;02-02-2008 07:06:26
0;pds;16-12-2007 03:40:34
0;mxc;21-12-2007 04:45:49
0;psbuf;08-01-2008 04:30:44
0;tvwyy;24-12-2007 07:21:59
0;huwl;18-02-2008 04:02:39
0;tkfr;14-01-2008 07:17:12
0;lexf;04-02-2008 12:19:38
0;haofr;08-01-2008 09:27:07
0;gnqx;16-02-2008 07:32:50
0;zafz;16-02-2008 01:21:13
0;pphq;12-12-2007 09:41:11
0;ksihl;02-02-2008 07:06:26
0;pds;16-12-2007 03:40:34
0;mxc;21-12-2007 04:45:49
0;psbuf;08-01-2008 04:30:44
0;tvwyy;24-12-2007 07:21:59
0;huwl;18-02-2008 04:02:39
0;tkfr;14-01-2008 07:17:12
0;lexf;04-02-2008 12:19:38
0;haofr;08-01-2008 09:27:07
0;gnqx;16-02-2008 07:32:50
0;zafz;16-02-2008 01:21:13
0;pphq;12-12-2007 09:41:11
0;xgc;05-12-2007 08:20:35
0;ksihl;02-02-2008 07:06:26
0;pds;16-12-2007 03:40:34
0;mxc;21-12-2007 04:45:49
0;psbuf;08-01-2008 04:30:44
0;tvwyy;24-12-2007 07:21:59
0;nqm;26-11-2007 02:38:56
0;zbxi;03-12-2007 01:37:37
0;huwl;18-02-2008 04:02:39
0;tkfr;14-01-2008 07:17:12
0;lexf;04-02-2008 12:19:38
0;haofr;08-01-2008 09:27:07
0;gnqx;16-02-2008 07:32:50
0;zafz;16-02-2008 01:21:13
0;pphq;12-12-2007 09:41:11
0;xgc;05-12-2007 08:20:35
0;vrxgc;05-10-2007 05:55:46
0;ygwao;25-05-2006 08:13:35
0;qtr;22-09-2007 09:43:07
0;ksihl;02-02-2008 07:06:26
0;jfyew;27-07-2007 07:42:33
0;xajeg;18-08-2007 06:30:21
0;bbr;07-09-2007 03:07:09
0;passq;28-08-2006 11:16:15
0;pds;16-12-2007 03:40:34
0;mxc;21-12-2007 04:45:49
0;cgm;16-08-2007 03:00:29
0;gtr;28-09-2006 11:48:03
0;evh;27-03-2006 08:52:03
0;xxrzf;21-03-2006 04:14:35
0;gpss;18-06-2007 07:51:24
0;mpdu;28-12-2006 02:41:32
0;qxbpe;11-08-2007 05:04:30
0;pre;04-12-2006 01:09:58
0;imglu;16-07-2007 06:29:27
0;psbuf;08-01-2008 04:30:44
0;gvwab;14-07-2006 04:08:17
0;mqd;24-09-2006 07:05:11
0;gmn;19-02-2007 11:03:11
0;tatds;14-05-2006 11:12:40
0;vcz;26-03-2007 09:03:11
0;vdzyj;29-07-2007 01:13:14
0;jgcjp;04-11-2007 02:02:54
0;zwmks;23-07-2006 03:07:01
0;fhw;04-07-2006 03:30:16
0;rbzqx;14-06-2007 07:14:06
0;fdizn;02-07-2006 04:20:41
0;hoc;19-05-2006 02:44:12
0;atnki;06-04-2007 02:43:05
0;tvwyy;24-12-2007 07:21:59
0;gsz;19-06-2007 11:00:04
0;ahu;08-09-2007 08:24:47
0;nqm;26-11-2007 02:38:56
0;ifvtj;24-10-2006 06:23:50
0;yoohv;17-02-2007 02:56:14
0;hccas;08-10-2006 08:22:21
0;osp;24-06-2007 03:48:58
0;sqfqy;13-09-2006 02:30:08
0;sss;23-03-2007 05:04:25
0;hlde;22-08-2007 06:51:43
0;wif;29-03-2007 08:09:02
0;wxqx;25-04-2006 06:57:09
0;xyl;10-06-2007 11:50:10
0;dcmip;23-10-2006 11:43:16
0;flc;16-09-2007 05:50:11
0;sdxwm;20-01-2007 04:48:55
0;umksg;15-01-2007 06:02:13
0;aunz;25-07-2007 11:54:18
0;bzux;01-09-2006 03:23:47
0;hamcp;19-09-2007 05:35:07
0;gqqfm;14-01-2007 05:59:47
0;uxne;22-06-2007 06:08:48
0;rlseq;31-01-2007 01:25:39
0;tmbu;29-06-2006 06:50:25
0;haexl;15-05-2006 01:42:01
0;mlr;29-08-2006 07:37:09
0;fng;15-07-2006 08:00:29
0;rmw;23-09-2006 06:53:23
0;eezyy;12-05-2006 03:57:45
0;ebh;08-01-2007 07:40:03
0;vxc;30-11-2006 10:05:01
0;cqz;13-04-2006 08:46:40
0;zzr;17-12-2006 11:18:14
0;dgcj;19-09-2006 04:59:08
0;mgn;02-04-2006 12:58:10
0;vrhtp;09-11-2006 09:25:25
0;hgqd;18-11-2006 08:48:01
0;gcocf;04-04-2006 09:54:14
0;jrro;29-06-2006 09:09:50
0;kcppl;11-04-2006 05:23:47
0;zbxi;03-12-2007 01:37:37
0;nok;31-05-2006 09:25:44
0;fxux;03-07-2006 05:24:08
0;hcjg;29-09-2006 04:49:48
0;jps;13-06-2006 05:32:16
0;paxg;21-07-2006 03:58:33
0;xlfh;09-11-2006 07:54:20
0;huwl;18-02-2008 04:02:39
0;rkj;08-06-2007 09:04:51
0;pxm;20-09-2006 05:01:06
0;hka;06-01-2007 12:03:29
0;cje;18-10-2007 11:51:57
0;fcnon;20-08-2006 08:29:35
0;xave;18-04-2006 04:10:32
0;tkfr;14-01-2008 07:17:12
0;tnf;04-09-2006 04:46:01
0;aeeni;01-12-2006 03:52:52
0;skp;05-10-2006 04:18:11
0;met;12-03-2007 07:23:41
0;exlme;10-04-2007 12:03:58
0;iwfi;10-12-2006 12:05:30
0;csxiy;12-02-2007 02:54:53
0;ghyh;05-03-2007 07:16:58
0;czd;30-05-2006 09:43:42
0;skog;13-05-2006 01:48:55
0;lnx;15-12-2006 10:01:05
0;lexf;04-02-2008 12:19:38
0;otg;19-11-2006 05:50:26
0;cujs;19-03-2007 03:31:23
0;uvnx;19-06-2007 10:11:13
0;xcljs;16-06-2007 04:15:24
0;rwek;20-07-2007 07:59:16
0;pdbfa;15-09-2006 08:57:17
0;ksumh;19-12-2006 09:42:41
0;hfirp;28-10-2006 06:24:18
0;snrjw;05-03-2007 05:34:45
0;bqrf;29-11-2006 08:11:54
0;haofr;08-01-2008 09:27:07
0;qnei;12-07-2006 12:55:28
0;cfiea;22-07-2006 10:10:11
0;vca;30-04-2006 08:55:25
0;gnqx;16-02-2008 07:32:50
0;xam;23-04-2006 03:36:37
0;tcpyp;17-11-2007 10:08:38
0;zafz;16-02-2008 01:21:13
0;vyol;18-12-2006 11:38:18
0;idk;10-09-2006 02:08:30
0;xtlv;29-06-2007 05:49:00
0;omw;04-06-2006 05:03:30
0;pphq;12-12-2007 09:41:11
0;feyuu;23-03-2007 10:09:36
0;khjle;18-02-2007 11:23:08
0;uvh;31-08-2007 11:59:49
0;jonp;01-05-2006 10:39:16
0;iplt;12-11-2007 10:23:24
0;xgc;05-12-2007 08:20:35
0;ukhs;05-08-2007 02:37:23
0;ehc;11-08-2007 08:54:32
0;cayw;27-10-2007 05:41:15
0;uzp;27-06-2006 05:52:59
0;qfgra;06-09-2007 11:07:10
0;uaxzt;02-07-2006 06:43:23
0;yswrb;04-06-2006 08:26:34
0;zdf;20-06-2006 10:22:25
0;oyu;05-11-2006 04:58:14
0;mpoye;19-11-2006 10:49:46
0;snqe;29-06-2007 10:49:54
0;vrxgc;05-10-2007 05:55:46
0;ygwao;25-05-2006 08:13:35
0;qtr;22-09-2007 09:43:07
0;ksihl;02-02-2008 07:06:26
0;jfyew;27-07-2007 07:42:33
0;xajeg;18-08-2007 06:30:21
0;bbr;07-09-2007 03:07:09
0;passq;28-08-2006 11:16:15
0;pds;16-12-2007 03:40:34
0;mxc;21-12-2007 04:45:49
0;cgm;16-08-2007 03:00:29
0;gtr;28-09-2006 11:48:03
0;gpss;18-06-2007 07:51:24
0;mpdu;28-12-2006 02:41:32
0;qxbpe;11-08-2007 05:04:30
0;pre;04-12-2006 01:09:58
0;imglu;16-07-2007 06:29:27
0;psbuf;08-01-2008 04:30:44
0;gvwab;14-07-2006 04:08:17
0;mqd;24-09-2006 07:05:11
0;gmn;19-02-2007 11:03:11
0;tatds;14-05-2006 11:12:40
0;vcz;26-03-2007 09:03:11
0;vdzyj;29-07-2007 01:13:14
0;jgcjp;04-11-2007 02:02:54
0;zwmks;23-07-2006 03:07:01
0;fhw;04-07-2006 03:30:16
0;rbzqx;14-06-2007 07:14:06
0;fdizn;02-07-2006 04:20:41
0;hoc;19-05-2006 02:44:12
0;atnki;06-04-2007 02:43:05
0;tvwyy;24-12-2007 07:21:59
0;gsz;19-06-2007 11:00:04
0;ahu;08-09-2007 08:24:47
0;nqm;26-11-2007 02:38:56
0;ifvtj;24-10-2006 06:23:50
0;yoohv;17-02-2007 02:56:14
0;hccas;08-10-2006 08:22:21
0;osp;24-06-2007 03:48:58
0;sqfqy;13-09-2006 02:30:08
0;sss;23-03-2007 05:04:25
0;hlde;22-08-2007 06:51:43
0;wif;29-03-2007 08:09:02
0;wxqx;25-04-2006 06:57:09
0;xyl;10-06-2007 11:50:10
0;dcmip;23-10-2006 11:43:16
0;flc;16-09-2007 05:50:11
0;sdxwm;20-01-2007 04:48:55
0;umksg;15-01-2007 06:02:13
0;aunz;25-07-2007 11:54:18
0;bzux;01-09-2006 03:23:47
0;hamcp;19-09-2007 05:35:07
0;gqqfm;14-01-2007 05:59:47
0;uxne;22-06-2007 06:08:48
0;rlseq;31-01-2007 01:25:39
0;tmbu;29-06-2006 06:50:25
0;haexl;15-05-2006 01:42:01
0;mlr;29-08-2006 07:37:09
0;fng;15-07-2006 08:00:29
0;rmw;23-09-2006 06:53:23
0;eezyy;12-05-2006 03:57:45
0;ebh;08-01-2007 07:40:03
0;vxc;30-11-2006 10:05:01
0;zzr;17-12-2006 11:18:14
0;dgcj;19-09-2006 04:59:08
0;vrhtp;09-11-2006 09:25:25
0;hgqd;18-11-2006 08:48:01
0;jrro;29-06-2006 09:09:50
0;zbxi;03-12-2007 01:37:37
0;nok;31-05-2006 09:25:44
0;fxux;03-07-2006 05:24:08
0;hcjg;29-09-2006 04:49:48
0;jps;13-06-2006 05:32:16
0;paxg;21-07-2006 03:58:33
0;xlfh;09-11-2006 07:54:20
0;huwl;18-02-2008 04:02:39
0;rkj;08-06-2007 09:04:51
0;pxm;20-09-2006 05:01:06
0;hka;06-01-2007 12:03:29
0;cje;18-10-2007 11:51:57
0;fcnon;20-08-2006 08:29:35
0;tkfr;14-01-2008 07:17:12
0;tnf;04-09-2006 04:46:01
0;aeeni;01-12-2006 03:52:52
0;skp;05-10-2006 04:18:11
0;met;12-03-2007 07:23:41
0;exlme;10-04-2007 12:03:58
0;iwfi;10-12-2006 12:05:30
0;csxiy;12-02-2007 02:54:53
0;ghyh;05-03-2007 07:16:58
0;czd;30-05-2006 09:43:42
0;skog;13-05-2006 01:48:55
0;lnx;15-12-2006 10:01:05
0;lexf;04-02-2008 12:19:38
0;otg;19-11-2006 05:50:26
0;cujs;19-03-2007 03:31:23
0;uvnx;19-06-2007 10:11:13
0;xcljs;16-06-2007 04:15:24
0;rwek;20-07-2007 07:59:16
0;pdbfa;15-09-2006 08:57:17
0;ksumh;19-12-2006 09:42:41
0;hfirp;28-10-2006 06:24:18
0;snrjw;05-03-2007 05:34:45
0;bqrf;29-11-2006 08:11:54
0;haofr;08-01-2008 09:27:07
0;qnei;12-07-2006 12:55:28
0;cfiea;22-07-2006 10:10:11
0;vca;30-04-2006 08:55:25
0;gnqx;16-02-2008 07:32:50
0;xam;23-04-2006 03:36:37
0;tcpyp;17-11-2007 10:08:38
0;zafz;16-02-2008 01:21:13
0;vyol;18-12-2006 11:38:18
0;idk;10-09-2006 02:08:30
0;xtlv;29-06-2007 05:49:00
0;omw;04-06-2006 05:03:30
0;pphq;12-12-2007 09:41:11
0;feyuu;23-03-2007 10:09:36
0;khjle;18-02-2007 11:23:08
0;uvh;31-08-2007 11:59:49
0;jonp;01-05-2006 10:39:16
0;iplt;12-11-2007 10:23:24
0;xgc;05-12-2007 08:20:35
0;ukhs;05-08-2007 02:37:23
0;ehc;11-08-2007 08:54:32
0;cayw;27-10-2007 05:41:15
0;uzp;27-06-2006 05:52:59
0;qfgra;06-09-2007 11:07:10
0;uaxzt;02-07-2006 06:43:23
0;yswrb;04-06-2006 08:26:34
0;zdf;20-06-2006 10:22:25
0;oyu;05-11-2006 04:58:14
0;mpoye;19-11-2006 10:49:46
0;snqe;29-06-2007 10:49:54
0;vrxgc;05-10-2007 05:55:46
0;qtr;22-09-2007 09:43:07
0;ksihl;02-02-2008 07:06:26
0;jfyew;27-07-2007 07:42:33
0;xajeg;18-08-2007 06:30:21
0;bbr;07-09-2007 03:07:09
0;pds;16-12-2007 03:40:34
0;mxc;21-12-2007 04:45:49
0;cgm;16-08-2007 03:00:29
0;gpss;18-06-2007 07:51:24
0;qxbpe;11-08-2007 05:04:30
0;imglu;16-07-2007 06:29:27
0;psbuf;08-01-2008 04:30:44
0;vdzyj;29-07-2007 01:13:14
0;jgcjp;04-11-2007 02:02:54
0;rbzqx;14-06-2007 07:14:06
0;tvwyy;24-12-2007 07:21:59
0;gsz;19-06-2007 11:00:04
0;ahu;08-09-2007 08:24:47
0;nqm;26-11-2007 02:38:56
0;osp;24-06-2007 03:48:58
0;hlde;22-08-2007 06:51:43
0;xyl;10-06-2007 11:50:10
0;flc;16-09-2007 05:50:11
0;aunz;25-07-2007 11:54:18
0;hamcp;19-09-2007 05:35:07
0;uxne;22-06-2007 06:08:48
0;zbxi;03-12-2007 01:37:37
0;huwl;18-02-2008 04:02:39
0;cje;18-10-2007 11:51:57
0;tkfr;14-01-2008 07:17:12
0;lexf;04-02-2008 12:19:38
0;uvnx;19-06-2007 10:11:13
0;xcljs;16-06-2007 04:15:24
0;rwek;20-07-2007 07:59:16
0;haofr;08-01-2008 09:27:07
0;gnqx;16-02-2008 07:32:50
0;tcpyp;17-11-2007 10:08:38
0;zafz;16-02-2008 01:21:13
0;xtlv;29-06-2007 05:49:00
0;pphq;12-12-2007 09:41:11
0;uvh;31-08-2007 11:59:49
0;iplt;12-11-2007 10:23:24
0;xgc;05-12-2007 08:20:35
0;ukhs;05-08-2007 02:37:23
0;ehc;11-08-2007 08:54:32
0;cayw;27-10-2007 05:41:15
0;qfgra;06-09-2007 11:07:10
0;snqe;29-06-2007 10:49:54
0;vrxgc;05-10-2007 05:55:46
0;qtr;22-09-2007 09:43:07
0;ksihl;02-02-2008 07:06:26
0;jfyew;27-07-2007 07:42:33
0;xajeg;18-08-2007 06:30:21
0;bbr;07-09-2007 03:07:09
0;pds;16-12-2007 03:40:34
0;mxc;21-12-2007 04:45:49
0;cgm;16-08-2007 03:00:29
0;gpss;18-06-2007 07:51:24
0;mpdu;28-12-2006 02:41:32
0;qxbpe;11-08-2007 05:04:30
0;pre;04-12-2006 01:09:58
0;imglu;16-07-2007 06:29:27
0;psbuf;08-01-2008 04:30:44
0;gmn;19-02-2007 11:03:11
0;vcz;26-03-2007 09:03:11
0;vdzyj;29-07-2007 01:13:14
0;jgcjp;04-11-2007 02:02:54
0;rbzqx;14-06-2007 07:14:06
0;atnki;06-04-2007 02:43:05
0;tvwyy;24-12-2007 07:21:59
0;gsz;19-06-2007 11:00:04
0;ahu;08-09-2007 08:24:47
0;nqm;26-11-2007 02:38:56
0;ifvtj;24-10-2006 06:23:50
0;yoohv;17-02-2007 02:56:14
0;osp;24-06-2007 03:48:58
0;sss;23-03-2007 05:04:25
0;hlde;22-08-2007 06:51:43
0;wif;29-03-2007 08:09:02
0;xyl;10-06-2007 11:50:10
0;flc;16-09-2007 05:50:11
0;sdxwm;20-01-2007 04:48:55
0;umksg;15-01-2007 06:02:13
0;aunz;25-07-2007 11:54:18
0;hamcp;19-09-2007 05:35:07
0;gqqfm;14-01-2007 05:59:47
0;uxne;22-06-2007 06:08:48
0;rlseq;31-01-2007 01:25:39
0;ebh;08-01-2007 07:40:03
0;vxc;30-11-2006 10:05:01
0;zzr;17-12-2006 11:18:14
0;vrhtp;09-11-2006 09:25:25
0;hgqd;18-11-2006 08:48:01
0;zbxi;03-12-2007 01:37:37
0;xlfh;09-11-2006 07:54:20
0;huwl;18-02-2008 04:02:39
0;rkj;08-06-2007 09:04:51
0;hka;06-01-2007 12:03:29
0;cje;18-10-2007 11:51:57
0;tkfr;14-01-2008 07:17:12
0;aeeni;01-12-2006 03:52:52
0;met;12-03-2007 07:23:41
0;exlme;10-04-2007 12:03:58
0;iwfi;10-12-2006 12:05:30
0;csxiy;12-02-2007 02:54:53
0;ghyh;05-03-2007 07:16:58
0;lnx;15-12-2006 10:01:05
0;lexf;04-02-2008 12:19:38
0;otg;19-11-2006 05:50:26
0;cujs;19-03-2007 03:31:23
0;uvnx;19-06-2007 10:11:13
0;xcljs;16-06-2007 04:15:24
0;rwek;20-07-2007 07:59:16
0;ksumh;19-12-2006 09:42:41
0;hfirp;28-10-2006 06:24:18
0;snrjw;05-03-2007 05:34:45
0;bqrf;29-11-2006 08:11:54
0;haofr;08-01-2008 09:27:07
0;gnqx;16-02-2008 07:32:50
0;tcpyp;17-11-2007 10:08:38
0;zafz;16-02-2008 01:21:13
0;vyol;18-12-2006 11:38:18
0;xtlv;29-06-2007 05:49:00
0;pphq;12-12-2007 09:41:11
0;feyuu;23-03-2007 10:09:36
0;khjle;18-02-2007 11:23:08
0;uvh;31-08-2007 11:59:49
0;iplt;12-11-2007 10:23:24
0;xgc;05-12-2007 08:20:35
0;ukhs;05-08-2007 02:37:23
0;ehc;11-08-2007 08:54:32
0;cayw;27-10-2007 05:41:15
0;qfgra;06-09-2007 11:07:10
0;oyu;05-11-2006 04:58:14
0;mpoye;19-11-2006 10:49:46
0;snqe;29-06-2007 10:49:54
