11;87572824064;Murraiin;Jonathan;V.;5423 Camby Rd.;La Mesa;CA;35890;USA;11;612-555-4878;747-555-6928;1967-06-20 00:00:00;S;$50K - $70K;M;4;0;High School Degree;1992-04-23 00:00:00;Bronze;Manual;N;2
34;87767064576;Muenich;Nathan;;6629 Polson Circle;La Mesa;CA;53422;USA;11;361-555-7656;957-555-9020;1919-10-21 00:00:00;M;$50K - $70K;F;3;1;Bachelors Degree;1990-02-27 00:00:00;Silver;Management;Y;2
140;88966602752;Russell;Douglas;D.;5025 Holiday Hills;La Mesa;CA;71367;USA;11;536-555-4122;209-555-6858;1947-11-14 00:00:00;M;$10K - $30K;M;2;1;Partial High School;1990-10-21 00:00:00;Normal;Skilled Manual;Y;1
157;89207513088;Morgan;Jackie;;3841 Silver Oaks Place;La Mesa;CA;11949;USA;11;744-555-3989;286-555-5582;1910-04-15 00:00:00;S;$50K - $70K;F;2;0;Bachelors Degree;1993-10-03 00:00:00;Bronze;Professional;N;2
234;90146938880;Cramer;Mary;J.;6696 Adria Drive;La Mesa;CA;49452;USA;11;408-555-5009;673-555-8202;1938-09-20 00:00:00;M;$10K - $30K;M;3;0;Partial High School;1991-08-20 00:00:00;Normal;Manual;Y;1
251;90412417024;Wright;Rachael;;1356 Grove Way;La Mesa;CA;12255;USA;11;283-555-6823;418-555-8873;1975-05-22 00:00:00;S;$30K - $50K;F;3;0;High School Degree;1990-09-16 00:00:00;Bronze;Skilled Manual;N;2
342;91434074112;Moberly;Paula;L.;4223 Las Trampas Road;La Mesa;CA;93185;USA;11;716-555-4149;367-555-8257;1970-07-20 00:00:00;M;$30K - $50K;F;3;3;High School Degree;1992-09-07 00:00:00;Golden;Skilled Manual;Y;3
360;91590402048;Lepro;Bonnie;L.;4858 Shannon Lane;La Mesa;CA;79211;USA;11;275-555-1395;233-555-5045;1949-08-13 00:00:00;M;$30K - $50K;M;4;2;Partial High School;1991-06-27 00:00:00;Bronze;Manual;Y;4
478;93103661056;Rhiger;Constance;B.;4566 Bermad Drive;La Mesa;CA;32303;USA;11;930-555-9238;911-555-2517;1929-10-25 00:00:00;M;$50K - $70K;F;5;0;Bachelors Degree;1993-09-21 00:00:00;Bronze;Management;Y;2
560;94239932416;Peoples;Elizabeth;A.;2775 Bonifacio Street;La Mesa;CA;27337;USA;11;561-555-2406;188-555-7884;1956-03-14 00:00:00;M;$70K - $90K;M;0;0;Graduate Degree;1992-05-26 00:00:00;Bronze;Professional;Y;1
629;95165636608;Storjohann;Judy;E.;460 Carzino Ct;La Mesa;CA;20040;USA;11;460-555-7162;333-555-6926;1914-12-24 00:00:00;M;$10K - $30K;M;4;2;Partial High School;1991-08-19 00:00:00;Normal;Skilled Manual;Y;2
870;98388664320;Gabbard;Patrick;A.;9224 Nob Hill Drive;La Mesa;CA;15583;USA;11;383-555-6329;933-555-1436;1937-01-04 00:00:00;S;$10K - $30K;F;3;0;Partial High School;1993-02-26 00:00:00;Normal;Manual;Y;1
991;99910148096;Terry;Maria;;4849 Bovlevard;La Mesa;CA;34353;USA;11;308-555-5417;158-555-6552;1928-02-08 00:00:00;M;$70K - $90K;F;1;0;Bachelors Degree;1990-04-22 00:00:00;Bronze;Management;N;2
1157;11098563584;Backlin;Maryann;;3971 Confir Court;La Mesa;CA;84301;USA;11;132-555-9184;905-555-8948;1946-08-15 00:00:00;M;$30K - $50K;M;1;1;High School Degree;1993-02-03 00:00:00;Bronze;Manual;N;3
1303;12063557632;Estepp;Christopher;P.;9705 Via Del Sol;La Mesa;CA;71447;USA;11;263-555-8218;444-555-7524;1964-07-22 00:00:00;S;$90K - $110K;M;0;0;Graduate Degree;1990-04-11 00:00:00;Bronze;Management;Y;3
1317;12216443904;Potter;Diane;J.;9924 Trinidad;La Mesa;CA;99228;USA;11;133-555-9261;245-555-3683;1955-03-10 00:00:00;S;$10K - $30K;F;2;0;Partial High School;1991-10-14 00:00:00;Normal;Skilled Manual;N;0
1409;12849171456;Etter;Clifford;R.;5558 Kaitlin Pl.;La Mesa;CA;29686;USA;11;110-555-6395;267-555-7073;1976-04-08 00:00:00;M;$30K - $50K;M;1;1;High School Degree;1992-03-02 00:00:00;Bronze;Skilled Manual;Y;2
1410;12850603008;Matuga;Kathie;;7053 Laurel Dr.;La Mesa;CA;17397;USA;11;360-555-3773;956-555-5138;1937-12-03 00:00:00;S;$10K - $30K;M;0;0;Partial High School;1991-01-09 00:00:00;Normal;Skilled Manual;N;2
1790;15347643392;Jur;Markeaus;;5891 Quail Court;La Mesa;CA;12312;USA;11;101-555-5937;982-555-8216;1954-02-14 00:00:00;S;$10K - $30K;M;3;0;Partial High School;1992-09-07 00:00:00;Normal;Manual;Y;1
1808;15477473280;Thompson;Georgia;;1583 Blackridge Drive;La Mesa;CA;81387;USA;11;559-555-3183;848-555-5004;1971-08-11 00:00:00;S;$10K - $30K;M;4;0;Partial High School;1992-01-16 00:00:00;Normal;Manual;N;0
2008;16922057728;Eichelkraut;Stan;;634 Athene Drive;La Mesa;CA;47233;USA;11;845-555-4194;803-555-7844;1949-09-05 00:00:00;M;$10K - $30K;M;4;4;Partial High School;1993-11-01 00:00:00;Normal;Skilled Manual;Y;1
2168;18014113792;Thompson;Evelyn;A.;1899 Kinross Drive;La Mesa;CA;36158;USA;11;188-555-7849;807-555-7842;1918-06-07 00:00:00;M;$110K - $130K;F;3;3;Bachelors Degree;1992-04-18 00:00:00;Golden;Professional;Y;3
2313;19218757632;Bowers;Yolanda;K.;736 Camino Norte;La Mesa;CA;18046;USA;11;158-555-4136;885-555-6643;1918-03-14 00:00:00;M;$10K - $30K;F;3;1;Partial High School;1992-06-16 00:00:00;Normal;Manual;Y;2
2360;19610525696;Zeid;Jill;A.;5704 Laverne Avenue;La Mesa;CA;89240;USA;11;960-555-6685;918-555-1335;1966-08-27 00:00:00;S;$30K - $50K;M;3;0;Partial College;1991-04-25 00:00:00;Bronze;Professional;N;4
2478;20429416448;Tatom;Rachel;;9618 San Rafael;La Mesa;CA;51812;USA;11;435-555-4379;416-555-6657;1955-11-21 00:00:00;S;$110K - $130K;F;4;0;Bachelors Degree;1993-08-23 00:00:00;Bronze;Management;Y;3
2560;21026648064;Lyons;Margaret;J.;6164 Cliffside Drive;La Mesa;CA;48916;USA;11;231-555-5515;520-555-7336;1914-07-06 00:00:00;S;$30K - $50K;M;3;0;High School Degree;1992-12-07 00:00:00;Bronze;Manual;Y;3
2670;21681448960;Toenjes;Susan;A.;6080 Benita Way;La Mesa;CA;53709;USA;11;783-555-1608;763-555-3887;1960-08-08 00:00:00;S;$70K - $90K;F;0;0;Graduate Degree;1992-03-28 00:00:00;Bronze;Professional;Y;3
2888;23286515712;Hanas;Joann;C.;8049 Jefferson Street;La Mesa;CA;40600;USA;11;515-555-6605;473-555-1255;1951-09-09 00:00:00;S;$130K - $150K;M;2;0;Bachelors Degree;1990-06-03 00:00:00;Bronze;Professional;Y;4
3018;24238243840;Bennett;Barbara;A.;7228 Sierra Ridge;La Mesa;CA;77680;USA;11;651-555-5480;916-555-8673;1930-09-04 00:00:00;M;$10K - $30K;M;3;3;Partial High School;1993-03-06 00:00:00;Normal;Manual;Y;1
3041;24431726592;Smith;Norman;;3770 Dos Encinas;La Mesa;CA;25020;USA;11;771-555-3902;267-555-8238;1948-01-10 00:00:00;S;$30K - $50K;M;5;0;Partial College;1993-04-04 00:00:00;Bronze;Management;Y;2
3042;24432752640;Ashford;Dennis;;5265 Ethan Ct;La Mesa;CA;12732;USA;11;360-555-4938;956-555-6303;1973-02-26 00:00:00;M;$30K - $50K;F;2;0;High School Degree;1994-08-19 00:00:00;Bronze;Manual;Y;4
3227;25790996480;Bouchard;Scott;;1075 San Miguel Circle;La Mesa;CA;76037;USA;11;284-555-3949;419-555-5999;1960-04-01 00:00:00;S;$30K - $50K;F;4;0;Partial College;1991-08-18 00:00:00;Bronze;Skilled Manual;Y;4
3257;26005968896;Mccurry;Angie;L.;7875 Northridge Road;La Mesa;CA;18950;USA;11;485-555-3202;312-555-5709;1966-08-09 00:00:00;S;$110K - $130K;M;4;0;Bachelors Degree;1991-06-15 00:00:00;Bronze;Professional;Y;3
3410;27149395968;Bell;Dorrie;;591 Laguna Street;La Mesa;CA;42409;USA;11;694-555-3146;629-555-8168;1963-08-15 00:00:00;S;$130K - $150K;F;0;0;Partial High School;1991-05-16 00:00:00;Bronze;Management;Y;2
3900;31013337088;Land;Robert;;2672 Viking Drive;La Mesa;CA;20784;USA;11;872-555-3486;545-555-6221;1973-03-22 00:00:00;S;$30K - $50K;F;4;0;High School Degree;1992-01-07 00:00:00;Bronze;Manual;N;2
3935;31237279744;Browning;Margaret;;1061 Carzino Ct;La Mesa;CA;16751;USA;11;308-555-2466;158-555-3601;1972-01-15 00:00:00;M;$10K - $30K;F;1;1;Partial High School;1992-06-02 00:00:00;Normal;Manual;Y;2
4011;31713382400;Brown;Lita;;9948 Almond Avve;La Mesa;CA;13694;USA;11;619-555-6186;754-555-8236;1948-07-19 00:00:00;S;$90K - $110K;F;2;0;High School Degree;1991-09-25 00:00:00;Silver;Professional;Y;2
4036;31874234368;Drewke;Jeffrey;C.;4771 Kenston Dr;La Mesa;CA;53540;USA;11;497-555-7921;501-555-8828;1940-08-11 00:00:00;M;$30K - $50K;M;2;1;High School Degree;1993-11-20 00:00:00;Silver;Manual;Y;2
4051;31955994624;Singleton;Olga;L.;3276 Peterson Place;La Mesa;CA;49412;USA;11;898-555-7512;463-555-7733;1917-02-02 00:00:00;M;$10K - $30K;F;5;0;Partial High School;1992-06-07 00:00:00;Normal;Skilled Manual;Y;2
4227;33241925632;Wagner;Carmen;B.;6990 Holiday Hills;La Mesa;CA;88061;USA;11;572-555-9143;137-555-9365;1943-08-18 00:00:00;S;$130K - $150K;F;1;0;High School Degree;1992-08-24 00:00:00;Bronze;Professional;Y;1
4428;34803052544;Lucas;Lemoyne;B.;7673 Ashley Way;La Mesa;CA;50965;USA;11;541-555-5586;214-555-8322;1920-01-17 00:00:00;S;$10K - $30K;F;3;0;Partial High School;1994-09-16 00:00:00;Normal;Skilled Manual;N;1
4628;36347736064;Bubb;Scott;;2035 Shelly Dr;La Mesa;CA;18551;USA;11;588-555-2940;830-555-7504;1943-03-07 00:00:00;M;$10K - $30K;M;0;0;Partial High School;1991-11-01 00:00:00;Normal;Manual;N;1
4669;36627546112;Scherer;Shirley;C.;7547 Delta Fair Blvd.;La Mesa;CA;92542;USA;11;744-555-5922;286-555-7515;1964-01-23 00:00:00;M;$10K - $30K;F;1;1;Partial High School;1990-12-08 00:00:00;Normal;Skilled Manual;Y;1
4734;37172363264;Bullock;Jason;;7355 Stillwater Ct;La Mesa;CA;89981;USA;11;697-555-3403;677-555-5681;1934-12-14 00:00:00;M;$30K - $50K;M;4;1;Partial College;1991-10-05 00:00:00;Bronze;Skilled Manual;Y;3
4816;37796216832;Davelis;Margaret;;9834 Vista Del Rio;La Mesa;CA;86392;USA;11;798-555-4123;186-555-5944;1977-11-04 00:00:00;M;$70K - $90K;F;0;0;Partial High School;1991-09-04 00:00:00;Bronze;Professional;N;3
4885;38320721920;Rosales;Pearl;;1030 Ada Dr;La Mesa;CA;31843;USA;11;458-555-5222;570-555-8643;1912-02-27 00:00:00;S;$30K - $50K;F;3;0;High School Degree;1991-10-26 00:00:00;Bronze;Manual;Y;3
4934;38655070208;Parker;Fred;;6288 Augustine Dr.;La Mesa;CA;17542;USA;11;384-555-4076;935-555-8183;1965-11-01 00:00:00;S;$10K - $30K;M;0;0;Partial High School;1994-07-11 00:00:00;Normal;Manual;Y;1
4946;38755115008;Santos;Elena;;7650 Central Blvd;La Mesa;CA;28323;USA;11;696-555-7874;631-555-3896;1948-05-17 00:00:00;M;$30K - $50K;F;0;0;High School Degree;1994-05-14 00:00:00;Bronze;Skilled Manual;N;2
4955;38816587776;Teague;Leslie;J.;6466 Appia Ct.;La Mesa;CA;42326;USA;11;285-555-8910;420-555-1960;1974-10-01 00:00:00;S;$30K - $50K;F;3;0;High School Degree;1994-06-25 00:00:00;Bronze;Skilled Manual;Y;2
5180;40554389504;Stedman;Lauern;;7100 Green View Court;La Mesa;CA;20525;USA;11;869-555-4419;542-555-7155;1921-06-10 00:00:00;M;$30K - $50K;F;5;5;High School Degree;1994-02-02 00:00:00;Normal;Manual;Y;4
5486;42918879232;Zywicki;Mark;J.;7288 Corrie Lane;La Mesa;CA;98972;USA;11;673-555-5318;654-555-7597;1925-04-21 00:00:00;M;$10K - $30K;F;3;3;Partial High School;1991-09-09 00:00:00;Normal;Manual;Y;2
5573;43603689472;Patterson;Stephen;D.;6207 Castle Rock Rd.;La Mesa;CA;70375;USA;11;792-555-3663;904-555-7085;1974-04-03 00:00:00;M;$70K - $90K;M;4;0;Bachelors Degree;1991-10-05 00:00:00;Golden;Professional;Y;1
5704;44672851968;Ernst;Donna;;8128 Kane Circle;La Mesa;CA;22170;USA;11;517-555-3575;475-555-7225;1921-10-09 00:00:00;S;$30K - $50K;M;3;0;Bachelors Degree;1992-07-08 00:00:00;Bronze;Professional;Y;2
5789;45389225984;Wittenberg;Shannon;R.;8397 Galveston Ct.;La Mesa;CA;67245;USA;11;745-555-6620;288-555-8213;1915-10-03 00:00:00;M;$70K - $90K;M;0;0;Bachelors Degree;1991-06-27 00:00:00;Bronze;Professional;Y;3
5807;45543030784;Alvarado;Grace;;4621 Candelero Dr.;La Mesa;CA;97451;USA;11;874-555-5733;724-555-6869;1976-05-25 00:00:00;M;$70K - $90K;F;2;0;Bachelors Degree;1991-11-22 00:00:00;Bronze;Management;Y;1
5967;46873104384;Wilson;Judith;A.;7296 Houston Ct.;La Mesa;CA;87002;USA;11;875-555-5810;724-555-6946;1957-11-12 00:00:00;S;$50K - $70K;M;2;0;Bachelors Degree;1991-04-16 00:00:00;Normal;Professional;N;2
6068;47841796096;Newman;Chelsea;B.;1053 Rain Drop Circle;La Mesa;CA;56582;USA;11;827-555-7529;831-555-8436;1929-11-08 00:00:00;M;$30K - $50K;M;5;0;Partial High School;1994-07-11 00:00:00;Silver;Manual;Y;1
6214;49133584384;Mahan;George;J.;9306 Green Street;La Mesa;CA;26227;USA;11;387-555-4852;937-555-8959;1919-03-23 00:00:00;S;$90K - $110K;F;4;0;High School Degree;1991-04-26 00:00:00;Silver;Management;Y;1
6414;50745126912;Else;Laura;;2928 Antone Court;La Mesa;CA;87223;USA;11;673-555-5862;653-555-8141;1927-07-11 00:00:00;M;$30K - $50K;M;1;1;High School Degree;1991-09-19 00:00:00;Bronze;Skilled Manual;Y;3
6432;50837749760;Wheeler;Tom;;1276 Quartermaster;La Mesa;CA;12498;USA;11;231-555-3108;519-555-4929;1968-06-27 00:00:00;S;$50K - $70K;F;1;0;High School Degree;1994-04-08 00:00:00;Bronze;Skilled Manual;N;3
6817;54192136192;Skaggs;Joseph;;9716 Broadmoor Drive;La Mesa;CA;96489;USA;11;769-555-1652;926-555-2330;1955-12-03 00:00:00;M;$110K - $130K;M;3;0;Partial High School;1993-02-25 00:00:00;Bronze;Professional;Y;2
6824;54299992064;Sabosky;Kathryn;M.;1639 Atchinson Stage Ct.;La Mesa;CA;34456;USA;11;519-555-4273;477-555-7923;1936-11-22 00:00:00;M;$50K - $70K;M;4;4;Partial College;1991-11-07 00:00:00;Golden;Clerical;Y;4
6954;55400771584;Fultone;Morgan;T.;5849 Hillview Drive;La Mesa;CA;47150;USA;11;649-555-3307;676-555-2842;1966-10-25 00:00:00;M;$30K - $50K;M;1;0;High School Degree;1993-03-03 00:00:00;Bronze;Skilled Manual;Y;2
6977;55571005440;Farmer;Tara;C.;9735 Sullivan Ave.;La Mesa;CA;83800;USA;11;769-555-1729;266-555-6065;1973-08-07 00:00:00;M;$10K - $30K;M;1;1;Partial High School;1992-01-06 00:00:00;Golden;Skilled Manual;N;0
6978;55573385216;Valentino;Sheila;;1231 Trees Drive;La Mesa;CA;97803;USA;11;119-555-8107;954-555-4129;1934-05-02 00:00:00;S;$50K - $70K;F;4;0;Bachelors Degree;1994-10-12 00:00:00;Golden;Professional;Y;4
7178;57232433152;Monitor;Terry;R.;8131 Olive Hill;La Mesa;CA;90357;USA;11;405-555-9118;671-555-3311;1928-08-12 00:00:00;M;$70K - $90K;F;1;1;Bachelors Degree;1993-10-03 00:00:00;Bronze;Professional;Y;2
7345;58490646528;Byerley;Janice;S.;5341 Arnold Dr.;La Mesa;CA;23877;USA;11;438-555-3752;834-555-8088;1971-08-21 00:00:00;S;$10K - $30K;F;1;0;Partial High School;1993-11-27 00:00:00;Normal;Manual;Y;1
7442;59333066752;Brydonejack;Huie Nook Yen;;3346 Larkwood Ct.;La Mesa;CA;98435;USA;11;697-555-4690;393-555-6054;1913-10-20 00:00:00;S;$10K - $30K;F;0;0;High School Degree;1991-04-19 00:00:00;Normal;Skilled Manual;N;0
7483;59749662720;Yazdani;Cassandra;K.;8604 Dolores Way;La Mesa;CA;73331;USA;11;945-555-2224;180-555-4274;1924-12-26 00:00:00;M;$30K - $50K;M;0;0;Bachelors Degree;1991-03-11 00:00:00;Bronze;Professional;Y;4
7601;60870373376;Burr;Cynthia;E.;5311 Argyll Ave.;La Mesa;CA;81141;USA;11;443-555-7546;839-555-2882;1956-12-16 00:00:00;M;$70K - $90K;F;3;1;Bachelors Degree;1993-04-08 00:00:00;Bronze;Professional;Y;2
7635;61097353216;Vigil;Fredrick;;611 Hilltop Dr.;La Mesa;CA;21799;USA;11;904-555-4790;469-555-5011;1922-06-19 00:00:00;S;$130K - $150K;F;0;0;Partial High School;1991-07-09 00:00:00;Bronze;Professional;N;2
7644;61144408064;Waterhouse;Eli;V.;143 Pecan Pl.;La Mesa;CA;58363;USA;11;213-555-4657;547-555-3735;1920-09-08 00:00:00;S;$30K - $50K;M;4;0;High School Degree;1993-07-13 00:00:00;Bronze;Manual;Y;1
7819;62670016512;Leopard;James;C.;423 Banbury Loop;La Mesa;CA;52931;USA;11;615-555-4092;750-555-6142;1920-03-17 00:00:00;S;$30K - $50K;M;1;0;Partial College;1993-08-10 00:00:00;Bronze;Management;Y;2
7868;63127998464;Barrier;Charles;;3165 Willowwood Ct.;La Mesa;CA;50890;USA;11;869-555-1468;542-555-4204;1959-05-10 00:00:00;M;$30K - $50K;F;4;4;Bachelors Degree;1992-08-17 00:00:00;Silver;Professional;Y;3
7979;63975841792;Pearce;Arlen;D.;7948 Sony Hill Circle;La Mesa;CA;19704;USA;11;616-555-4169;751-555-6219;1946-02-06 00:00:00;S;$70K - $90K;M;2;0;Bachelors Degree;1991-04-07 00:00:00;Bronze;Professional;N;1
8004;64196988928;Shinn;Ashley;L.;7342 Pueblo Dr.;La Mesa;CA;84226;USA;11;494-555-5903;498-555-6810;1976-05-19 00:00:00;S;$70K - $90K;F;4;0;Bachelors Degree;1994-08-15 00:00:00;Normal;Management;N;3
8171;65824702464;Valdez;Martha;E.;9099 Warmcastle Ct.;La Mesa;CA;43844;USA;11;618-555-4323;752-555-6373;1926-05-14 00:00:00;S;$90K - $110K;F;1;0;Partial High School;1991-01-28 00:00:00;Bronze;Management;Y;2
8196;66070794240;Steppler;Kirk;A.;6459 North Park Court;La Mesa;CA;66216;USA;11;842-555-3133;185-555-7697;1946-01-28 00:00:00;M;$130K - $150K;F;0;0;Bachelors Degree;1990-07-20 00:00:00;Bronze;Professional;Y;2
8342;67465187328;Kamp;Shay;C.;7369 Mayhew Way;La Mesa;CA;86785;USA;11;955-555-3380;367-555-3830;1964-03-16 00:00:00;M;$70K - $90K;F;2;0;High School Degree;1991-07-06 00:00:00;Bronze;Professional;Y;4
8396;67928096768;Powers;Kevin;J.;8165 Blackridge Dr.;La Mesa;CA;77277;USA;11;538-555-3569;211-555-6305;1917-11-04 00:00:00;S;$10K - $30K;M;3;0;Partial High School;1990-04-24 00:00:00;Normal;Skilled Manual;N;2
8490;68834820096;Zastrow;Rob;M.;2910 Boyd;La Mesa;CA;21524;USA;11;341-555-8609;368-555-8145;1966-04-14 00:00:00;S;$70K - $90K;M;3;0;Graduate Degree;1991-08-21 00:00:00;Normal;Professional;Y;1
8542;69299986432;Harberhern;Robert;L.;6465 S. 97th Street;La Mesa;CA;97846;USA;11;339-555-4470;319-555-6749;1927-01-20 00:00:00;S;$30K - $50K;F;3;0;High School Degree;1991-05-26 00:00:00;Bronze;Skilled Manual;N;3
8560;69410914304;Bayat;Pieter;F.;2158 Carrick Ct.;La Mesa;CA;45149;USA;11;800-555-1636;188-555-3458;1944-08-18 00:00:00;S;$70K - $90K;F;3;0;High School Degree;1993-11-22 00:00:00;Bronze;Professional;N;1
8629;70022348800;Carbone;Ron;;5844 Linden Land;La Mesa;CA;59326;USA;11;460-555-2736;572-555-6157;1930-08-12 00:00:00;M;$150K +;F;2;2;High School Degree;1992-02-15 00:00:00;Golden;Professional;Y;3
8924;73264807936;Schumer;William;;8478 Logan Ct.;La Mesa;CA;23452;USA;11;210-555-5591;544-555-4669;1920-03-10 00:00:00;M;$30K - $50K;M;4;4;High School Degree;1994-07-02 00:00:00;Golden;Skilled Manual;Y;3
9005;74116734976;Gutierrez;Leila;V.;2282 Bellord Ct.;La Mesa;CA;66443;USA;11;181-555-1954;623-555-3547;1916-05-23 00:00:00;M;$50K - $70K;M;0;0;Bachelors Degree;1993-06-16 00:00:00;Bronze;Management;N;3
9023;74243907584;Springs;Terry;;5064 South Villa Way;La Mesa;CA;60284;USA;11;306-555-1146;156-555-2282;1963-02-26 00:00:00;S;$30K - $50K;M;2;0;Partial College;1993-12-26 00:00:00;Bronze;Professional;N;2
9099;75081228288;Atkins;Karen;;3953 Inverness Dr.;La Mesa;CA;58842;USA;11;617-555-4867;752-555-6917;1954-11-13 00:00:00;S;$10K - $30K;M;1;0;Partial High School;1991-08-03 00:00:00;Normal;Skilled Manual;N;2
9124;75445477376;Graham;Carole;F.;1314 Greenview Court;La Mesa;CA;50948;USA;11;496-555-6601;499-555-7508;1955-08-11 00:00:00;S;$10K - $30K;M;0;0;Partial High School;1994-04-06 00:00:00;Normal;Manual;Y;2
9533;79669403648;Oliver;Jacqueline;R.;7119 Concord;La Mesa;CA;58252;USA;11;747-555-4134;290-555-5727;1967-09-07 00:00:00;M;$30K - $50K;F;5;2;High School Degree;1992-09-02 00:00:00;Bronze;Manual;Y;4
9551;79866773504;Singh;Kurt;P.;1312 Skycrest Drive;La Mesa;CA;59673;USA;11;876-555-3247;726-555-4383;1943-07-15 00:00:00;M;$10K - $30K;M;2;1;Partial High School;1994-05-18 00:00:00;Normal;Skilled Manual;N;0
9657;81089339392;Hintz;Robert;M.;7164 Mepham Drive;La Mesa;CA;44910;USA;11;483-555-6767;310-555-9274;1927-08-06 00:00:00;M;$30K - $50K;F;2;2;High School Degree;1993-01-01 00:00:00;Bronze;Manual;N;1
9927;83824386048;Hatton;Peter;;5716 Weatherly  Drive;La Mesa;CA;25346;USA;11;594-555-2545;113-555-5509;1976-08-10 00:00:00;M;$70K - $90K;M;5;5;Bachelors Degree;1993-11-19 00:00:00;Silver;Professional;Y;4
10087;85344575488;Begley;James;O.;1670 McElroy;La Mesa;CA;35303;USA;11;594-555-2622;114-555-5586;1957-02-02 00:00:00;M;$10K - $30K;F;3;1;Partial High School;1991-04-10 00:00:00;Normal;Manual;Y;1
10182;86327681024;Billingsley;Wendy;H.;3753 Shenandoah Drive;La Mesa;CA;32236;USA;11;384-555-2834;934-555-6941;1918-03-05 00:00:00;M;$50K - $70K;F;0;0;Partial High School;1992-10-20 00:00:00;Bronze;Manual;Y;3
